baicalin not found
blood-spinal not found
pi3k not found
scutellariae not found
beattie not found
bresnahan not found
κb not found
sh-sy5y not found
zo-1 not found
apoptosis-related not found
factor-κb not found
ly294002 not found
xi'an not found
jiaotong not found
Found 257 vecs for 283 words
hoxa11-as not found
microglia-induced not found
rnas not found
lncrnas not found
lncrna not found
weight-drop not found
lv-hoxa11-as not found
interleukin-1β not found
pcdna-hoxa11-as not found
mir-124-3p not found
sh-mdk not found
mdk not found
tlr4-nuclear not found
mir-124-3p-mediated not found
mir-124-3p-mdk not found
smu-2019-042 not found
Found 249 vecs for 275 words
n-acetylcysteine not found
dopamine-induced not found
cell-transplantation not found
free-based not found
Found 283 vecs for 287 words
-( not found
sprague-dawley not found
a-779 not found
rotenone-treated not found
3-methyladenine not found
)/ not found
dwsy-2000932 not found
Found 295 vecs for 315 words
lindl not found
Found 152 vecs for 158 words
’s not found
mitostress not found
mitotracker not found
Found 319 vecs for 324 words
gci not found
bdnf not found
tropomyosin-related not found
trkb not found
four-vessel not found
aeei-2015-139 not found
Found 242 vecs for 256 words
baculoviral not found
wallerian not found
schwann not found
birc3 not found
apoptosis-inhibiting not found
schwan not found
nantong not found
2019-nsfc004 not found
Found 231 vecs for 252 words
lbds not found
mantel-cox not found
adp-ribose not found
lbd not found
parthanatos not found
8-oxo-7,8-dihydro-2 not found
'- not found
8-oxo-dg not found
adrc not found
t1705 not found
Found 337 vecs for 349 words
meg3 not found
reoxygenation-treated not found
ht22 not found
mir-181c-5p not found
autophagy-related not found
atg7 not found
zhengzhou not found
xf20190538 not found
Found 229 vecs for 251 words
circlphn3 not found
circrnas not found
hemin-treated not found
bend.3 not found
zo-2 not found
mir-185-5p not found
dual-luciferase not found
hemin-induced not found
proteins' not found
chongqing not found
2021-177 not found
Found 227 vecs for 256 words
neurotensin-polyplex not found
6-hydroxydopamine-induced not found
hcdnf not found
secretable not found
hydroxylase-positive not found
+) not found
βiii-tubulin not found
growth-associated not found
phospho-s41 not found
gap43p not found
%) not found
drug-activated not found
nanoparticle-mediated not found
avanzados not found
162-15 not found
Found 287 vecs for 311 words
pathways’ not found
Found 195 vecs for 199 words
hottip not found
hoxa not found
oxygen-glucose not found
deprivation-induced not found
1-methyl-4-phenylpyridium not found
1-methyl-4-phenyl-1,2,3,6-tetrahydropyridine not found
mptp not found
bv2 not found
c57bl not found
sh-hottip not found
foxo1 not found
kappa-b not found
lrr not found
pyd not found
domains-containing not found
mir-615-3p not found
+- not found
foxo1-mediated not found
qingdao not found
udx-2018-042 not found
Found 197 vecs for 229 words
p23h-1 not found
(-)- not found
egcg not found
catechin-based not found
blood-retinal not found
n-methyl-d-aspartate not found
h2o2-induced not found
p23h not found
p160 not found
b-wave not found
s-transferase not found
ceica not found
zaragoza not found
pi12 not found
Found 348 vecs for 374 words
otx2 not found
rgc not found
homeoprotein not found
rgcs not found
comie not found
d'eιthique not found
00702.01 not found
ministere not found
l'enseignement not found
Found 246 vecs for 268 words
neurotransmissions not found
dyshomeostasis not found
Found 307 vecs for 318 words
krüppel-like not found
kruppel-like not found
klf7 not found
aav-klf7 not found
)- not found
jak2 not found
stat3 not found
ag490 not found
mrna not found
5-bromo-2 not found
deoxyuridine-positive not found
mudanjiang not found
mdjyxy-2018-0012 not found
Found 338 vecs for 376 words
cognition-enhancing not found
monophosphate-activated not found
Found 319 vecs for 323 words
patients' not found
factor-α not found
pzshutcm191108014 not found
Found 214 vecs for 218 words
line-derived not found
hippocampal-related not found
hypothalamus-pituitary not found
cell-line-derived not found
Found 206 vecs for 212 words
qianghuo not found
shengshi not found
mapks not found
creb not found
ethnopharmacological not found
qsd not found
hplc not found
)) not found
Found 297 vecs for 320 words
mir-182 not found
nf-κb not found
gpr39 not found
tnfα not found
il-6 not found
mirnas not found
mir-96 not found
mir-143 not found
mir-150 not found
Found 259 vecs for 303 words
nfκb not found
ccl2 not found
ccr2 not found
scutellaria not found
georgi not found
thounds not found
mcao not found
bederson not found
5-triphenyl not found
western-blot not found
perdiction not found
lps-induced not found
iκbα not found
post-cerebral not found
il6 not found
il13 not found
ifng not found
il1a not found
ischemia-induced not found
Found 308 vecs for 350 words
tms-induced not found
Found 230 vecs for 231 words
aewc-20140615-002 not found
Found 175 vecs for 176 words
pgc-1α not found
proliferator-activated not found
diseases-like not found
Found 329 vecs for 340 words
celeboxib-mediated not found
Found 141 vecs for 142 words
microrna-29b not found
micrornas not found
mir-29b not found
zea-longa not found
antagomir not found
caspase3 not found
pc12 not found
mir-29 not found
201709276s not found
Found 252 vecs for 275 words
pre-hypothermia not found
Found 324 vecs for 325 words
nlrp3 not found
nod-like not found
nlrp not found
inflammasome-related not found
gasdermin not found
baotou not found
dwll2019001 not found
Found 194 vecs for 205 words
lc3 not found
lipidation not found
macro-autophagy not found
lc3-associated not found
lando not found
5xfad not found
aβ not found
lando-deficiency not found
tlr4 not found
trem2 not found
wd-domain not found
atg16l not found
lando-deficient not found
Found 325 vecs for 346 words
cirbp not found
sdhb not found
mt-co1 not found
3’utr not found
atp5g3 not found
Found 160 vecs for 168 words
anti-parkinsonian not found
Found 236 vecs for 237 words
6-ohda not found
Found 173 vecs for 177 words
tongluo not found
ferroptosis not found
ctld not found
ogd not found
cd31 not found
grp78 not found
xbp-1 not found
4-phenyl not found
4-pba not found
r-induced not found
sant-1 not found
Found 319 vecs for 348 words
dan-deng-tong-nao not found
ddtnc not found
bmecs not found
ddtnc-csf not found
hplc-dad not found
uplc-q-tof-ms not found
cck-8 not found
ca2 not found
fluo-3 not found
gsk-3β not found
detecteted not found
danshensu not found
puerarin not found
scutellarin not found
wnt-1 not found
gsk3β not found
Found 397 vecs for 446 words
non-psychotomimetic not found
emotionally-motivated not found
bcl2 not found
depletion-induced not found
decline-induced not found
Found 238 vecs for 251 words
pink1 not found
pedunculopontine not found
pten-induced not found
p1ko not found
th-positive not found
acetyltransferase-positive not found
pd-like not found
Found 287 vecs for 299 words
senkyunolide not found
camp-pi3k not found
snh not found
phthalide not found
ligusticum not found
chuanxiong not found
kegg not found
p-creb not found
p-akt not found
p-pdk1 not found
Found 226 vecs for 258 words
geophila not found
scopolamine-induced not found
β-secretase not found
mapt not found
i.m not found
johnst not found
rubiaceae not found
ethnomedicinal not found
pentylcurcumene not found
hydroalcohol not found
grha not found
t-maze not found
locomotion-activity not found
gc-ms not found
gsh not found
8-ohdg not found
bace1 not found
bace2 not found
tnf-α not found
genistin not found
quercetin-3-d-galactoside not found
9,12,15-octadecatrienoic-acid not found
methyl-ester not found
phytol not found
n-hexadecanoic not found
Found 382 vecs for 421 words
qisheng not found
qwf not found
poria not found
schw not found
cinnamomum not found
presl not found
polygala not found
willd. not found
mey. not found
merr. not found
acorus not found
tatarinowii not found
schott not found
lycium not found
ultra-performance not found
aβ1 not found
factor-kappa not found
tnf not found
rdna not found
aβ1-42 not found
inflammation-associated not found
Found 349 vecs for 387 words
antiaris not found
englea not found
moraceae not found
kcn not found
hfa not found
bioassay-guided not found
ic50 not found
biflavonoid not found
3′-4′-bisquercetin-3β-d-diglucoside not found
dpph not found
bisquercetin-diglucoside not found
Found 252 vecs for 269 words
gpr55 not found
rhoa not found
rock2 not found
o-1602 not found
g-protein not found
intracerebroventricular not found
i.c.v. not found
42-induced not found
tunel-positive not found
psd-95 not found
Found 324 vecs for 364 words
bazibushen not found
sirt6 not found
nrf2 not found
ho-1 not found
p53-pgc-1α-tert not found
bzbs not found
aging-associated not found
d-galactose not found
nano2-induced not found
pole-climbing not found
qpcr not found
coactivator-1α not found
oxygenase-1 not found
phospho not found
erythroid-2 not found
lymphoma-2 not found
p-nrf2 not found
Found 333 vecs for 370 words
sprague not found
dawley not found
mmhg not found
lpo not found
gssg not found
Found 292 vecs for 302 words
setd3 not found
vegf not found
nscs not found
Found 247 vecs for 269 words
tat-nr2b9c not found
psd95 not found
cocaine-seeking not found
nmda not found
glun2b not found
seeking-behavior not found
Found 199 vecs for 219 words
carbamylated not found
cepo-fc not found
21-days not found
il-1β not found
Found 210 vecs for 221 words
withdrawal-induced not found
lhb not found
epithalamic not found
glun2b-containing not found
nmdar not found
ro25-6981 not found
bapta-am not found
intra-lhb not found
vehicle-treated not found
excitotoxicity-induced not found
Found 284 vecs for 303 words
brain-protective not found
Found 41 vecs for 43 words
6-hydroxybenzothiazole not found
dyrk1a not found
6-hydroxybenzo not found
thiazol-2-yl not found
3-phenylurea not found
α-syn not found
b27 not found
sf3b1 not found
b20 not found
Found 278 vecs for 308 words
brain-penetrant not found
pharmacophore-merging not found
anti-stroke not found
nbp not found
nmda-induced not found
45f not found
ifenprodil not found
glun1 not found
63.37 not found
Found 240 vecs for 268 words
α5-gabaa not found
44819 not found
hypo-excitability not found
peri-infarct not found
45-min not found
b.i.d not found
neuroscore not found
grip-test not found
Found 226 vecs for 242 words
pm2.5 not found
d-loop not found
pparγ not found
ampk not found
Found 302 vecs for 330 words
etoh not found
gfap not found
s100b not found
na,k-atpase not found
neurotrofic not found
Found 268 vecs for 290 words
pnis not found
pni-induced not found
signal-regulated not found
pni not found
Found 193 vecs for 200 words
innovacion not found
feder-pid2019-106230rb-i00 not found
retics-feder not found
rd16 not found
asturias not found
cantabria not found
farpe-fundaluce not found
generalitat not found
idifeder not found
Found 47 vecs for 56 words
amyloid-β-induced not found
antioxidation not found
aβ-induced not found
arginase-1 not found
chitinase-like not found
Found 213 vecs for 226 words
thioperamide not found
h3r not found
anti-neuroinflammation not found
appswe not found
psen1de9 not found
p-p65 not found
h89 not found
creb-mediated not found
Found 291 vecs for 317 words
ki20227 not found
csf1r not found
bromodeoxyuridine not found
nissl not found
deoxynucleotidyl not found
dutp not found
nick-end not found
labeling-positive not found
stress-associated not found
lanzhou not found
d2020-68 not found
Found 236 vecs for 255 words
epigallocatechin-3-gallate not found
coq10 not found
aluminium-induced not found
wistar not found
chloride-induced not found
alcl3 not found
Found 256 vecs for 274 words
cisplatin-induced not found
ccne not found
ccne-l not found
ccne-h not found
mwmt not found
rotarod not found
Found 326 vecs for 346 words
neurturin not found
neurorophic not found
ret-independent not found
smad not found
Found 331 vecs for 344 words
protocatechuic not found
xist not found
miltiorrhiza not found
bmec not found
anti-pyroptosis not found
rbmecs not found
qrt-pcr not found
pca-treated not found
sirna not found
nima-related not found
mcc950 not found
reperfusion-treated not found
Found 294 vecs for 335 words
ora-pro-nobis not found
pereskia not found
cactaceae not found
frap not found
2,4-ditert-butylphenol not found
fucosterol not found
Found 173 vecs for 185 words
blood-induced not found
p-gsk3β not found
perihematoma not found
nsmc not found
Found 198 vecs for 205 words
gut-brain-axis not found
gut-microbiome-brain not found
Found 283 vecs for 285 words
postconditioning not found
hpc-induced not found
ne-4c not found
svz not found
Found 277 vecs for 288 words
Found 108 vecs for 108 words
udca not found
glycoursodeoxycholic not found
gudca not found
tauroursodeoxycholic not found
tudca not found
embase not found
psychinfo not found
cinahl not found
1β not found
Found 345 vecs for 377 words
radio-therapy not found
Found 129 vecs for 130 words
ferruginol not found
amonomeric not found
a53t not found
sirna-snca not found
αsynuclein not found
1-methyl-4-phenylpyridinium not found
a53t-tg not found
oligomer-induced not found
Found 204 vecs for 216 words
ctb-sap not found
saporin not found
28d not found
post-ctb-sap not found
pltf not found
gs-pathway not found
inflammation-resistant not found
gq-pathway not found
inflammation-sensitive not found
cyclooxygenase-1 not found
inflammatory-associated not found
il-10 not found
2-induced not found
Found 326 vecs for 367 words
prkcsh not found
16,013 not found
circprkcsh not found
sham-treated not found
mir-488 not found
factor-α-treated not found
kyll-20170303 not found
Found 275 vecs for 298 words
alda-1 not found
alda-1-induced not found
aldh2 not found
activation-mediated not found
4-hydroxy-trans-2-nonenal not found
4-hne not found
sci-induced not found
pain-like not found
1,3-benzodioxol-5-ylmethyl not found
2,6-dichlorobenzamide not found
t9-10 not found
algesia not found
neurorepair not found
iacuc not found
iacuc-2019-00864 not found
Found 359 vecs for 399 words
sri-42127 not found
lipopolysaccharide-induced not found
uridine-rich not found
homodimerization not found
lps-activated not found
il1β not found
inos not found
cxcl1 not found
tgf-β1 not found
ym1 not found
Found 280 vecs for 301 words
qtc-4-meobne not found
7-chloroquinolin-4-yl not found
4-methoxybenzyl not found
5-methyl-1h-1,2,3-triazole-4 not found
y-maze not found
nitrosative not found
Found 318 vecs for 339 words
olt1177 not found
il-18 not found
il-1 not found
Found 261 vecs for 280 words
nafamostat not found
hbmvecs not found
hbvecs not found
mmp-9 not found
icam-1 not found
hbmvec not found
Found 213 vecs for 227 words
ca1 not found
rtg not found
p301l not found
phosphate-buffered not found
syxk-bit-school not found
science-2017-m03 not found
Found 244 vecs for 254 words
kit-8 not found
propidium not found
lincrna-p21 not found
tg-interacting not found
tgif1 not found
snca not found
6-ohda-induced not found
rna-binding not found
staufen not found
stau1 not found
stau1-mediated not found
Found 312 vecs for 347 words
astragaloside not found
notoginseng not found
pns not found
borneol-promoting not found
intragastrically not found
rg1 not found
rb1 not found
ⅳ not found
three-drug-combination not found
single-used not found
p-gp not found
mrp-2 not found
mrp-4 not found
mrp-5 not found
remarkedly not found
bornoel not found
oatp not found
Found 827 vecs for 893 words
neat1 not found
nuclear-enriched not found
p53-induced not found
pidd1 not found
caspase-2 not found
cell-counting not found
pidd1-caspase-2 not found
2020-895 not found
Found 462 vecs for 490 words
ischemia-related not found
hypoglycemia-induced not found
Found 217 vecs for 219 words
polygalasaponin not found
glutamate-induced not found
nmdars not found
pgsf not found
pgsf-pretreated not found
nr2a not found
nr2b not found
monophosphate-responsive not found
nanchang not found
2017-0006 not found
Found 191 vecs for 217 words
trans-resveratrol not found
coats-derived not found
2-methoxyethanol not found
2-me not found
neuron-inflammatory not found
biotium not found
gd-19 not found
pre-incubated not found
2-methoxy-ethanol not found
neuroprotective-neurorescuing not found
Found 307 vecs for 332 words
jnk not found
pon2 not found
cml-induced not found
hrecs not found
arpe-19 not found
mmp not found
cyt-c not found
fis1 not found
mfn1 not found
mfn2 not found
dcfda not found
jc-1 not found
cocl2 not found
hrec not found
sp600125 not found
jnk1 not found
jnk-fis1 not found
Found 266 vecs for 298 words
withania not found
bacopa not found
monnieri not found
Found 211 vecs for 214 words
gas5 not found
microrna-150 not found
fosl1 not found
arrest-specific not found
gse8030 not found
gse16658 not found
shrna not found
fos-like not found
antigen-1 not found
shfosl1 not found
microrna not found
agomir not found
n2a not found
pten not found
mtor not found
Found 210 vecs for 250 words
taih not found
Found 251 vecs for 259 words
gdnf-gfrα1-ret not found
sig-1r not found
cmecs not found
bbb-associated not found
glia-derived not found
gdnf not found
bccao not found
pi3k-akt-junction not found
Found 177 vecs for 195 words
myd88 not found
meth-induced not found
meth-treated not found
Found 254 vecs for 269 words
miro1 not found
rho-gtpase not found
miro1-dependent not found
tbi not found
short-interfering not found
co-localized not found
peri-injury not found
fluoro-jade not found
Found 269 vecs for 299 words
camkiiα not found
camkii not found
tatcn21 not found
Found 132 vecs for 139 words
multitarget not found
hydroxychalcones not found
ndds not found
maos not found
mao-a not found
mao-b not found
2′-hydroxychalcones not found
hmao-b not found
bdz-bs not found
γ-aminobutyric not found
gabaa not found
Found 297 vecs for 325 words
keap1 not found
nrf2-are not found
atr-induced not found
bv-2 not found
iba-1 not found
signaling-related not found
il-iβ not found
gsh-px not found
Found 203 vecs for 224 words
oxidase-a not found
bche not found
hmao not found
submicromolar not found
hmao-a not found
Found 223 vecs for 232 words
pd-related not found
Found 195 vecs for 196 words
microrna-128-3p not found
hibd not found
shrna-gas5 not found
mir-128-3p not found
pathway-associated not found
pyknosis not found
Found 244 vecs for 290 words
k-spectral not found
k-sc not found
inter-activity not found
Found 155 vecs for 158 words
crowdsourcer not found
crowdsourcers' not found
gamification-based not found
crowdsourcee not found
yu’er not found
Found 180 vecs for 188 words
popp not found
Found 101 vecs for 102 words
129,326 not found
covid-19 not found
auc not found
Found 176 vecs for 179 words
users’ not found
followee not found
embedding-based not found
Found 225 vecs for 228 words
globoplay not found
Found 332 vecs for 334 words
word2vec-based not found
svm not found
word2vec not found
f-measure not found
Found 265 vecs for 272 words
consumers' not found
greenfluencers not found
Found 158 vecs for 161 words
speecheness not found
Found 279 vecs for 283 words
self-curated not found
svms not found
Found 254 vecs for 257 words
sknn not found
s-sknn not found
q-base not found
q-pop not found
Found 303 vecs for 323 words
opentable not found
Found 49 vecs for 50 words
tweet-related not found
logos-related not found
Found 256 vecs for 259 words
parties’ not found
Found 180 vecs for 184 words
publications’ not found
20,310 not found
Found 134 vecs for 137 words
Found 282 vecs for 282 words
k-nearest-neighbours not found
j48 not found
Found 237 vecs for 242 words
Found 43 vecs for 43 words
adolescents’ not found
Found 187 vecs for 190 words
zhihu not found
Found 333 vecs for 335 words
datafication not found
complementors not found
Found 184 vecs for 187 words
igpp not found
candecomp not found
parafcac not found
Found 215 vecs for 219 words
less-explored not found
movielens not found
pr-auc not found
rce not found
japaneses not found
Found 274 vecs for 279 words
re-ranks not found
Found 286 vecs for 287 words
events’ not found
bi-lstm not found
f1-score not found
Found 226 vecs for 229 words
linkedln not found
Found 149 vecs for 151 words
viewers' not found
Found 308 vecs for 309 words
fmcg not found
Found 125 vecs for 126 words
c4.5 not found
Found 165 vecs for 166 words
Found 57 vecs for 57 words
athppa not found
in-real-time not found
Found 196 vecs for 200 words
bilstm not found
Found 145 vecs for 146 words
consumers’ not found
Found 236 vecs for 240 words
hackster.io not found
mixed-effect not found
Found 182 vecs for 184 words
inter-infection not found
lstm not found
Found 225 vecs for 227 words
populari not found
Found 47 vecs for 49 words
makassar not found
Found 283 vecs for 285 words
low-alcoholic not found
dealcoholization not found
β-amylase not found
prohealth not found
Found 291 vecs for 297 words
re-postings not found
Found 172 vecs for 173 words
ccn not found
icn not found
lce not found
lru not found
lfu not found
cpr-based not found
Found 393 vecs for 405 words
january-april not found
medium-paid not found
Found 202 vecs for 205 words
Found 180 vecs for 180 words
social-tv not found
Found 247 vecs for 248 words
cpdn not found
Found 216 vecs for 219 words
folcloric not found
kuwaity not found
priscriptions not found
genirations not found
illigality not found
repre-sentative not found
obtaine not found
concllusion not found
Found 434 vecs for 442 words
services’ not found
Found 189 vecs for 191 words
systems.1 not found
Found 228 vecs for 229 words
dirichlet not found
Found 276 vecs for 277 words
cnns not found
visual-social not found
vscnn not found
432k not found
Found 292 vecs for 299 words
xplore not found
Found 208 vecs for 209 words
Found 188 vecs for 188 words
pupils’ not found
Found 179 vecs for 181 words
vs’ not found
influen not found
Found 50 vecs for 52 words
hbass not found
st-hbass not found
feature-driven not found
fd-hbass not found
f-score not found
single-tweet not found
Found 267 vecs for 273 words
Found 251 vecs for 251 words
e-retailing not found
Found 226 vecs for 231 words
popularity-driven not found
engagement-driven not found
multi-methods not found
engagement-level not found
Found 264 vecs for 268 words
Found 196 vecs for 196 words
Found 231 vecs for 231 words
point-of-interest not found
popularity-weighted not found
lbsn not found
correlativity not found
Found 227 vecs for 234 words
micro-celebrity not found
Found 100 vecs for 101 words
deep-belief not found
dbn not found
mrse not found
Found 209 vecs for 217 words
:( not found
deepfm not found
user-item not found
Found 339 vecs for 342 words
Found 55 vecs for 55 words
Found 47 vecs for 47 words
Found 185 vecs for 185 words
star-cursed not found
Found 223 vecs for 224 words
(“ not found
”) not found
)— not found
Found 206 vecs for 210 words
artycul not found
ml-driven not found
Found 294 vecs for 300 words
blue-raspberry not found
naturally-blue not found
color-flavor not found
Found 326 vecs for 330 words
topic-interaction not found
topic-networks not found
topic-network not found
Found 205 vecs for 211 words
socialccn not found
mesoccn not found
mapp not found
Found 162 vecs for 169 words
fuzzy-set not found
fsqca not found
Found 232 vecs for 234 words
subjects’ not found
ad-media not found
Found 184 vecs for 187 words
celebrities' not found
state-trait not found
pls-sem not found
celebrities’ not found
Found 212 vecs for 220 words
Found 168 vecs for 168 words
trends’ not found
cyclists’ not found
Found 48 vecs for 50 words
Found 206 vecs for 206 words
abstractintroduction not found
eszterhazy not found
karoly not found
thepopularity not found
well-identifiable not found
ofuniversity not found
theawareness not found
mainlyexpressed not found
:// not found
10.24040 not found
sjss.2020.6.2.63-71 not found
Found 415 vecs for 432 words
deepblue not found
bi-layered not found
user-reputation not found
state-of-the-arts not found
Found 227 vecs for 236 words
Found 358 vecs for 360 words
popularity-mitigation not found
beyond-accuracy not found
Found 222 vecs for 226 words
Found 213 vecs for 215 words
Found 134 vecs for 135 words
hollywood-owned not found
Found 241 vecs for 242 words
digital-trace not found
participants' not found
five’ not found
Found 167 vecs for 172 words
hashtag-influence-based not found
event-fitting not found
xgboost not found
event-structure-based not found
Found 236 vecs for 241 words
Found 327 vecs for 330 words
rc-tweet not found
rc-circuit not found
Found 228 vecs for 235 words
prototypicality not found
gender-typical not found
gender-atypical not found
popularity-related not found
Found 232 vecs for 239 words
inter-price not found
7,108 not found
Found 180 vecs for 182 words
skip-gram not found
predi not found
Found 40 vecs for 43 words
rbf not found
Found 123 vecs for 128 words
Found 289 vecs for 289 words
tv-news not found
tv-managers not found
Found 211 vecs for 213 words
post-choice not found
Found 175 vecs for 177 words
gbt not found
rmse not found
Found 295 vecs for 299 words
view-counts not found
view-count not found
ftrl not found
Found 266 vecs for 271 words
classifiers-a not found
226,668 not found
wordcloud not found
Found 381 vecs for 388 words
Found 177 vecs for 180 words
infanthood not found
spike-wave not found
intellicage not found
pn9 not found
swd not found
Found 308 vecs for 322 words
mate-value not found
perceivers' not found
non-made-up not found
wearers' not found
Found 229 vecs for 235 words
trauma-exposed not found
Found 187 vecs for 188 words
schedule-induced not found
300-s not found
dominant-ranked not found
Found 343 vecs for 346 words
Found 201 vecs for 201 words
triarchic not found
septarchic not found
tripm not found
seven-factor not found
hurting’ not found
callous’ not found
antisocial’ not found
impulsive’ not found
Found 195 vecs for 212 words
width-to-height not found
fwhr not found
Found 214 vecs for 217 words
transdiagnostic not found
Found 177 vecs for 178 words
middle-lane not found
Found 142 vecs for 144 words
affect-related not found
microtus not found
ochrogaster not found
stress-coping not found
stressor-induced not found
Found 291 vecs for 296 words
Found 197 vecs for 198 words
face-object not found
erps not found
n170 not found
Found 190 vecs for 194 words
infants’ not found
mothers’ not found
fathers’ not found
cpb not found
parents’ not found
Found 149 vecs for 165 words
act-nomination not found
machiavellianism not found
targets' not found
Found 243 vecs for 246 words
short-latency not found
callous-unemotional not found
emg not found
500-ms not found
1500-ms not found
high-cu not found
Found 285 vecs for 299 words
cwb-i not found
Found 201 vecs for 203 words
macanese not found
strain-delinquency not found
adolescents' not found
Found 189 vecs for 193 words
%- not found
Found 208 vecs for 214 words
life-domains not found
dsm-v not found
psqi not found
epworth not found
Found 231 vecs for 235 words
23,630 not found
Found 396 vecs for 397 words
(> not found
Found 333 vecs for 340 words
high-pt not found
low-pt not found
Found 201 vecs for 204 words
Found 252 vecs for 252 words
miomantis not found
Found 285 vecs for 286 words
alcohol-violence not found
partners' not found
ivr not found
prior-day not found
cross-approximate not found
couple-specific not found
alcohol-causes-violence not found
Found 333 vecs for 347 words
orientation-based not found
Found 318 vecs for 320 words
employees’ not found
Found 48 vecs for 50 words
Found 318 vecs for 318 words
adherents’ not found
Found 244 vecs for 245 words
victims’ not found
perspecti not found
Found 41 vecs for 43 words
fsd2943 not found
11,364 not found
Found 307 vecs for 309 words
suaq not found
abelii not found
tuanan not found
socioecology not found
female-resisted not found
unflanged not found
now-or-never’ not found
not-you-now’ not found
Found 337 vecs for 345 words
reactive-proactive not found
Found 191 vecs for 192 words
Found 234 vecs for 237 words
meta-synthesize not found
2019-2021 not found
Found 249 vecs for 251 words
psychopathophysiology not found
wechsler not found
conners’ not found
c.b.c.l. not found
radio-immune not found
11.826 not found
19.619 not found
Found 246 vecs for 253 words
polyvictimization not found
students' not found
Found 292 vecs for 297 words
evaluative-attitude-change not found
Found 169 vecs for 170 words
lsf not found
Found 152 vecs for 154 words
neolamprologus not found
multifasciatus not found
tanganyika not found
noncaregiving not found
female-held not found
subterritories not found
subterritory not found
groups' not found
Found 238 vecs for 247 words
alcohol-intoxicated not found
witnesses’ not found
Found 47 vecs for 49 words
hypoarousal not found
coinhibition not found
Found 173 vecs for 178 words
wh-r not found
multi-wave not found
employee-coworker not found
employee-supervisor not found
Found 238 vecs for 242 words
situational-level not found
Found 336 vecs for 339 words
11,248 not found
henan not found
Found 239 vecs for 242 words
male-directed not found
females’ not found
noverall not found
males’ not found
participants’ not found
bohner not found
female-perpetrated not found
Found 245 vecs for 253 words
offences-including not found
ostracism-which not found
others' not found
Found 245 vecs for 248 words
status-dependent not found
status-enhancing not found
trial-wise not found
Found 224 vecs for 229 words
environmentally-driven not found
chemogenetic not found
engagement.significance not found
Found 337 vecs for 345 words
Found 46 vecs for 46 words
cts2-ca not found
pdap not found
interparental not found
scale-revised not found
moderated-mediation not found
Found 371 vecs for 379 words
affect-biased not found
non-esa not found
neutral-threat not found
neutral-lipsmacking not found
lipsmacking not found
Found 276 vecs for 284 words
ebipq not found
eurofit not found
sit-and-reach not found
dynamometry not found
Found 326 vecs for 331 words
within-individual not found
Found 46 vecs for 47 words
Found 49 vecs for 49 words
Found 48 vecs for 50 words
Found 46 vecs for 46 words
fat’ not found
Found 54 vecs for 57 words
0.297 not found
0.334 not found
asi-hostile not found
asi-benevolent not found
0.296 not found
Found 355 vecs for 362 words
surgency not found
Found 47 vecs for 48 words
nflemish not found
ndutch not found
data-for not found
study-to not found
Found 200 vecs for 204 words
’m not found
examination-questionnaire not found
spss not found
guilford not found
multiple-group not found
Found 299 vecs for 305 words
dicotyles not found
tajacu not found
individuals’ not found
Found 223 vecs for 228 words
agnew not found
Found 56 vecs for 58 words
hbsc not found
Found 206 vecs for 207 words
homi not found
Found 43 vecs for 44 words
Found 52 vecs for 52 words
pre-escalation not found
qba not found
pc1 not found
pc2 not found
pc3 not found
χ24.3 not found
Found 378 vecs for 389 words
stop-signal not found
Found 263 vecs for 264 words
1.691 not found
importancer not found
Found 219 vecs for 223 words
phdcn not found
ipv not found
llca not found
non-ipv-exposed not found
ipv-exposed not found
life-course-persistent not found
Found 278 vecs for 297 words
cluster-randomized not found
bystander-based not found
time-framed not found
Found 309 vecs for 316 words
Found 60 vecs for 60 words
%.. not found
Found 47 vecs for 48 words
multi-informant not found
cross-lagged not found
child-driven not found
teachers’ not found
parent-driven not found
Found 297 vecs for 307 words
uni-male not found
um-mf not found
,” not found
consortship not found
Found 298 vecs for 309 words
Found 56 vecs for 56 words
Found 324 vecs for 325 words
male-against-female not found
evaluat not found
Found 44 vecs for 47 words
pre-aggressive not found
Found 204 vecs for 205 words
ipv-related not found
non-ipv not found
Found 243 vecs for 255 words
Found 255 vecs for 263 words
head-load not found
kumasi not found
carriers' not found
victims' not found
Found 295 vecs for 313 words
zimbardo not found
Found 211 vecs for 212 words
asd-like not found
isrs not found
cue-response not found
human-analogue not found
Found 362 vecs for 368 words
Found 289 vecs for 289 words
non-fep not found
Found 202 vecs for 203 words
Found 48 vecs for 48 words
Found 189 vecs for 191 words
syntopic not found
nonmutually not found
urophonius not found
brachycentrus not found
achalensis not found
y-mazes not found
single-signal not found
males' not found
pheromones' not found
indiscriminateness not found
Found 332 vecs for 346 words
diathesis-stress not found
conners-burrow not found
klomek not found
ttofi not found
Found 197 vecs for 202 words
minority-predominant not found
Found 237 vecs for 238 words
workers' not found
ies-r-k not found
4.548 not found
7.297 not found
=- not found
8.639 not found
Found 280 vecs for 290 words
Found 40 vecs for 40 words
Found 230 vecs for 230 words
Found 120 vecs for 124 words
Found 230 vecs for 230 words
boys’ not found
Found 210 vecs for 211 words
roastme not found
') not found
metapragmatic not found
Found 180 vecs for 184 words
owners’ not found
Found 404 vecs for 413 words
dysraphism not found
cpap not found
nicu not found
ventriculoperitoneal not found
Found 319 vecs for 326 words
surgical-related not found
hypotrophy not found
electroneuromyography not found
enmg not found
Found 176 vecs for 181 words
Found 112 vecs for 112 words
savf not found
amygdalohippocampectomy not found
Found 267 vecs for 274 words
patients’ not found
iqr not found
duraplasty not found
Found 336 vecs for 340 words
hemilaminectomy not found
Found 195 vecs for 199 words
upendra not found
devkota-the not found
subspecialty-based not found
Found 129 vecs for 132 words
Found 109 vecs for 109 words
petrosectomy not found
incisura not found
Found 299 vecs for 302 words
Found 273 vecs for 278 words
simulations-fewer not found
requisiste not found
microneurosurgical not found
hoz not found
microneurosurgery not found
complications. not found
Found 258 vecs for 266 words
supraorbital-eyebrow not found
microinspection not found
resection.1-5 not found
Found 115 vecs for 120 words
donabedian not found
Found 90 vecs for 91 words
neurochirurgica not found
neurochirurgica’ not found
acta’ not found
neurosurgery’ not found
world’ not found
endoscopy’ not found
skull-base’ not found
skull-base not found
subspecialisation not found
Found 290 vecs for 302 words
phakomatoses not found
Found 83 vecs for 84 words
Found 310 vecs for 313 words
patau not found
klinefelter not found
47,xxy not found
velocardiofacial not found
digeorge not found
Found 94 vecs for 99 words
transcallosal-transchoroidal not found
transcallosal not found
transchoroidal not found
subchoroidal not found
choroidea not found
mulberry-like not found
neuromonitoring not found
rhoton not found
aans not found
Found 419 vecs for 429 words
fluorescein-aided not found
cysticercal not found
Found 134 vecs for 136 words
telemedicine-specific not found
likelihood-to-recommend not found
0.218 not found
Found 307 vecs for 312 words
ionm not found
bscm not found
motor-evoked not found
somatosensory-evoked not found
sseps not found
ssep not found
Found 144 vecs for 157 words
single-trajectory not found
neuroendoscopy not found
tiantan not found
neuroendoscopic not found
pineoblastomas not found
non-germinomatous not found
ng-gcts not found
α-fetoprotein not found
ng-gct not found
astocytomas not found
marker-negative not found
Found 338 vecs for 353 words
prisma not found
Found 305 vecs for 307 words
radiculopathies not found
spondylotic not found
deroofing not found
Found 301 vecs for 304 words
yo-ifos not found
otolaryngologists-international not found
otorhinolaryngological not found
trans-oral not found
bi-maxillary not found
trainees’ not found
Found 311 vecs for 321 words
post-infusion not found
Found 209 vecs for 211 words
airo not found
surface-matching not found
Found 296 vecs for 300 words
piezotome not found
piezosurgery not found
240.13 not found
135.07 not found
Found 242 vecs for 252 words
neurocytoma not found
neurocytomas not found
vascularize not found
Found 223 vecs for 230 words
chitosan-based not found
haemostat not found
bio-polymer not found
Found 268 vecs for 288 words
inph not found
medtronic not found
mini-mental not found
Found 296 vecs for 304 words
annuradha not found
srijon not found
mukherji not found
springerlink not found
Found 50 vecs for 57 words
future-making not found
Found 285 vecs for 286 words
37-yr-old not found
retrosigmoid not found
debulked not found
6-mo not found
Found 328 vecs for 332 words
indirect-navigated not found
un-navigated not found
operator-dependent not found
Found 287 vecs for 293 words
avms not found
skull-eroding not found
25-yr-old not found
spetzler-martin not found
avm not found
noneloquent not found
Found 269 vecs for 281 words
microscopic-endoscopic not found
transmastoid not found
bone.1 not found
hyperostotic not found
retro-meatal.2 not found
petroclival not found
nerve.2-4 not found
cerebellopontine not found
angle.5 not found
sinus.2,6 not found
retraction.6,7 not found
56-yr-patient not found
1:36 not found
al-mefty not found
lww not found
Found 218 vecs for 235 words
non-teriparatide not found
2.12-fold not found
2.23-fold not found
pseudoarthrosis not found
Found 536 vecs for 542 words
acdf not found
revman not found
rcts not found
bazaz not found
Found 260 vecs for 267 words
contrast-induced not found
iso-osmolar not found
visipaque not found
hyperdensity not found
t2wi not found
Found 285 vecs for 292 words
Found 215 vecs for 215 words
uias not found
aneurysm-years not found
Found 255 vecs for 269 words
sars-cov-2 not found
ciap not found
bnt162b2 not found
®) not found
pfizer-biontech not found
electroneurographic not found
cnap not found
th2 not found
Found 192 vecs for 205 words
camillo not found
1861-1927 not found
babinski not found
1857-1932 not found
faradic not found
Found 157 vecs for 164 words
Found 153 vecs for 153 words
abdominoperineal not found
sphincter-saving not found
aprs not found
Found 139 vecs for 142 words
subtonsillar not found
transcerebellomedullary not found
luschka not found
Found 114 vecs for 121 words
non-dopaminergic not found
extranigral not found
sdq not found
freezing-of-gait not found
0.594 not found
levodopa-resistant not found
Found 231 vecs for 242 words
lipomyelomeningocele not found
lmmc not found
extra-spinal not found
laminar-fascial not found
kaplan-meier not found
deterioration-free not found
Found 294 vecs for 308 words
erenumab not found
mmds not found
teaes not found
rrs not found
Found 308 vecs for 329 words
1.00-21.38 not found
1.08-10.01 not found
noneffective not found
Found 309 vecs for 313 words
hcs not found
hoehn not found
yahr not found
medio-lateral not found
hard-to-trace not found
Found 219 vecs for 224 words
occipitocervical not found
craniocervical not found
odontoideum not found
implant-related not found
Found 270 vecs for 291 words
creactive not found
no-nsh not found
icus not found
propensity-score not found
1:3 not found
gos-e not found
neuro-oriented not found
Found 294 vecs for 320 words
park-bench not found
knee-chest not found
Found 245 vecs for 247 words
bms not found
cox-proportional not found
0.04-0.6 not found
0.01-0.39 not found
0.02-1.00 not found
2.58-17.42 not found
Found 301 vecs for 309 words
crd42020197187 not found
eras-like not found
non-eras not found
Found 281 vecs for 288 words
pedsleep not found
Found 247 vecs for 252 words
videonystagmography not found
vng not found
made.we not found
2.8:1 not found
hallpike not found
Found 259 vecs for 270 words
tcts not found
Found 293 vecs for 299 words
pneumocephalus not found
cranialization not found
nasoseptal not found
Found 171 vecs for 182 words
task-shifting not found
Found 221 vecs for 222 words
diagnosis-a not found
“- not found
Found 46 vecs for 48 words
retractor-assisted not found
transventricular not found
gpas not found
Found 235 vecs for 241 words
mccs not found
prepost not found
preintervention not found
Found 276 vecs for 281 words
bni not found
spetzler not found
Found 283 vecs for 288 words
neuroanesthesiologists' not found
neuroanesthesiologists not found
Found 266 vecs for 268 words
cervico-thoracic not found
Found 350 vecs for 362 words
pubmed-indexed not found
non-english-language not found
neurosurgery-specific not found
Found 265 vecs for 268 words
stereoelectroencephalography not found
seeg not found
Found 258 vecs for 267 words
mmd not found
y.a. not found
0.6-1 not found
Found 230 vecs for 236 words
post-authorization not found
adenovector-based not found
demyelinate not found
covid-19-vaccinated not found
Found 219 vecs for 229 words
mansur not found
shirazi not found
1380-1422 not found
dedicative not found
Found 127 vecs for 134 words
3-t not found
t1-weighted not found
single-scan not found
post-comparison not found
microbleed not found
extra-axial not found
swi-scan not found
Found 238 vecs for 252 words
Found 252 vecs for 253 words
peritumoral not found
cd4 not found
th1 not found
cd8 not found
t-helper not found
pd-1 not found
pd-1l not found
tumor-infiltrating not found
Found 213 vecs for 224 words
implant-associated not found
ssis not found
22.5d not found
11.1y not found
(≤ not found
12w not found
thoraco not found
-) not found
lumbo not found
(- not found
Found 361 vecs for 382 words
°) not found
0.994 not found
0.990 not found
0.984 not found
experts’ not found
Found 299 vecs for 305 words
siacs not found
outpouchings not found
0.93:1 not found
marsupialization not found
cystoarachnoid not found
cystoperitoneal not found
Found 241 vecs for 255 words
2016-2019-a not found
pre-stroke not found
Found 354 vecs for 359 words
0.449 not found
eat-10 not found
Found 307 vecs for 310 words
Found 211 vecs for 218 words
irb-approved not found
3drs not found
patient-family not found
Found 247 vecs for 258 words
exoscope not found
hd-2d not found
foraminotomy not found
Found 279 vecs for 294 words
mini-pterional not found
authors' not found
extraaxial not found
parasellar not found
intraaxial not found
endoscope-assisted not found
gross-total not found
Found 505 vecs for 532 words
hydrodissection not found
neurohydatidosis not found
nonendemic not found
dowling-orlando not found
Found 109 vecs for 115 words
balkányi-lepintre not found
1912-1982 not found
balkanyi-lepintre not found
l'hopital not found
pitie not found
staatspolizei not found
cranio-cerebral not found
necker-enfants not found
Found 260 vecs for 269 words
micro-decompression not found
optic-chiasmatic not found
craneofacial not found
Found 102 vecs for 106 words
0.807 not found
0.715-0.899 not found
0.788 not found
n-pib not found
Found 314 vecs for 318 words
csvt not found
mrv not found
lumboperitoneal not found
onsf not found
Found 284 vecs for 291 words
hbsh not found
weipu not found
wanfang not found
Found 315 vecs for 321 words
Found 132 vecs for 135 words
bscms not found
univariable not found
0-xii not found
non-surgery not found
0-iii not found
vii-x not found
clinician-friendly not found
Found 257 vecs for 271 words
hemichorea not found
18fdg not found
pet-ct not found
choreatic not found
Found 148 vecs for 155 words
eano-grading not found
68ga-dotatoc not found
resection-margin not found
68ga not found
dotatoc not found
traceably not found
rigshospitalet not found
Found 270 vecs for 278 words
salomón not found
1922-2011 not found
salomon not found
surgeon-scientist not found
Found 186 vecs for 191 words
psychrobacter not found
piechaudii not found
moraxellaceae not found
ex-premature not found
Found 153 vecs for 164 words
motorcycle-associated not found
6.7:1 not found
Found 253 vecs for 263 words
transpterygoid not found
meckel not found
hadad-bassagasteguy not found
hbf not found
meningo-encephalocele not found
ispilateral not found
Found 158 vecs for 172 words
uch-l1 not found
s100 not found
mtbi not found
quadas-ii not found
87-94 not found
50-72 not found
41-91 not found
43-90 not found
73-99 not found
12-68 not found
Found 342 vecs for 369 words
screening-based not found
Found 140 vecs for 141 words
)” not found
Found 292 vecs for 303 words
nanoplastics not found
daf-16 not found
prdx-2 not found
grk-2 not found
peroxiredoxin-2 not found
nps-induced not found
foxo not found
Found 198 vecs for 210 words
17β-trenbolone not found
17β-tboh not found
balb not found
activity-rest not found
sleep-wake-related not found
edcs not found
Found 263 vecs for 275 words
tetrabromobisphenol not found
tbbps not found
bfr not found
circadian-driven not found
hpf not found
mnlc not found
per1a not found
per1b not found
per3 not found
cry2 not found
csnk1da not found
clocka not found
clockb not found
cry4 not found
cry1ba not found
arntl1a not found
cank1db not found
Found 254 vecs for 279 words
noaf not found
Found 127 vecs for 133 words
gender-matched not found
alff not found
morningness-eveningness not found
nmv not found
osfg not found
rscn-smg not found
Found 268 vecs for 279 words
bsds not found
dlmo not found
ema-assessed not found
Found 314 vecs for 319 words
Found 187 vecs for 187 words
obesity-induced not found
appetite-regulating not found
npy not found
agrp not found
pomc not found
Found 297 vecs for 303 words
zeitgeber not found
plx5622 not found
nrem not found
fractalkine not found
cx3cr1 not found
cx3cr1gfp not found
plx5622-treated not found
phase-dependent not found
Found 226 vecs for 237 words
arntl not found
nr1d1 not found
per1 not found
per2 not found
Found 292 vecs for 296 words
clock-controlled not found
osteoblast-related not found
wnt-signaling not found
sost not found
dkk1 not found
zt2 not found
zt14 not found
microct not found
histomorphometry not found
microct-based not found
endocortical not found
Found 321 vecs for 345 words
Found 264 vecs for 264 words
periparturient not found
Found 162 vecs for 163 words
yanson not found
ofhelicobacter not found
pyloriand not found
Found 292 vecs for 295 words
6:10 not found
18:10 not found
bmal1 not found
cosinor not found
acrophase not found
Found 259 vecs for 268 words
controllers' not found
compressed’ not found
atcos not found
atcos' not found
Found 210 vecs for 214 words
decabromodiphenyl not found
ethane-induced not found
dbdpe not found
dbdpe-exposed not found
mlt not found
5-mc not found
dbdpe-induced not found
trp1 not found
Found 302 vecs for 329 words
covid-19-related not found
Found 218 vecs for 220 words
longitudinal-group not found
xa-5 not found
Found 192 vecs for 194 words
dlpfc not found
threshold-free not found
gabaergic not found
acidergic not found
Found 272 vecs for 280 words
bio-rhythm not found
photo-adaptation not found
nineteen-wk-old not found
16l not found
6:00-22:00 not found
12l not found
6:00-18:00 not found
20:00-24:00 not found
prl not found
17-beta not found
opn4 not found
9:00 not found
13:00 not found
17:00 not found
21:00 not found
1:00 not found
5:00 not found
Found 373 vecs for 394 words
jtk not found
_ not found
23513 not found
fpkm not found
cry1 not found
rev-erbβ not found
zt0 not found
zt4 not found
6:00-10:00 not found
zt10 not found
16:00-20:00 not found
tgf-β not found
tfs not found
cis-elements not found
d-box not found
e-box not found
b-site not found
y-box not found
scnn1g not found
spp1 not found
atp1b1 not found
Found 362 vecs for 397 words
drug-naive not found
sleep-onset not found
interdaily not found
Found 239 vecs for 242 words
hydroxylase-2 not found
5-ht not found
Found 46 vecs for 50 words
nilaparvata not found
macropterous not found
luzindole not found
Found 243 vecs for 251 words
trd not found
interpatient not found
intrapatient not found
Found 246 vecs for 250 words
Found 213 vecs for 213 words
04:00 not found
itraq not found
ltq not found
oritrapvelos not found
dionex not found
ncr-3000rs not found
s100-a6 not found
calcyclin not found
s10a6 not found
proteomexchange not found
pxd021004 not found
Found 295 vecs for 306 words
multi-omics not found
cbioportal not found
differential-expressed not found
tcga not found
gtex not found
ofcircadian not found
lgg not found
gbm not found
Found 265 vecs for 291 words
rhythm-related not found
circadian-related not found
auto-regressive not found
arcl not found
Found 392 vecs for 399 words
highly-differentiated not found
brain-muscle not found
aryl-hydrocarbon not found
translocator-like not found
erythroblastosis not found
rev-erb-α not found
aec-ii not found
cs-induced not found
hyperoxia-related not found
epithelial-cell not found
Found 164 vecs for 177 words
spds not found
iot-based not found
Found 226 vecs for 232 words
infradian not found
l-929 not found
Found 165 vecs for 169 words
dsm-iv-tr not found
schizophrenia-present not found
adhd-combined not found
adhd-c not found
adhd-inattentive not found
Found 317 vecs for 324 words
in-laboratory not found
2-h not found
30-s not found
karolinska not found
post-waking not found
Found 300 vecs for 305 words
hypoxia-circadian not found
hypoxia-redox not found
redox-circadian not found
Found 155 vecs for 158 words
Found 183 vecs for 183 words
cyp3a not found
6β-hydroxycortisol not found
6β-oh-cortisol not found
6β-ohc not found
non-interventional not found
trimethylamine-n-oxide not found
tmao not found
microrna-27b not found
mirna-27b not found
Found 304 vecs for 327 words
symptom-onset not found
st-segment not found
st-elevation not found
stemi not found
Found 52 vecs for 56 words
aralkylamine not found
n-acetyltransferase not found
morphine-exposed not found
mesor not found
arrhythmicity not found
aa-nat not found
Found 271 vecs for 284 words
chronobiological not found
march-3 not found
13,989 not found
lockdown-related not found
morning-type not found
Found 297 vecs for 307 words
tupaia not found
belangeri not found
fluoro-gold not found
fg-labeled not found
septofimbrial not found
parvicellular not found
metencephalon not found
myelencephalon not found
Found 245 vecs for 254 words
15-weeks-old not found
wistar-kyoto not found
wky not found
ng-nitro-l-arginine not found
l-name not found
Found 192 vecs for 199 words
p.falciparum not found
3d7. not found
Found 51 vecs for 53 words
aucg not found
Found 219 vecs for 221 words
ohcas not found
ihcas not found
ohca not found
ihca not found
Found 164 vecs for 172 words
actigraphy-assessed not found
nondipping not found
cvd not found
sleep-to-awake not found
(< not found
6-8.9 not found
(≥ not found
1.03-1.54 not found
1.03-1.72 not found
dbp not found
Found 322 vecs for 345 words
day-active not found
rhabdomys not found
a-type not found
Found 182 vecs for 185 words
criticall not found
Found 45 vecs for 46 words
Found 56 vecs for 56 words
locomotor-activity not found
Found 61 vecs for 62 words
Found 145 vecs for 146 words
]) not found
797.7 not found
(± not found
h-ee not found
h-eb not found
Found 355 vecs for 363 words
cardiovagal not found
cvbrs not found
pnn50 not found
rmssd not found
up-up not found
down-down not found
nct03567434 not found
Found 372 vecs for 389 words
actigraphy-based not found
waso not found
Found 325 vecs for 335 words
60-min not found
placekeeping not found
Found 249 vecs for 254 words
regγ not found
mef not found
sy5y not found
rorα not found
regγ-deficient not found
proteasome-dependent not found
Found 273 vecs for 302 words
calliphora not found
lucilia not found
protophormia not found
terraenovae not found
Found 56 vecs for 60 words
scrnaseq not found
diffcircadian not found
Found 255 vecs for 265 words
creb-dependent not found
s133 not found
crct1 not found
co-regulator not found
crtc1 not found
stimulus-dependent not found
Found 225 vecs for 248 words
performance.abbreviations not found
msfsc not found
sleep-corrected not found
pdss not found
Found 363 vecs for 372 words
charls not found
0.23-0.96 not found
1.02-2.36 not found
1.24-2.53 not found
Found 314 vecs for 320 words
mrna-1273 not found
delta-variant not found
incidenc not found
Found 37 vecs for 42 words
circadian-regulated not found
Found 225 vecs for 227 words
chronotypically not found
nct03304587 not found
19:00 not found
20:00 not found
promis-sleep not found
Found 451 vecs for 458 words
actigraphy-measured not found
60-72 not found
actigraph-measured not found
Found 302 vecs for 306 words
patients.methods not found
morningness not found
ghq-28 not found
mediators.results not found
evening-time not found
affect.conclusions not found
Found 232 vecs for 243 words
hnf4a not found
lineage-specifying not found
h3k4me1 not found
h3k27ac not found
hnf4a-mody not found
Found 171 vecs for 186 words
Found 164 vecs for 164 words
Found 41 vecs for 41 words
organisms' not found
shift-worker not found
Found 355 vecs for 358 words
nitecap not found
dataset-wide not found
nitecap.org not found
Found 174 vecs for 182 words
shift-working not found
Found 51 vecs for 52 words
ncv not found
non-tumors not found
gangwug not found
ncvapp not found
Found 168 vecs for 180 words
penicillin-induced not found
sleep-stage not found
Found 278 vecs for 281 words
actigraphy-recorded not found
Found 58 vecs for 59 words
1.0-1.07 not found
0.88-0.98 not found
average-exposure not found
Found 321 vecs for 324 words
phosphoproteomic not found
phospho-sites not found
phospho-dawn not found
snrk not found
cdpk not found
cca1-over-expressing not found
cca1-over-expression not found
phosphomimetic not found
fructose-6-phosphate-2-kinase not found
f2kp not found
Found 224 vecs for 237 words
glucolipid not found
antidyslipidemic not found
antihyperurecemic not found
firmicutes-dominant not found
bacteroidota-dominant not found
crd-induced not found
acid-mediated not found
Found 295 vecs for 302 words
modified-release not found
Found 247 vecs for 249 words
risetimes not found
bdi not found
Found 347 vecs for 350 words
covid not found
sleepquest not found
sleepquest’ not found
18-91 not found
)] not found
=[ not found
2.12,2.33 not found
Found 259 vecs for 273 words
sleep-site not found
eulemur not found
propithecus not found
varecia not found
inter-daily not found
intra-daily not found
sleep-sites not found
Found 258 vecs for 272 words
rrna not found
firmicutes not found
bacteroidetes not found
verrucomicrobia not found
sutterellaceae not found
alloprevotella not found
lachnospiraceae not found
ucg-001 not found
parasutterella not found
nk4a136 not found
Found 275 vecs for 286 words
mesh-search not found
chronobiologic not found
Found 239 vecs for 241 words
Found 52 vecs for 52 words
cell-autonomous not found
cry-null not found
erythropoietin-producing not found
rnascope not found
Found 273 vecs for 294 words
clock-oriented not found
Found 142 vecs for 143 words
gastrodia not found
blume not found
disorder-induced not found
icr not found
wfg not found
i.g not found
olrt not found
Found 299 vecs for 313 words
acth not found
trhs not found
mentally-impaired not found
able-minded not found
hormones’ not found
ccortisol not found
trhs' not found
sessions’ not found
Found 377 vecs for 392 words
daytime-restricted not found
drf not found
nighttime-restricted not found
nrf not found
log-ratios not found
catenibacterium not found
butyrivibrio not found
very-low-density not found
apoa1 not found
Found 297 vecs for 312 words
ulyanovsk not found
100-200-min not found
Found 156 vecs for 158 words
Found 48 vecs for 48 words
pulsometry not found
data-including not found
humans-with not found
Found 287 vecs for 290 words
2dste not found
las-s not found
lasr-s not found
las-e not found
lasr-e not found
las-a not found
lasr-a not found
lasi not found
nondippers not found
Found 243 vecs for 260 words
chronotoxicity not found
well-synchronized not found
desynchronize not found
time-repeated not found
Found 190 vecs for 194 words
mt2 not found
6j not found
mt1 not found
-/- not found
Found 164 vecs for 177 words
Found 63 vecs for 63 words
Found 86 vecs for 86 words
bose-einstein not found
strongly-oscillating not found
double-well not found
pre-learning not found
multiple-frequency not found
Found 187 vecs for 195 words
Found 180 vecs for 180 words
slider-crank not found
Found 222 vecs for 224 words
amplitude-control not found
shapes’ not found
part-ii not found
Found 379 vecs for 383 words
lobatto not found
bvp4c not found
Found 247 vecs for 249 words
λ-type not found
qutrit not found
intensity-dependent not found
qutrit-cavity not found
mixedness not found
qutrit-population not found
Found 138 vecs for 145 words
fdm not found
oil-lubricated not found
rotor-bearing not found
oil-film not found
rotor-sfd-support not found
super-harmonic not found
Found 204 vecs for 215 words
ibrahim-masmoudi-nakanishi not found
Found 79 vecs for 80 words
seir-based not found
uau-seir not found
e-state not found
markovian not found
mmca not found
Found 240 vecs for 248 words
electrocoalescence not found
non-coalescence not found
viscous-like not found
Found 224 vecs for 230 words
scraping-adhering not found
waals not found
Found 169 vecs for 171 words
mos2 not found
mos2have not found
ion-irradiated not found
mos2-based not found
Found 161 vecs for 167 words
tmem16a not found
tm4 not found
tm6 not found
q646 not found
π-helix not found
e705 not found
h-bond not found
d554 not found
k588 not found
k645 not found
100o not found
calcium-bound not found
structural-based not found
Found 195 vecs for 223 words
locally-active not found
memristor-based not found
hopf not found
shilnikov not found
no-complexity not found
Found 257 vecs for 265 words
energy-preserving not found
Found 68 vecs for 71 words
strogatz not found
Found 220 vecs for 222 words
hybrid-learning-based not found
driver-automation not found
Found 235 vecs for 239 words
nanoslits not found
gradient-driven not found
dgd-md not found
ca-montmorillonite not found
hagen-poiseuille not found
Found 345 vecs for 350 words
banach not found
hypercyclic not found
Found 87 vecs for 90 words
silms not found
mol-a not found
Found 180 vecs for 184 words
spring-based not found
amesim not found
simulink not found
single-closed not found
dual-closed not found
Found 205 vecs for 215 words
magneto-mechanical not found
wiercigroch not found
quasi-constant not found
qcf not found
Found 257 vecs for 262 words
Found 193 vecs for 194 words
cahn not found
hilliard not found
knopf not found
kllm not found
Found 183 vecs for 191 words
Found 159 vecs for 159 words
nano-multilayers not found
heterointerfaces not found
nano-multilayered not found
recompaction not found
Found 171 vecs for 176 words
viruses’ not found
trns not found
lotka-volterra not found
transcritical not found
mixed-infection not found
Found 303 vecs for 312 words
ginzburg not found
dgl not found
dgls not found
semiflows not found
Found 182 vecs for 189 words
free-layer not found
Found 131 vecs for 132 words
dissatisfaction-driven not found
cost-to-benefit not found
Found 180 vecs for 183 words
Found 179 vecs for 179 words
particle-laden not found
air-liquid not found
gas-liquid-solid not found
Found 270 vecs for 278 words
bridge-based not found
shinriki not found
lyapunov not found
Found 225 vecs for 229 words
raman-active not found
Found 190 vecs for 194 words
bourdieu not found
icaruses not found
newcomers’ not found
Found 163 vecs for 167 words
hiv-1 not found
plwh not found
www.annualreviews.org not found
pubdates not found
Found 211 vecs for 219 words
Found 128 vecs for 128 words
ericksen-leslie not found
finite-differences not found
runge-kutta not found
single-skyrmion not found
Found 267 vecs for 271 words
sph not found
attitude-liquid-control not found
navier-stokes not found
quantificationally not found
Found 218 vecs for 228 words
hdess not found
decanoic not found
thermos-physical not found
rdfs not found
sdfs not found
°− not found
°/ not found
Found 330 vecs for 337 words
Found 162 vecs for 162 words
hybridation not found
Found 187 vecs for 188 words
drivers' not found
Found 137 vecs for 138 words
aubry-andré-harper not found
aubry-andre-harper not found
super-exponentially not found
Found 159 vecs for 162 words
stage-level not found
Found 206 vecs for 210 words
extrac not found
Found 37 vecs for 38 words
Found 47 vecs for 47 words
electrodispersion not found
Found 257 vecs for 260 words
lifshitz not found
Found 147 vecs for 148 words
fast-slow not found
eco-evolutionary not found
Found 158 vecs for 163 words
entropy-based not found
tsallis not found
2019-2020-time not found
Found 199 vecs for 206 words
parrondo not found
Found 105 vecs for 107 words
motion-robust not found
motion-resolved not found
motion-state not found
t1ρ not found
motion-free not found
Found 295 vecs for 309 words
chaoticity not found
non-barred not found
structure-supporting not found
Found 217 vecs for 220 words
qdd not found
far-off-equilibrium not found
10.17632 not found
jpwzm9knmb.1 not found
gplv3 not found
tddft not found
local-density not found
tdlda not found
relaxation-time not found
coordinate-space not found
Found 398 vecs for 413 words
Found 144 vecs for 144 words
half-center not found
Found 107 vecs for 109 words
polym not found
Found 39 vecs for 40 words
Found 261 vecs for 262 words
Found 70 vecs for 71 words
néel not found
Found 139 vecs for 140 words
n-isopropylacrylamide not found
pnipam not found
swellable not found
flory-rehner not found
hertzian not found
liquid’-type not found
deswelling not found
soft-hard not found
schmiedeberg not found
europhys. not found
36010 not found
α-relaxation not found
vogel-fulcher not found
Found 207 vecs for 220 words
tpmd not found
arrhenius not found
lifepo4 not found
5wrjj97nbz.1 not found
abhijitiitb not found
Found 241 vecs for 254 words
dual-rotor not found
Found 220 vecs for 224 words
equality-constrained not found
non-emptiness not found
Found 79 vecs for 84 words
intra-organisational not found
side’ not found
Found 163 vecs for 167 words
Found 214 vecs for 214 words
bagnold not found
ghidaglia not found
stereo-planar not found
gharib not found
Found 343 vecs for 347 words
inhibition’ not found
neighbou not found
Found 38 vecs for 40 words
