INFO:root:Training Run ID: 1645693221
INFO:root:Classifier model: <class 'cnn.coherent_model.Classifier'>
INFO:root:Hidden layer size: 100
INFO:root:Training classifier with the following parameters:
INFO:root:Folder with documents: data/openalex/split_docs
INFO:root:File with subject information: data/openalex/subjects.json
INFO:root:No. of words kept per document: 250
INFO:root:No. of dimensions per word: 300
INFO:root:Dropout probability: 0.7
INFO:root:Training loss function: MCL()
INFO:root:Optimizer: SGD
INFO:root:Batch size: 10
INFO:root:No. of epochs: 20
INFO:root:Learning rate: 0.4
INFO:root:Momentum: 0.5
INFO:root:Scheduler: <class 'torch.optim.lr_scheduler.OneCycleLR'>
INFO:root:Scheduler steps: 6000
INFO:root:Scheduler gamma: 0.9
INFO:root:Data shuffling?: True

INFO:root:Restart model: None

INFO:root:Dataset has 428976 documents
INFO:root:There are 2157 subjects.

INFO:root:Starting epoch 1
