INFO:root:Training Run ID: 1644571178
INFO:root:Classifier model: <class 'cnn.convolutional_model.Classifier'>
INFO:root:Hidden layer size: 200
INFO:root:Training classifier with the following parameters:
INFO:root:Folder with documents: data/openalex/split_filtered
INFO:root:File with subject information: data/openalex/subjects.json
INFO:root:No. of words kept per document: 250
INFO:root:No. of dimensions per word: 300
INFO:root:Dropout probability: 0.7
INFO:root:Training loss function: BCELoss()
INFO:root:Optimizer: SGD
INFO:root:Batch size: 10
INFO:root:No. of epochs: 30
INFO:root:Learning rate: 0.25
INFO:root:Momentum: 0.5
INFO:root:Scheduler: <class 'torch.optim.lr_scheduler.OneCycleLR'>
INFO:root:Scheduler steps: 9000
INFO:root:Data shuffling?: True

INFO:root:Dataset has 427852 documents
INFO:root:There are 2157 subjects.

INFO:root:Starting epoch 1
INFO:root:Avg. loss in the last 100 batches: 0.6929072141647339
INFO:root:New lr: 0.010000081291507562
INFO:root:Avg. loss in the last 100 batches: 0.6896889209747314
INFO:root:New lr: 0.01000032516592006
INFO:root:Avg. loss in the last 100 batches: 0.6830849051475525
INFO:root:New lr: 0.010000731622907155
INFO:root:Avg. loss in the last 100 batches: 0.6225749850273132
INFO:root:New lr: 0.010001300661918067
INFO:root:Avg. loss in the last 100 batches: 0.11169758439064026
INFO:root:New lr: 0.01000203228218191
INFO:root:Avg. loss in the last 100 batches: 0.013351082801818848
INFO:root:New lr: 0.01000292648270737
INFO:root:Avg. loss in the last 100 batches: 0.014162961393594742
INFO:root:New lr: 0.010003983262282967
INFO:root:Avg. loss in the last 100 batches: 0.011481204070150852
INFO:root:New lr: 0.010005202619476905
INFO:root:Avg. loss in the last 100 batches: 0.011205438524484634
INFO:root:New lr: 0.010006584552637171
INFO:root:Avg. loss in the last 100 batches: 0.012561564333736897
INFO:root:New lr: 0.010008129059891374
INFO:root:Avg. loss in the last 100 batches: 0.011323243379592896
INFO:root:New lr: 0.010009836139146938
INFO:root:Avg. loss in the last 100 batches: 0.011287416331470013
INFO:root:New lr: 0.010011705788091074
INFO:root:Avg. loss in the last 100 batches: 0.011804003268480301
INFO:root:New lr: 0.010013738004190587
INFO:root:Avg. loss in the last 100 batches: 0.010233634151518345
INFO:root:New lr: 0.010015932784692178
INFO:root:Avg. loss in the last 100 batches: 0.011757796630263329
INFO:root:New lr: 0.010018290126622226
INFO:root:Avg. loss in the last 100 batches: 0.01586141623556614
INFO:root:New lr: 0.010020810026786786
INFO:root:Avg. loss in the last 100 batches: 0.013977961614727974
INFO:root:New lr: 0.010023492481771867
INFO:root:Avg. loss in the last 100 batches: 0.01361656654626131
INFO:root:New lr: 0.010026337487943043
INFO:root:Avg. loss in the last 100 batches: 0.0121627077460289
INFO:root:New lr: 0.010029345041445759
INFO:root:Avg. loss in the last 100 batches: 0.0106192110106349
INFO:root:New lr: 0.01003251513820519
INFO:root:Avg. loss in the last 100 batches: 0.012637380510568619
INFO:root:New lr: 0.010035847773926299
INFO:root:Avg. loss in the last 100 batches: 0.01616503857076168
INFO:root:New lr: 0.010039342944093893
INFO:root:Avg. loss in the last 100 batches: 0.013440936803817749
INFO:root:New lr: 0.010043000643972455
INFO:root:Avg. loss in the last 100 batches: 0.014326738193631172
INFO:root:New lr: 0.010046820868606338
INFO:root:Avg. loss in the last 100 batches: 0.015284177847206593
INFO:root:New lr: 0.010050803612819653
INFO:root:Avg. loss in the last 100 batches: 0.01381393801420927
INFO:root:New lr: 0.010054948871216385
INFO:root:Avg. loss in the last 100 batches: 0.014597799628973007
INFO:root:New lr: 0.010059256638180303
INFO:root:Avg. loss in the last 100 batches: 0.01262197457253933
INFO:root:New lr: 0.010063726907874937
INFO:root:Avg. loss in the last 100 batches: 0.010920729488134384
INFO:root:New lr: 0.010068359674243743
INFO:root:Avg. loss in the last 100 batches: 0.012494027614593506
INFO:root:New lr: 0.010073154931009937
INFO:root:Avg. loss in the last 100 batches: 0.01272052712738514
INFO:root:New lr: 0.010078112671676714
INFO:root:Avg. loss in the last 100 batches: 0.011987726204097271
INFO:root:New lr: 0.01008323288952695
INFO:root:Avg. loss in the last 100 batches: 0.013143469579517841
INFO:root:New lr: 0.010088515577623525
INFO:root:Avg. loss in the last 100 batches: 0.012483062222599983
INFO:root:New lr: 0.01009396072880911
INFO:root:Avg. loss in the last 100 batches: 0.011454994790256023
INFO:root:New lr: 0.0100995683357063
INFO:root:Avg. loss in the last 100 batches: 0.013250189833343029
INFO:root:New lr: 0.010105338390717616
INFO:root:Avg. loss in the last 100 batches: 0.013973196037113667
INFO:root:New lr: 0.010111270886025425
INFO:root:Avg. loss in the last 100 batches: 0.013149755075573921
INFO:root:New lr: 0.010117365813592016
INFO:root:Avg. loss in the last 100 batches: 0.014228199608623981
INFO:root:New lr: 0.010123623165159662
INFO:root:Avg. loss in the last 100 batches: 0.013166642747819424
INFO:root:New lr: 0.010130042932250505
INFO:root:Avg. loss in the last 100 batches: 0.012337169609963894
INFO:root:New lr: 0.010136625106166725
INFO:root:Avg. loss in the last 100 batches: 0.014695197343826294
INFO:root:New lr: 0.010143369677990316
INFO:root:Avg. loss in the last 100 batches: 0.013341601938009262
INFO:root:New lr: 0.010150276638583422
INFO:root:Avg. loss in the last 100 batches: 0.014468071050941944
INFO:root:New lr: 0.010157345978588056
INFO:root:Avg. loss in the last 100 batches: 0.012245108373463154
INFO:root:New lr: 0.01016457768842624
INFO:root:Avg. loss in the last 100 batches: 0.011541950516402721
INFO:root:New lr: 0.010171971758300091
INFO:root:Avg. loss in the last 100 batches: 0.013861002400517464
INFO:root:New lr: 0.010179528178191621
INFO:root:Avg. loss in the last 100 batches: 0.01281794998794794
INFO:root:New lr: 0.010187246937862993
INFO:root:Avg. loss in the last 100 batches: 0.012584504671394825
INFO:root:New lr: 0.010195128026856404
INFO:root:Avg. loss in the last 100 batches: 0.012892421334981918
INFO:root:New lr: 0.010203171434494035
INFO:root:Avg. loss in the last 100 batches: 0.011532945558428764
INFO:root:New lr: 0.010211377149878242
INFO:root:Avg. loss in the last 100 batches: 0.010890308767557144
INFO:root:New lr: 0.01021974516189142
INFO:root:Avg. loss in the last 100 batches: 0.014307255856692791
INFO:root:New lr: 0.010228275459196107
INFO:root:Avg. loss in the last 100 batches: 0.01332048885524273
INFO:root:New lr: 0.010236968030234966
INFO:root:Avg. loss in the last 100 batches: 0.012428173795342445
INFO:root:New lr: 0.010245822863230836
INFO:root:Avg. loss in the last 100 batches: 0.013582267798483372
INFO:root:New lr: 0.010254839946186534
INFO:root:Avg. loss in the last 100 batches: 0.011309448629617691
INFO:root:New lr: 0.01026401926688536
INFO:root:Avg. loss in the last 100 batches: 0.009966520592570305
INFO:root:New lr: 0.010273360812890514
INFO:root:Avg. loss in the last 100 batches: 0.012033464387059212
INFO:root:New lr: 0.010282864571545564
INFO:root:Avg. loss in the last 100 batches: 0.011134565807878971
INFO:root:New lr: 0.01029253052997428
INFO:root:Avg. loss in the last 100 batches: 0.010756590403616428
INFO:root:New lr: 0.010302358675080642
INFO:root:Avg. loss in the last 100 batches: 0.013256077654659748
INFO:root:New lr: 0.010312348993548853
INFO:root:Avg. loss in the last 100 batches: 0.012281469069421291
INFO:root:New lr: 0.01032250147184352
INFO:root:Avg. loss in the last 100 batches: 0.011612272821366787
INFO:root:New lr: 0.010332816096209452
INFO:root:Avg. loss in the last 100 batches: 0.01314711943268776
INFO:root:New lr: 0.01034329285267177
INFO:root:Avg. loss in the last 100 batches: 0.011750306934118271
INFO:root:New lr: 0.010353931727035998
INFO:root:Avg. loss in the last 100 batches: 0.011593461968004704
INFO:root:New lr: 0.010364732704887913
INFO:root:Avg. loss in the last 100 batches: 0.015598555095493793
INFO:root:New lr: 0.010375695771593724
INFO:root:Avg. loss in the last 100 batches: 0.012924019247293472
INFO:root:New lr: 0.010386820912300088
INFO:root:Avg. loss in the last 100 batches: 0.012214462272822857
INFO:root:New lr: 0.010398108111933924
INFO:root:Avg. loss in the last 100 batches: 0.014291683211922646
INFO:root:New lr: 0.010409557355202742
INFO:root:Avg. loss in the last 100 batches: 0.01300253625959158
INFO:root:New lr: 0.010421168626594424
INFO:root:Avg. loss in the last 100 batches: 0.012075744569301605
INFO:root:New lr: 0.01043294191037733
INFO:root:Avg. loss in the last 100 batches: 0.014582701958715916
INFO:root:New lr: 0.010444877190600332
INFO:root:Avg. loss in the last 100 batches: 0.01274204719811678
INFO:root:New lr: 0.010456974451092782
INFO:root:Avg. loss in the last 100 batches: 0.012434964999556541
INFO:root:New lr: 0.010469233675464706
INFO:root:Avg. loss in the last 100 batches: 0.013778590597212315
INFO:root:New lr: 0.010481654847106447
INFO:root:Avg. loss in the last 100 batches: 0.011137938126921654
INFO:root:New lr: 0.010494237949189189
INFO:root:Avg. loss in the last 100 batches: 0.011686164885759354
INFO:root:New lr: 0.010506982964664568
INFO:root:Avg. loss in the last 100 batches: 0.01270979456603527
INFO:root:New lr: 0.01051988987626487
INFO:root:Avg. loss in the last 100 batches: 0.011270842514932156
INFO:root:New lr: 0.010532958666503112
INFO:root:Avg. loss in the last 100 batches: 0.01171645987778902
INFO:root:New lr: 0.010546189317672872
INFO:root:Avg. loss in the last 100 batches: 0.014712863601744175
INFO:root:New lr: 0.010559581811848545
INFO:root:Avg. loss in the last 100 batches: 0.012688234448432922
INFO:root:New lr: 0.010573136130885119
INFO:root:Avg. loss in the last 100 batches: 0.013125953264534473
INFO:root:New lr: 0.010586852256418505
INFO:root:Avg. loss in the last 100 batches: 0.012823757715523243
INFO:root:New lr: 0.010600730169865263
INFO:root:Avg. loss in the last 100 batches: 0.011068117804825306
INFO:root:New lr: 0.01061476985242274
INFO:root:Avg. loss in the last 100 batches: 0.011684654280543327
INFO:root:New lr: 0.010628971285069205
INFO:root:Avg. loss in the last 100 batches: 0.012042703106999397
INFO:root:New lr: 0.010643334448563718
INFO:root:Avg. loss in the last 100 batches: 0.01062533725053072
INFO:root:New lr: 0.010657859323446178
INFO:root:Avg. loss in the last 100 batches: 0.01377962902188301
INFO:root:New lr: 0.010672545890037494
INFO:root:Avg. loss in the last 100 batches: 0.015660526230931282
INFO:root:New lr: 0.010687394128439442
INFO:root:Avg. loss in the last 100 batches: 0.013461502268910408
INFO:root:New lr: 0.0107024040185347
INFO:root:Avg. loss in the last 100 batches: 0.013934212736785412
INFO:root:New lr: 0.010717575539987062
INFO:root:Avg. loss in the last 100 batches: 0.012239445932209492
INFO:root:New lr: 0.010732908672241276
INFO:root:Avg. loss in the last 100 batches: 0.011036091484129429
INFO:root:New lr: 0.010748403394523015
INFO:root:Avg. loss in the last 100 batches: 0.012229342944920063
INFO:root:New lr: 0.010764059685839239
INFO:root:Avg. loss in the last 100 batches: 0.012094881385564804
INFO:root:New lr: 0.010779877524977832
INFO:root:Avg. loss in the last 100 batches: 0.011656016111373901
INFO:root:New lr: 0.010795856890507854
INFO:root:Avg. loss in the last 100 batches: 0.013085182756185532
INFO:root:New lr: 0.010811997760779513
INFO:root:Avg. loss in the last 100 batches: 0.013281933963298798
INFO:root:New lr: 0.010828300113924272
INFO:root:Avg. loss in the last 100 batches: 0.012149411253631115
INFO:root:New lr: 0.010844763927854717
INFO:root:Avg. loss in the last 100 batches: 0.012876035645604134
INFO:root:New lr: 0.010861389180264747
INFO:root:Avg. loss in the last 100 batches: 0.011418978683650494
INFO:root:New lr: 0.010878175848629407
INFO:root:Avg. loss in the last 100 batches: 0.010594670660793781
INFO:root:New lr: 0.010895123910205223
INFO:root:Avg. loss in the last 100 batches: 0.01323254406452179
INFO:root:New lr: 0.010912233342029926
INFO:root:Avg. loss in the last 100 batches: 0.013190248049795628
INFO:root:New lr: 0.01092950412092264
INFO:root:Avg. loss in the last 100 batches: 0.012392185628414154
INFO:root:New lr: 0.010946936223484
INFO:root:Avg. loss in the last 100 batches: 0.01533458661288023
INFO:root:New lr: 0.010964529626095898
INFO:root:Avg. loss in the last 100 batches: 0.014631063677370548
INFO:root:New lr: 0.010982284304921791
INFO:root:Avg. loss in the last 100 batches: 0.014092476107180119
INFO:root:New lr: 0.011000200235906532
INFO:root:Avg. loss in the last 100 batches: 0.01612776890397072
INFO:root:New lr: 0.011018277394776649
INFO:root:Avg. loss in the last 100 batches: 0.01406312920153141
INFO:root:New lr: 0.01103651575704015
INFO:root:Avg. loss in the last 100 batches: 0.013236084021627903
INFO:root:New lr: 0.011054915297986606
INFO:root:Avg. loss in the last 100 batches: 0.015936965122818947
INFO:root:New lr: 0.011073475992687265
INFO:root:Avg. loss in the last 100 batches: 0.014402213506400585
INFO:root:New lr: 0.011092197815994964
INFO:root:Avg. loss in the last 100 batches: 0.013077644631266594
INFO:root:New lr: 0.011111080742544355
INFO:root:Avg. loss in the last 100 batches: 0.017189448699355125
INFO:root:New lr: 0.01113012474675168
INFO:root:Avg. loss in the last 100 batches: 0.014947130344808102
INFO:root:New lr: 0.011149329802815022
INFO:root:Avg. loss in the last 100 batches: 0.014371191151440144
INFO:root:New lr: 0.01116869588471428
INFO:root:Avg. loss in the last 100 batches: 0.015264968387782574
INFO:root:New lr: 0.011188222966211164
INFO:root:Avg. loss in the last 100 batches: 0.012173992581665516
INFO:root:New lr: 0.011207911020849198
INFO:root:Avg. loss in the last 100 batches: 0.011536436155438423
INFO:root:New lr: 0.011227760021953859
INFO:root:Avg. loss in the last 100 batches: 0.012998716905713081
INFO:root:New lr: 0.011247769942632574
INFO:root:Avg. loss in the last 100 batches: 0.011581508442759514
INFO:root:New lr: 0.011267940755774752
INFO:root:Avg. loss in the last 100 batches: 0.01074289996176958
INFO:root:New lr: 0.011288272434051755
INFO:root:Avg. loss in the last 100 batches: 0.013690460473299026
INFO:root:New lr: 0.01130876494991706
INFO:root:Avg. loss in the last 100 batches: 0.012449489906430244
INFO:root:New lr: 0.011329418275606212
INFO:root:Avg. loss in the last 100 batches: 0.011852673254907131
INFO:root:New lr: 0.011350232383136843
INFO:root:Avg. loss in the last 100 batches: 0.015249717980623245
INFO:root:New lr: 0.011371207244308845
INFO:root:Avg. loss in the last 100 batches: 0.013851669616997242
INFO:root:New lr: 0.011392342830704227
INFO:root:Avg. loss in the last 100 batches: 0.013456383720040321
INFO:root:New lr: 0.01141363911368723
INFO:root:Avg. loss in the last 100 batches: 0.0138664860278368
INFO:root:New lr: 0.011435096064404432
INFO:root:Avg. loss in the last 100 batches: 0.012328024953603745
INFO:root:New lr: 0.011456713653784673
INFO:root:Avg. loss in the last 100 batches: 0.01178901270031929
INFO:root:New lr: 0.011478491852539213
INFO:root:Avg. loss in the last 100 batches: 0.015284969471395016
INFO:root:New lr: 0.011500430631161684
INFO:root:Avg. loss in the last 100 batches: 0.013591534458100796
INFO:root:New lr: 0.011522529959928113
INFO:root:Avg. loss in the last 100 batches: 0.013080592267215252
INFO:root:New lr: 0.01154478980889706
INFO:root:Avg. loss in the last 100 batches: 0.016723593696951866
INFO:root:New lr: 0.01156721014790954
INFO:root:Avg. loss in the last 100 batches: 0.01429431140422821
INFO:root:New lr: 0.01158979094658924
INFO:root:Avg. loss in the last 100 batches: 0.014167504385113716
INFO:root:New lr: 0.011612532174342327
INFO:root:Avg. loss in the last 100 batches: 0.01247050054371357
INFO:root:New lr: 0.011635433800357642
INFO:root:Avg. loss in the last 100 batches: 0.010469906032085419
INFO:root:New lr: 0.011658495793606727
INFO:root:Avg. loss in the last 100 batches: 0.011242195963859558
INFO:root:New lr: 0.011681718122843882
INFO:root:Avg. loss in the last 100 batches: 0.013796359300613403
INFO:root:New lr: 0.011705100756606107
INFO:root:Avg. loss in the last 100 batches: 0.012135407887399197
INFO:root:New lr: 0.011728643663213273
INFO:root:Avg. loss in the last 100 batches: 0.012679136358201504
INFO:root:New lr: 0.011752346810768033
INFO:root:Avg. loss in the last 100 batches: 0.014920081943273544
INFO:root:New lr: 0.01177621016715602
INFO:root:Avg. loss in the last 100 batches: 0.013852627947926521
INFO:root:New lr: 0.011800233700045737
INFO:root:Avg. loss in the last 100 batches: 0.014047014527022839
INFO:root:New lr: 0.011824417376888663
INFO:root:Avg. loss in the last 100 batches: 0.013454243540763855
INFO:root:New lr: 0.011848761164919425
INFO:root:Avg. loss in the last 100 batches: 0.01183945033699274
INFO:root:New lr: 0.011873265031155572
INFO:root:Avg. loss in the last 100 batches: 0.01252240315079689
INFO:root:New lr: 0.011897928942397829
INFO:root:Avg. loss in the last 100 batches: 0.011034644208848476
INFO:root:New lr: 0.011922752865230118
INFO:root:Avg. loss in the last 100 batches: 0.009681982919573784
INFO:root:New lr: 0.011947736766019568
INFO:root:Avg. loss in the last 100 batches: 0.011737684719264507
INFO:root:New lr: 0.01197288061091642
INFO:root:Avg. loss in the last 100 batches: 0.013200990855693817
INFO:root:New lr: 0.011998184365854425
INFO:root:Avg. loss in the last 100 batches: 0.011555536650121212
INFO:root:New lr: 0.012023647996550563
INFO:root:Avg. loss in the last 100 batches: 0.012591719627380371
INFO:root:New lr: 0.01204927146850518
INFO:root:Avg. loss in the last 100 batches: 0.012387544848024845
INFO:root:New lr: 0.012075054747002129
INFO:root:Avg. loss in the last 100 batches: 0.011378288269042969
INFO:root:New lr: 0.012100997797108659
INFO:root:Avg. loss in the last 100 batches: 0.014448391273617744
INFO:root:New lr: 0.012127100583675693
INFO:root:Avg. loss in the last 100 batches: 0.015441586263477802
INFO:root:New lr: 0.012153363071337603
INFO:root:Avg. loss in the last 100 batches: 0.01416393369436264
INFO:root:New lr: 0.012179785224512463
INFO:root:Avg. loss in the last 100 batches: 0.015219669789075851
INFO:root:New lr: 0.012206367007401964
INFO:root:Avg. loss in the last 100 batches: 0.012567329220473766
INFO:root:New lr: 0.012233108383991553
INFO:root:Avg. loss in the last 100 batches: 0.010859635658562183
INFO:root:New lr: 0.012260009318050463
INFO:root:Avg. loss in the last 100 batches: 0.014023395255208015
INFO:root:New lr: 0.012287069773131737
INFO:root:Avg. loss in the last 100 batches: 0.013670352287590504
INFO:root:New lr: 0.012314289712572313
INFO:root:Avg. loss in the last 100 batches: 0.01314565073698759
INFO:root:New lr: 0.012341669099492969
INFO:root:Avg. loss in the last 100 batches: 0.013174065388739109
INFO:root:New lr: 0.012369207896798545
INFO:root:Avg. loss in the last 100 batches: 0.011411386542022228
INFO:root:New lr: 0.01239690606717786
INFO:root:Avg. loss in the last 100 batches: 0.01121530868113041
INFO:root:New lr: 0.012424763573103847
INFO:root:Avg. loss in the last 100 batches: 0.013514494523406029
INFO:root:New lr: 0.012452780376833478
INFO:root:Avg. loss in the last 100 batches: 0.013345779851078987
INFO:root:New lr: 0.012480956440408003
INFO:root:Avg. loss in the last 100 batches: 0.012730417773127556
INFO:root:New lr: 0.012509291725652766
INFO:root:Avg. loss in the last 100 batches: 0.014744316227734089
INFO:root:New lr: 0.01253778619417753
INFO:root:Avg. loss in the last 100 batches: 0.013437660411000252
INFO:root:New lr: 0.012566439807376317
INFO:root:Avg. loss in the last 100 batches: 0.012760649435222149
INFO:root:New lr: 0.012595252526427486
INFO:root:Avg. loss in the last 100 batches: 0.013620536774396896
INFO:root:New lr: 0.012624224312293958
INFO:root:Avg. loss in the last 100 batches: 0.01215567346662283
INFO:root:New lr: 0.012653355125722993
INFO:root:Avg. loss in the last 100 batches: 0.011947495862841606
INFO:root:New lr: 0.012682644927246522
INFO:root:Avg. loss in the last 100 batches: 0.014809627085924149
INFO:root:New lr: 0.012712093677180986
INFO:root:Avg. loss in the last 100 batches: 0.011962815187871456
INFO:root:New lr: 0.012741701335627464
INFO:root:Avg. loss in the last 100 batches: 0.011363190598785877
INFO:root:New lr: 0.012771467862471853
INFO:root:Avg. loss in the last 100 batches: 0.014572150073945522
INFO:root:New lr: 0.012801393217384632
INFO:root:Avg. loss in the last 100 batches: 0.012049885466694832
INFO:root:New lr: 0.012831477359821208
INFO:root:Avg. loss in the last 100 batches: 0.0119010703638196
INFO:root:New lr: 0.012861720249021852
INFO:root:Avg. loss in the last 100 batches: 0.012719784863293171
INFO:root:New lr: 0.012892121844011728
INFO:root:Avg. loss in the last 100 batches: 0.010989452712237835
INFO:root:New lr: 0.012922682103600924
INFO:root:Avg. loss in the last 100 batches: 0.010264270938932896
INFO:root:New lr: 0.012953400986384672
INFO:root:Avg. loss in the last 100 batches: 0.015114291571080685
INFO:root:New lr: 0.012984278450743209
INFO:root:Avg. loss in the last 100 batches: 0.013267834670841694
INFO:root:New lr: 0.01301531445484197
INFO:root:Avg. loss in the last 100 batches: 0.01263521146029234
INFO:root:New lr: 0.013046508956631536
INFO:root:Avg. loss in the last 100 batches: 0.014576958492398262
INFO:root:New lr: 0.013077861913847744
INFO:root:Avg. loss in the last 100 batches: 0.012771787121891975
INFO:root:New lr: 0.013109373284011822
INFO:root:Avg. loss in the last 100 batches: 0.012190667912364006
INFO:root:New lr: 0.01314104302443031
INFO:root:Avg. loss in the last 100 batches: 0.01457272283732891
INFO:root:New lr: 0.01317287109219517
INFO:root:Avg. loss in the last 100 batches: 0.012501879595220089
INFO:root:New lr: 0.013204857444183926
INFO:root:Avg. loss in the last 100 batches: 0.012093255296349525
INFO:root:New lr: 0.013237002037059575
INFO:root:Avg. loss in the last 100 batches: 0.013792802579700947
INFO:root:New lr: 0.013269304827270706
INFO:root:Avg. loss in the last 100 batches: 0.012597305700182915
INFO:root:New lr: 0.01330176577105166
INFO:root:Avg. loss in the last 100 batches: 0.012855210341513157
INFO:root:New lr: 0.013334384824422396
INFO:root:Avg. loss in the last 100 batches: 0.012883268296718597
INFO:root:New lr: 0.013367161943188821
INFO:root:Avg. loss in the last 100 batches: 0.010957537218928337
INFO:root:New lr: 0.01340009708294243
INFO:root:Avg. loss in the last 100 batches: 0.012573963962495327
INFO:root:New lr: 0.013433190199060918
INFO:root:Avg. loss in the last 100 batches: 0.015550828538835049
INFO:root:New lr: 0.013466441246707678
INFO:root:Avg. loss in the last 100 batches: 0.013364402577280998
INFO:root:New lr: 0.013499850180832274
INFO:root:Avg. loss in the last 100 batches: 0.01431563962250948
INFO:root:New lr: 0.013533416956170413
INFO:root:Avg. loss in the last 100 batches: 0.014752420596778393
INFO:root:New lr: 0.013567141527243809
INFO:root:Avg. loss in the last 100 batches: 0.013009301386773586
INFO:root:New lr: 0.013601023848360372
INFO:root:Avg. loss of epoch 1: 0.025858554989099503
