INFO:root:Training Run ID: 1643876999
INFO:root:Training classifier with the following parameters:
INFO:root:Folder with documents: data/openalex/split_docs
INFO:root:File with subject information: data/openalex/subjects.json
INFO:root:No. of words kept per document: 400
INFO:root:No. of dimensions per word: 300
INFO:root:Training loss function: AsymmetricLossOptimized()
INFO:root:Batch size: 10
INFO:root:No. of epochs: 10
INFO:root:Learning rate: 0.1
INFO:root:Momentum: 0.5

INFO:root:Dataset has 427896 documents
INFO:root:There are 2157 subjects.

INFO:root:Starting epoch 1
INFO:root:Avg. loss in the last 100 batches: 572.4733276367188
INFO:root:Avg. loss in the last 100 batches: 547.66015625
INFO:root:Avg. loss in the last 100 batches: 547.9760131835938
INFO:root:Avg. loss in the last 100 batches: 547.69482421875
INFO:root:Avg. loss in the last 100 batches: 546.4134521484375
INFO:root:Avg. loss in the last 100 batches: 546.654052734375
INFO:root:Avg. loss in the last 100 batches: 548.1560668945312
INFO:root:Avg. loss in the last 100 batches: 549.2402954101562
INFO:root:Avg. loss in the last 100 batches: 547.846923828125
INFO:root:Avg. loss in the last 100 batches: 547.8598022460938
INFO:root:Avg. loss in the last 100 batches: 547.6471557617188
INFO:root:Avg. loss in the last 100 batches: 547.9780883789062
INFO:root:Avg. loss in the last 100 batches: 546.8280029296875
INFO:root:Avg. loss in the last 100 batches: 547.3624877929688
INFO:root:Avg. loss in the last 100 batches: 547.5125122070312
INFO:root:Avg. loss in the last 100 batches: 551.3593139648438
INFO:root:Avg. loss in the last 100 batches: 552.1322631835938
INFO:root:Avg. loss in the last 100 batches: 548.777587890625
INFO:root:Avg. loss in the last 100 batches: 548.8425903320312
INFO:root:Avg. loss in the last 100 batches: 548.6735229492188
INFO:root:Avg. loss in the last 100 batches: 547.951904296875
INFO:root:Avg. loss in the last 100 batches: 551.873046875
INFO:root:Avg. loss in the last 100 batches: 553.4143676757812
INFO:root:Avg. loss in the last 100 batches: 552.7525634765625
INFO:root:Avg. loss in the last 100 batches: 557.2985229492188
INFO:root:Avg. loss in the last 100 batches: 553.8057861328125
INFO:root:Avg. loss in the last 100 batches: 553.3192138671875
INFO:root:Avg. loss in the last 100 batches: 546.9927368164062
INFO:root:Avg. loss in the last 100 batches: 548.9889526367188
INFO:root:Avg. loss in the last 100 batches: 547.4857788085938
INFO:root:Avg. loss in the last 100 batches: 548.7100830078125
INFO:root:Avg. loss in the last 100 batches: 547.0446166992188
INFO:root:Avg. loss in the last 100 batches: 548.0166015625
INFO:root:Avg. loss in the last 100 batches: 547.5552978515625
INFO:root:Avg. loss in the last 100 batches: 548.3821411132812
INFO:root:Avg. loss in the last 100 batches: 549.3345336914062
INFO:root:Avg. loss in the last 100 batches: 549.2308959960938
INFO:root:Avg. loss in the last 100 batches: 552.1856079101562
INFO:root:Avg. loss in the last 100 batches: 554.5076904296875
INFO:root:Avg. loss in the last 100 batches: 552.1229858398438
INFO:root:Avg. loss in the last 100 batches: 551.4708251953125
INFO:root:Avg. loss in the last 100 batches: 555.1438598632812
INFO:root:Avg. loss in the last 100 batches: 551.5252075195312
INFO:root:Avg. loss in the last 100 batches: 548.7888793945312
INFO:root:Avg. loss in the last 100 batches: 547.2730102539062
INFO:root:Avg. loss in the last 100 batches: 548.531494140625
INFO:root:Avg. loss in the last 100 batches: 549.1629028320312
INFO:root:Avg. loss in the last 100 batches: 550.433349609375
INFO:root:Avg. loss in the last 100 batches: 550.672607421875
INFO:root:Avg. loss in the last 100 batches: 549.5060424804688
INFO:root:Avg. loss in the last 100 batches: 547.0775146484375
INFO:root:Avg. loss in the last 100 batches: 546.439208984375
INFO:root:Avg. loss in the last 100 batches: 551.140625
INFO:root:Avg. loss in the last 100 batches: 550.3710327148438
INFO:root:Avg. loss in the last 100 batches: 554.5818481445312
INFO:root:Avg. loss in the last 100 batches: 549.1624755859375
INFO:root:Avg. loss in the last 100 batches: 547.9231567382812
INFO:root:Avg. loss in the last 100 batches: 548.724853515625
INFO:root:Avg. loss in the last 100 batches: 546.3651733398438
INFO:root:Avg. loss in the last 100 batches: 545.9747314453125
INFO:root:Avg. loss in the last 100 batches: 546.6346435546875
INFO:root:Avg. loss in the last 100 batches: 548.3092651367188
INFO:root:Avg. loss in the last 100 batches: 546.9138793945312
INFO:root:Avg. loss in the last 100 batches: 548.687744140625
INFO:root:Avg. loss in the last 100 batches: 549.302734375
INFO:root:Avg. loss in the last 100 batches: 547.5370483398438
INFO:root:Avg. loss in the last 100 batches: 547.7317504882812
INFO:root:Avg. loss in the last 100 batches: 550.0299682617188
INFO:root:Avg. loss in the last 100 batches: 548.3990478515625
INFO:root:Avg. loss in the last 100 batches: 550.3831787109375
INFO:root:Avg. loss in the last 100 batches: 550.1306762695312
INFO:root:Avg. loss in the last 100 batches: 549.421875
INFO:root:Avg. loss in the last 100 batches: 550.5897216796875
INFO:root:Avg. loss in the last 100 batches: 552.803955078125
INFO:root:Avg. loss in the last 100 batches: 552.4573974609375
INFO:root:Avg. loss in the last 100 batches: 553.2177124023438
INFO:root:Avg. loss in the last 100 batches: 548.0194702148438
INFO:root:Avg. loss in the last 100 batches: 546.1328735351562
INFO:root:Avg. loss in the last 100 batches: 547.2117309570312
INFO:root:Avg. loss in the last 100 batches: 548.7459106445312
INFO:root:Avg. loss in the last 100 batches: 546.9581298828125
INFO:root:Avg. loss in the last 100 batches: 548.515380859375
INFO:root:Avg. loss in the last 100 batches: 550.188232421875
INFO:root:Avg. loss in the last 100 batches: 548.6655883789062
INFO:root:Avg. loss in the last 100 batches: 550.03564453125
INFO:root:Avg. loss in the last 100 batches: 545.3930053710938
INFO:root:Avg. loss in the last 100 batches: 548.3988647460938
INFO:root:Avg. loss in the last 100 batches: 549.9140014648438
INFO:root:Avg. loss in the last 100 batches: 550.1806030273438
INFO:root:Avg. loss in the last 100 batches: 548.3014526367188
INFO:root:Avg. loss in the last 100 batches: 550.7296752929688
INFO:root:Avg. loss in the last 100 batches: 554.2985229492188
INFO:root:Avg. loss in the last 100 batches: 555.506103515625
INFO:root:Avg. loss in the last 100 batches: 553.9214477539062
INFO:root:Avg. loss in the last 100 batches: 551.6863403320312
INFO:root:Avg. loss in the last 100 batches: 548.0680541992188
INFO:root:Avg. loss in the last 100 batches: 549.505859375
INFO:root:Avg. loss in the last 100 batches: 549.0546264648438
INFO:root:Avg. loss in the last 100 batches: 548.5545043945312
INFO:root:Avg. loss in the last 100 batches: 548.6845092773438
INFO:root:Avg. loss in the last 100 batches: 548.7926025390625
INFO:root:Avg. loss in the last 100 batches: 548.5027465820312
INFO:root:Avg. loss in the last 100 batches: 550.176025390625
INFO:root:Avg. loss in the last 100 batches: 548.3206787109375
INFO:root:Avg. loss in the last 100 batches: 547.0866088867188
INFO:root:Avg. loss in the last 100 batches: 547.7425537109375
INFO:root:Avg. loss in the last 100 batches: 551.0326538085938
INFO:root:Avg. loss in the last 100 batches: 549.605712890625
INFO:root:Avg. loss in the last 100 batches: 551.0228271484375
INFO:root:Avg. loss in the last 100 batches: 556.9328002929688
INFO:root:Avg. loss in the last 100 batches: 561.1452026367188
INFO:root:Avg. loss in the last 100 batches: 552.0629272460938
INFO:root:Avg. loss in the last 100 batches: 552.8109741210938
INFO:root:Avg. loss in the last 100 batches: 552.700927734375
INFO:root:Avg. loss in the last 100 batches: 551.6317138671875
INFO:root:Avg. loss in the last 100 batches: 552.5864868164062
INFO:root:Avg. loss in the last 100 batches: 553.7877807617188
INFO:root:Avg. loss in the last 100 batches: 556.4464111328125
INFO:root:Avg. loss in the last 100 batches: 564.8425903320312
INFO:root:Avg. loss in the last 100 batches: 561.6993408203125
INFO:root:Avg. loss in the last 100 batches: 550.8067626953125
INFO:root:Avg. loss in the last 100 batches: 548.874755859375
INFO:root:Avg. loss in the last 100 batches: 549.1256713867188
INFO:root:Avg. loss in the last 100 batches: 548.7940063476562
INFO:root:Avg. loss in the last 100 batches: 547.6403198242188
INFO:root:Avg. loss in the last 100 batches: 548.3740234375
INFO:root:Avg. loss in the last 100 batches: 548.4307861328125
INFO:root:Avg. loss in the last 100 batches: 547.3148803710938
INFO:root:Avg. loss in the last 100 batches: 550.16845703125
INFO:root:Avg. loss in the last 100 batches: 550.5791015625
INFO:root:Avg. loss in the last 100 batches: 553.0228271484375
INFO:root:Avg. loss in the last 100 batches: 552.6058959960938
INFO:root:Avg. loss in the last 100 batches: 549.3491821289062
INFO:root:Avg. loss in the last 100 batches: 548.9658813476562
INFO:root:Avg. loss in the last 100 batches: 549.66064453125
INFO:root:Avg. loss in the last 100 batches: 551.1896362304688
INFO:root:Avg. loss in the last 100 batches: 550.5751342773438
INFO:root:Avg. loss in the last 100 batches: 552.8250122070312
INFO:root:Avg. loss in the last 100 batches: 555.1228637695312
INFO:root:Avg. loss in the last 100 batches: 557.361328125
INFO:root:Avg. loss in the last 100 batches: 554.9247436523438
INFO:root:Avg. loss in the last 100 batches: 548.3482666015625
INFO:root:Avg. loss in the last 100 batches: 548.240234375
INFO:root:Avg. loss in the last 100 batches: 548.3382568359375
INFO:root:Avg. loss in the last 100 batches: 547.7987670898438
INFO:root:Avg. loss in the last 100 batches: 550.7185668945312
INFO:root:Avg. loss in the last 100 batches: 547.713134765625
INFO:root:Avg. loss in the last 100 batches: 554.0728759765625
INFO:root:Avg. loss in the last 100 batches: 550.8555297851562
INFO:root:Avg. loss in the last 100 batches: 552.2008666992188
INFO:root:Avg. loss in the last 100 batches: 550.9244995117188
INFO:root:Avg. loss in the last 100 batches: 548.9058227539062
INFO:root:Avg. loss in the last 100 batches: 548.193603515625
INFO:root:Avg. loss in the last 100 batches: 546.8424682617188
INFO:root:Avg. loss in the last 100 batches: 546.1114501953125
INFO:root:Avg. loss in the last 100 batches: 546.3528442382812
INFO:root:Avg. loss in the last 100 batches: 549.1150512695312
INFO:root:Avg. loss in the last 100 batches: 547.2039184570312
INFO:root:Avg. loss in the last 100 batches: 547.4705810546875
INFO:root:Avg. loss in the last 100 batches: 548.5685424804688
INFO:root:Avg. loss in the last 100 batches: 548.3562622070312
INFO:root:Avg. loss in the last 100 batches: 551.9168090820312
INFO:root:Avg. loss in the last 100 batches: 555.6559448242188
INFO:root:Avg. loss in the last 100 batches: 553.193603515625
INFO:root:Avg. loss in the last 100 batches: 553.4708251953125
INFO:root:Avg. loss in the last 100 batches: 546.8583374023438
INFO:root:Avg. loss in the last 100 batches: 548.2888793945312
INFO:root:Avg. loss in the last 100 batches: 547.0792236328125
INFO:root:Avg. loss in the last 100 batches: 550.9552612304688
INFO:root:Avg. loss in the last 100 batches: 552.8942260742188
INFO:root:Avg. loss in the last 100 batches: 552.0665283203125
INFO:root:Avg. loss in the last 100 batches: 551.37548828125
INFO:root:Avg. loss in the last 100 batches: 547.7489624023438
INFO:root:Avg. loss in the last 100 batches: 551.7927856445312
INFO:root:Avg. loss in the last 100 batches: 552.2064819335938
INFO:root:Avg. loss in the last 100 batches: 548.6360473632812
INFO:root:Avg. loss in the last 100 batches: 550.2896728515625
INFO:root:Avg. loss in the last 100 batches: 552.6760864257812
INFO:root:Avg. loss in the last 100 batches: 551.3143310546875
INFO:root:Avg. loss in the last 100 batches: 550.4884643554688
INFO:root:Avg. loss in the last 100 batches: 550.3417358398438
INFO:root:Avg. loss in the last 100 batches: 550.2772216796875
INFO:root:Avg. loss in the last 100 batches: 552.1646728515625
INFO:root:Avg. loss in the last 100 batches: 549.0550537109375
INFO:root:Avg. loss in the last 100 batches: 545.7550659179688
INFO:root:Avg. loss in the last 100 batches: 546.026611328125
INFO:root:Avg. loss in the last 100 batches: 548.8026733398438
INFO:root:Avg. loss in the last 100 batches: 548.0123901367188
INFO:root:Avg. loss in the last 100 batches: 548.8484497070312
INFO:root:Avg. loss in the last 100 batches: 546.0479736328125
INFO:root:Avg. loss in the last 100 batches: 545.9884033203125
INFO:root:Avg. loss in the last 100 batches: 550.6343994140625
INFO:root:Avg. loss in the last 100 batches: 550.467529296875
INFO:root:Avg. loss in the last 100 batches: 550.8082885742188
INFO:root:Avg. loss in the last 100 batches: 547.9598388671875
INFO:root:Avg. loss in the last 100 batches: 547.3129272460938
INFO:root:Avg. loss in the last 100 batches: 549.55859375
INFO:root:Avg. loss in the last 100 batches: 549.1317749023438
INFO:root:Avg. loss in the last 100 batches: 549.2433471679688
INFO:root:Avg. loss in the last 100 batches: 548.6033325195312
INFO:root:Avg. loss in the last 100 batches: 549.2386474609375
INFO:root:Avg. loss in the last 100 batches: 550.4432983398438
INFO:root:Avg. loss in the last 100 batches: 550.0997314453125
INFO:root:Avg. loss in the last 100 batches: 547.8656005859375
INFO:root:Avg. loss in the last 100 batches: 547.9594116210938
INFO:root:Avg. loss in the last 100 batches: 548.8615112304688
INFO:root:Avg. loss in the last 100 batches: 553.6202392578125
INFO:root:Avg. loss in the last 100 batches: 553.841064453125
INFO:root:Avg. loss in the last 100 batches: 551.3804321289062
INFO:root:Avg. loss in the last 100 batches: 547.8488159179688
INFO:root:Avg. loss in the last 100 batches: 552.0036010742188
INFO:root:Avg. loss of epoch 1: 550.0886840820312
INFO:root:Avg. testing loss: 54.99795150756836
INFO:root:Starting epoch 2
INFO:root:Avg. loss in the last 100 batches: 546.5640869140625
INFO:root:Avg. loss in the last 100 batches: 547.66015625
INFO:root:Avg. loss in the last 100 batches: 547.9760131835938
INFO:root:Avg. loss in the last 100 batches: 547.69482421875
INFO:root:Avg. loss in the last 100 batches: 546.4134521484375
INFO:root:Avg. loss in the last 100 batches: 546.654052734375
INFO:root:Avg. loss in the last 100 batches: 548.1560668945312
INFO:root:Avg. loss in the last 100 batches: 549.2402954101562
INFO:root:Avg. loss in the last 100 batches: 547.846923828125
INFO:root:Avg. loss in the last 100 batches: 547.8598022460938
INFO:root:Avg. loss in the last 100 batches: 547.6471557617188
INFO:root:Avg. loss in the last 100 batches: 547.9780883789062
INFO:root:Avg. loss in the last 100 batches: 546.8280029296875
INFO:root:Avg. loss in the last 100 batches: 547.3624877929688
INFO:root:Avg. loss in the last 100 batches: 547.5125122070312
INFO:root:Avg. loss in the last 100 batches: 551.3593139648438
INFO:root:Avg. loss in the last 100 batches: 552.1322631835938
INFO:root:Avg. loss in the last 100 batches: 548.777587890625
INFO:root:Avg. loss in the last 100 batches: 548.8425903320312
INFO:root:Avg. loss in the last 100 batches: 548.6735229492188
INFO:root:Avg. loss in the last 100 batches: 547.951904296875
INFO:root:Avg. loss in the last 100 batches: 551.873046875
INFO:root:Avg. loss in the last 100 batches: 553.4143676757812
INFO:root:Avg. loss in the last 100 batches: 552.7525634765625
INFO:root:Avg. loss in the last 100 batches: 557.2985229492188
INFO:root:Avg. loss in the last 100 batches: 553.8057861328125
INFO:root:Avg. loss in the last 100 batches: 553.3192138671875
INFO:root:Avg. loss in the last 100 batches: 546.9927368164062
INFO:root:Avg. loss in the last 100 batches: 548.9889526367188
INFO:root:Avg. loss in the last 100 batches: 547.4857788085938
INFO:root:Avg. loss in the last 100 batches: 548.7100830078125
INFO:root:Avg. loss in the last 100 batches: 547.0446166992188
INFO:root:Avg. loss in the last 100 batches: 548.0166015625
INFO:root:Avg. loss in the last 100 batches: 547.5552978515625
INFO:root:Avg. loss in the last 100 batches: 548.3821411132812
INFO:root:Avg. loss in the last 100 batches: 549.3345336914062
INFO:root:Avg. loss in the last 100 batches: 549.2308959960938
INFO:root:Avg. loss in the last 100 batches: 552.1856079101562
INFO:root:Avg. loss in the last 100 batches: 554.5076904296875
INFO:root:Avg. loss in the last 100 batches: 552.1229858398438
INFO:root:Avg. loss in the last 100 batches: 551.4708251953125
INFO:root:Avg. loss in the last 100 batches: 555.1438598632812
INFO:root:Avg. loss in the last 100 batches: 551.5252075195312
INFO:root:Avg. loss in the last 100 batches: 548.7888793945312
INFO:root:Avg. loss in the last 100 batches: 547.2730102539062
INFO:root:Avg. loss in the last 100 batches: 548.531494140625
INFO:root:Avg. loss in the last 100 batches: 549.1629028320312
INFO:root:Avg. loss in the last 100 batches: 550.433349609375
INFO:root:Avg. loss in the last 100 batches: 550.672607421875
INFO:root:Avg. loss in the last 100 batches: 549.5060424804688
INFO:root:Avg. loss in the last 100 batches: 547.0775146484375
INFO:root:Avg. loss in the last 100 batches: 546.439208984375
INFO:root:Avg. loss in the last 100 batches: 551.140625
INFO:root:Avg. loss in the last 100 batches: 550.3710327148438
INFO:root:Avg. loss in the last 100 batches: 554.5818481445312
INFO:root:Avg. loss in the last 100 batches: 549.1624755859375
INFO:root:Avg. loss in the last 100 batches: 547.9231567382812
INFO:root:Avg. loss in the last 100 batches: 548.724853515625
INFO:root:Avg. loss in the last 100 batches: 546.3651733398438
INFO:root:Avg. loss in the last 100 batches: 545.9747314453125
INFO:root:Avg. loss in the last 100 batches: 546.6346435546875
INFO:root:Avg. loss in the last 100 batches: 548.3092651367188
INFO:root:Avg. loss in the last 100 batches: 546.9138793945312
INFO:root:Avg. loss in the last 100 batches: 548.687744140625
INFO:root:Avg. loss in the last 100 batches: 549.302734375
INFO:root:Avg. loss in the last 100 batches: 547.5370483398438
INFO:root:Avg. loss in the last 100 batches: 547.7317504882812
INFO:root:Avg. loss in the last 100 batches: 550.0299682617188
INFO:root:Avg. loss in the last 100 batches: 548.3990478515625
INFO:root:Avg. loss in the last 100 batches: 550.3831787109375
INFO:root:Avg. loss in the last 100 batches: 550.1306762695312
INFO:root:Avg. loss in the last 100 batches: 549.421875
INFO:root:Avg. loss in the last 100 batches: 550.5897216796875
INFO:root:Avg. loss in the last 100 batches: 552.803955078125
INFO:root:Avg. loss in the last 100 batches: 552.4573974609375
INFO:root:Avg. loss in the last 100 batches: 553.2177124023438
INFO:root:Avg. loss in the last 100 batches: 548.0194702148438
INFO:root:Avg. loss in the last 100 batches: 546.1328735351562
INFO:root:Avg. loss in the last 100 batches: 547.2117309570312
INFO:root:Avg. loss in the last 100 batches: 548.7459106445312
INFO:root:Avg. loss in the last 100 batches: 546.9581298828125
INFO:root:Avg. loss in the last 100 batches: 548.515380859375
INFO:root:Avg. loss in the last 100 batches: 550.188232421875
INFO:root:Avg. loss in the last 100 batches: 548.6655883789062
INFO:root:Avg. loss in the last 100 batches: 550.03564453125
INFO:root:Avg. loss in the last 100 batches: 545.3930053710938
INFO:root:Avg. loss in the last 100 batches: 548.3988647460938
INFO:root:Avg. loss in the last 100 batches: 549.9140014648438
INFO:root:Avg. loss in the last 100 batches: 550.1806030273438
INFO:root:Avg. loss in the last 100 batches: 548.3014526367188
INFO:root:Avg. loss in the last 100 batches: 550.7296752929688
INFO:root:Avg. loss in the last 100 batches: 554.2985229492188
INFO:root:Avg. loss in the last 100 batches: 555.506103515625
INFO:root:Avg. loss in the last 100 batches: 553.9214477539062
INFO:root:Avg. loss in the last 100 batches: 551.6863403320312
INFO:root:Avg. loss in the last 100 batches: 548.0680541992188
INFO:root:Avg. loss in the last 100 batches: 549.505859375
INFO:root:Avg. loss in the last 100 batches: 549.0546264648438
INFO:root:Avg. loss in the last 100 batches: 548.5545043945312
INFO:root:Avg. loss in the last 100 batches: 548.6845092773438
INFO:root:Avg. loss in the last 100 batches: 548.7926025390625
INFO:root:Avg. loss in the last 100 batches: 548.5027465820312
INFO:root:Avg. loss in the last 100 batches: 550.176025390625
INFO:root:Avg. loss in the last 100 batches: 548.3206787109375
INFO:root:Avg. loss in the last 100 batches: 547.0866088867188
INFO:root:Avg. loss in the last 100 batches: 547.7425537109375
INFO:root:Avg. loss in the last 100 batches: 551.0326538085938
INFO:root:Avg. loss in the last 100 batches: 549.605712890625
INFO:root:Avg. loss in the last 100 batches: 551.0228271484375
INFO:root:Avg. loss in the last 100 batches: 556.9328002929688
INFO:root:Avg. loss in the last 100 batches: 561.1452026367188
INFO:root:Avg. loss in the last 100 batches: 552.0629272460938
INFO:root:Avg. loss in the last 100 batches: 552.8109741210938
INFO:root:Avg. loss in the last 100 batches: 552.700927734375
INFO:root:Avg. loss in the last 100 batches: 551.6317138671875
INFO:root:Avg. loss in the last 100 batches: 552.5864868164062
INFO:root:Avg. loss in the last 100 batches: 553.7877807617188
INFO:root:Avg. loss in the last 100 batches: 556.4464111328125
INFO:root:Avg. loss in the last 100 batches: 564.8425903320312
INFO:root:Avg. loss in the last 100 batches: 561.6993408203125
INFO:root:Avg. loss in the last 100 batches: 550.8067626953125
INFO:root:Avg. loss in the last 100 batches: 548.874755859375
INFO:root:Avg. loss in the last 100 batches: 549.1256713867188
INFO:root:Avg. loss in the last 100 batches: 548.7940063476562
INFO:root:Avg. loss in the last 100 batches: 547.6403198242188
INFO:root:Avg. loss in the last 100 batches: 548.3740234375
INFO:root:Avg. loss in the last 100 batches: 548.4307861328125
INFO:root:Avg. loss in the last 100 batches: 547.3148803710938
INFO:root:Avg. loss in the last 100 batches: 550.16845703125
INFO:root:Avg. loss in the last 100 batches: 550.5791015625
INFO:root:Avg. loss in the last 100 batches: 553.0228271484375
INFO:root:Avg. loss in the last 100 batches: 552.6058959960938
INFO:root:Avg. loss in the last 100 batches: 549.3491821289062
INFO:root:Avg. loss in the last 100 batches: 548.9658813476562
INFO:root:Avg. loss in the last 100 batches: 549.66064453125
INFO:root:Avg. loss in the last 100 batches: 551.1896362304688
INFO:root:Avg. loss in the last 100 batches: 550.5751342773438
INFO:root:Avg. loss in the last 100 batches: 552.8250122070312
INFO:root:Avg. loss in the last 100 batches: 555.1228637695312
INFO:root:Avg. loss in the last 100 batches: 557.361328125
INFO:root:Avg. loss in the last 100 batches: 554.9247436523438
INFO:root:Avg. loss in the last 100 batches: 548.3482666015625
INFO:root:Avg. loss in the last 100 batches: 548.240234375
INFO:root:Avg. loss in the last 100 batches: 548.3382568359375
INFO:root:Avg. loss in the last 100 batches: 547.7987670898438
INFO:root:Avg. loss in the last 100 batches: 550.7185668945312
INFO:root:Avg. loss in the last 100 batches: 547.713134765625
INFO:root:Avg. loss in the last 100 batches: 554.0728759765625
INFO:root:Avg. loss in the last 100 batches: 550.8555297851562
INFO:root:Avg. loss in the last 100 batches: 552.2008666992188
INFO:root:Avg. loss in the last 100 batches: 550.9244995117188
INFO:root:Avg. loss in the last 100 batches: 548.9058227539062
INFO:root:Avg. loss in the last 100 batches: 548.193603515625
INFO:root:Avg. loss in the last 100 batches: 546.8424682617188
INFO:root:Avg. loss in the last 100 batches: 546.1114501953125
INFO:root:Avg. loss in the last 100 batches: 546.3528442382812
INFO:root:Avg. loss in the last 100 batches: 549.1150512695312
INFO:root:Avg. loss in the last 100 batches: 547.2039184570312
INFO:root:Avg. loss in the last 100 batches: 547.4705810546875
INFO:root:Avg. loss in the last 100 batches: 548.5685424804688
INFO:root:Avg. loss in the last 100 batches: 548.3562622070312
INFO:root:Avg. loss in the last 100 batches: 551.9168090820312
INFO:root:Avg. loss in the last 100 batches: 555.6559448242188
INFO:root:Avg. loss in the last 100 batches: 553.193603515625
INFO:root:Avg. loss in the last 100 batches: 553.4708251953125
INFO:root:Avg. loss in the last 100 batches: 546.8583374023438
INFO:root:Avg. loss in the last 100 batches: 548.2888793945312
INFO:root:Avg. loss in the last 100 batches: 547.0792236328125
INFO:root:Avg. loss in the last 100 batches: 550.9552612304688
INFO:root:Avg. loss in the last 100 batches: 552.8942260742188
INFO:root:Avg. loss in the last 100 batches: 552.0665283203125
INFO:root:Avg. loss in the last 100 batches: 551.37548828125
INFO:root:Avg. loss in the last 100 batches: 547.7489624023438
INFO:root:Avg. loss in the last 100 batches: 551.7927856445312
INFO:root:Avg. loss in the last 100 batches: 552.2064819335938
INFO:root:Avg. loss in the last 100 batches: 548.6360473632812
INFO:root:Avg. loss in the last 100 batches: 550.2896728515625
INFO:root:Avg. loss in the last 100 batches: 552.6760864257812
INFO:root:Avg. loss in the last 100 batches: 551.3143310546875
INFO:root:Avg. loss in the last 100 batches: 550.4884643554688
INFO:root:Avg. loss in the last 100 batches: 550.3417358398438
INFO:root:Avg. loss in the last 100 batches: 550.2772216796875
INFO:root:Avg. loss in the last 100 batches: 552.1646728515625
INFO:root:Avg. loss in the last 100 batches: 549.0550537109375
INFO:root:Avg. loss in the last 100 batches: 545.7550659179688
INFO:root:Avg. loss in the last 100 batches: 546.026611328125
INFO:root:Avg. loss in the last 100 batches: 548.8026733398438
INFO:root:Avg. loss in the last 100 batches: 548.0123901367188
INFO:root:Avg. loss in the last 100 batches: 548.8484497070312
INFO:root:Avg. loss in the last 100 batches: 546.0479736328125
INFO:root:Avg. loss in the last 100 batches: 545.9884033203125
INFO:root:Avg. loss in the last 100 batches: 550.6343994140625
INFO:root:Avg. loss in the last 100 batches: 550.467529296875
INFO:root:Avg. loss in the last 100 batches: 550.8082885742188
INFO:root:Avg. loss in the last 100 batches: 547.9598388671875
INFO:root:Avg. loss in the last 100 batches: 547.3129272460938
INFO:root:Avg. loss in the last 100 batches: 549.55859375
INFO:root:Avg. loss in the last 100 batches: 549.1317749023438
INFO:root:Avg. loss in the last 100 batches: 549.2433471679688
INFO:root:Avg. loss in the last 100 batches: 548.6033325195312
INFO:root:Avg. loss in the last 100 batches: 549.2386474609375
INFO:root:Avg. loss in the last 100 batches: 550.4432983398438
INFO:root:Avg. loss in the last 100 batches: 550.0997314453125
INFO:root:Avg. loss in the last 100 batches: 547.8656005859375
INFO:root:Avg. loss in the last 100 batches: 547.9594116210938
INFO:root:Avg. loss in the last 100 batches: 548.8615112304688
INFO:root:Avg. loss in the last 100 batches: 553.6202392578125
INFO:root:Avg. loss in the last 100 batches: 553.841064453125
INFO:root:Avg. loss in the last 100 batches: 551.3804321289062
INFO:root:Avg. loss in the last 100 batches: 547.8488159179688
INFO:root:Avg. loss in the last 100 batches: 552.0036010742188
INFO:root:Avg. loss of epoch 2: 549.9663696289062
INFO:root:Avg. testing loss: 54.99795150756836
INFO:root:Starting epoch 3
INFO:root:Avg. loss in the last 100 batches: 546.5640869140625
INFO:root:Avg. loss in the last 100 batches: 547.66015625
INFO:root:Avg. loss in the last 100 batches: 547.9760131835938
INFO:root:Avg. loss in the last 100 batches: 547.69482421875
INFO:root:Avg. loss in the last 100 batches: 546.4134521484375
INFO:root:Avg. loss in the last 100 batches: 546.654052734375
INFO:root:Avg. loss in the last 100 batches: 548.1560668945312
INFO:root:Avg. loss in the last 100 batches: 549.2402954101562
INFO:root:Avg. loss in the last 100 batches: 547.846923828125
INFO:root:Avg. loss in the last 100 batches: 547.8598022460938
INFO:root:Avg. loss in the last 100 batches: 547.6471557617188
INFO:root:Avg. loss in the last 100 batches: 547.9780883789062
INFO:root:Avg. loss in the last 100 batches: 546.8280029296875
INFO:root:Avg. loss in the last 100 batches: 547.3624877929688
INFO:root:Avg. loss in the last 100 batches: 547.5125122070312
INFO:root:Avg. loss in the last 100 batches: 551.3593139648438
INFO:root:Avg. loss in the last 100 batches: 552.1322631835938
INFO:root:Avg. loss in the last 100 batches: 548.777587890625
INFO:root:Avg. loss in the last 100 batches: 548.8425903320312
INFO:root:Avg. loss in the last 100 batches: 548.6735229492188
INFO:root:Avg. loss in the last 100 batches: 547.951904296875
INFO:root:Avg. loss in the last 100 batches: 551.873046875
INFO:root:Avg. loss in the last 100 batches: 553.4143676757812
INFO:root:Avg. loss in the last 100 batches: 552.7525634765625
INFO:root:Avg. loss in the last 100 batches: 557.2985229492188
INFO:root:Avg. loss in the last 100 batches: 553.8057861328125
INFO:root:Avg. loss in the last 100 batches: 553.3192138671875
INFO:root:Avg. loss in the last 100 batches: 546.9927368164062
INFO:root:Avg. loss in the last 100 batches: 548.9889526367188
INFO:root:Avg. loss in the last 100 batches: 547.4857788085938
INFO:root:Avg. loss in the last 100 batches: 548.7100830078125
INFO:root:Avg. loss in the last 100 batches: 547.0446166992188
INFO:root:Avg. loss in the last 100 batches: 548.0166015625
INFO:root:Avg. loss in the last 100 batches: 547.5552978515625
INFO:root:Avg. loss in the last 100 batches: 548.3821411132812
INFO:root:Avg. loss in the last 100 batches: 549.3345336914062
INFO:root:Avg. loss in the last 100 batches: 549.2308959960938
INFO:root:Avg. loss in the last 100 batches: 552.1856079101562
INFO:root:Avg. loss in the last 100 batches: 554.5076904296875
INFO:root:Avg. loss in the last 100 batches: 552.1229858398438
INFO:root:Avg. loss in the last 100 batches: 551.4708251953125
INFO:root:Avg. loss in the last 100 batches: 555.1438598632812
INFO:root:Avg. loss in the last 100 batches: 551.5252075195312
INFO:root:Avg. loss in the last 100 batches: 548.7888793945312
INFO:root:Avg. loss in the last 100 batches: 547.2730102539062
INFO:root:Avg. loss in the last 100 batches: 548.531494140625
INFO:root:Avg. loss in the last 100 batches: 549.1629028320312
INFO:root:Avg. loss in the last 100 batches: 550.433349609375
INFO:root:Avg. loss in the last 100 batches: 550.672607421875
INFO:root:Avg. loss in the last 100 batches: 549.5060424804688
INFO:root:Avg. loss in the last 100 batches: 547.0775146484375
INFO:root:Avg. loss in the last 100 batches: 546.439208984375
INFO:root:Avg. loss in the last 100 batches: 551.140625
INFO:root:Avg. loss in the last 100 batches: 550.3710327148438
INFO:root:Avg. loss in the last 100 batches: 554.5818481445312
INFO:root:Avg. loss in the last 100 batches: 549.1624755859375
INFO:root:Avg. loss in the last 100 batches: 547.9231567382812
INFO:root:Avg. loss in the last 100 batches: 548.724853515625
INFO:root:Avg. loss in the last 100 batches: 546.3651733398438
INFO:root:Avg. loss in the last 100 batches: 545.9747314453125
INFO:root:Avg. loss in the last 100 batches: 546.6346435546875
INFO:root:Avg. loss in the last 100 batches: 548.3092651367188
INFO:root:Avg. loss in the last 100 batches: 546.9138793945312
INFO:root:Avg. loss in the last 100 batches: 548.687744140625
INFO:root:Avg. loss in the last 100 batches: 549.302734375
INFO:root:Avg. loss in the last 100 batches: 547.5370483398438
INFO:root:Avg. loss in the last 100 batches: 547.7317504882812
INFO:root:Avg. loss in the last 100 batches: 550.0299682617188
INFO:root:Avg. loss in the last 100 batches: 548.3990478515625
INFO:root:Avg. loss in the last 100 batches: 550.3831787109375
INFO:root:Avg. loss in the last 100 batches: 550.1306762695312
INFO:root:Avg. loss in the last 100 batches: 549.421875
INFO:root:Avg. loss in the last 100 batches: 550.5897216796875
INFO:root:Avg. loss in the last 100 batches: 552.803955078125
INFO:root:Avg. loss in the last 100 batches: 552.4573974609375
INFO:root:Avg. loss in the last 100 batches: 553.2177124023438
INFO:root:Avg. loss in the last 100 batches: 548.0194702148438
INFO:root:Avg. loss in the last 100 batches: 546.1328735351562
INFO:root:Avg. loss in the last 100 batches: 547.2117309570312
INFO:root:Avg. loss in the last 100 batches: 548.7459106445312
INFO:root:Avg. loss in the last 100 batches: 546.9581298828125
INFO:root:Avg. loss in the last 100 batches: 548.515380859375
INFO:root:Avg. loss in the last 100 batches: 550.188232421875
INFO:root:Avg. loss in the last 100 batches: 548.6655883789062
INFO:root:Avg. loss in the last 100 batches: 550.03564453125
INFO:root:Avg. loss in the last 100 batches: 545.3930053710938
INFO:root:Avg. loss in the last 100 batches: 548.3988647460938
INFO:root:Avg. loss in the last 100 batches: 549.9140014648438
INFO:root:Avg. loss in the last 100 batches: 550.1806030273438
INFO:root:Avg. loss in the last 100 batches: 548.3014526367188
INFO:root:Avg. loss in the last 100 batches: 550.7296752929688
INFO:root:Avg. loss in the last 100 batches: 554.2985229492188
INFO:root:Avg. loss in the last 100 batches: 555.506103515625
INFO:root:Avg. loss in the last 100 batches: 553.9214477539062
INFO:root:Avg. loss in the last 100 batches: 551.6863403320312
INFO:root:Avg. loss in the last 100 batches: 548.0680541992188
INFO:root:Avg. loss in the last 100 batches: 549.505859375
INFO:root:Avg. loss in the last 100 batches: 549.0546264648438
INFO:root:Avg. loss in the last 100 batches: 548.5545043945312
INFO:root:Avg. loss in the last 100 batches: 548.6845092773438
INFO:root:Avg. loss in the last 100 batches: 548.7926025390625
INFO:root:Avg. loss in the last 100 batches: 548.5027465820312
INFO:root:Avg. loss in the last 100 batches: 550.176025390625
INFO:root:Avg. loss in the last 100 batches: 548.3206787109375
INFO:root:Avg. loss in the last 100 batches: 547.0866088867188
INFO:root:Avg. loss in the last 100 batches: 547.7425537109375
INFO:root:Avg. loss in the last 100 batches: 551.0326538085938
INFO:root:Avg. loss in the last 100 batches: 549.605712890625
INFO:root:Avg. loss in the last 100 batches: 551.0228271484375
INFO:root:Avg. loss in the last 100 batches: 556.9328002929688
INFO:root:Avg. loss in the last 100 batches: 561.1452026367188
INFO:root:Avg. loss in the last 100 batches: 552.0629272460938
INFO:root:Avg. loss in the last 100 batches: 552.8109741210938
INFO:root:Avg. loss in the last 100 batches: 552.700927734375
INFO:root:Avg. loss in the last 100 batches: 551.6317138671875
INFO:root:Avg. loss in the last 100 batches: 552.5864868164062
INFO:root:Avg. loss in the last 100 batches: 553.7877807617188
INFO:root:Avg. loss in the last 100 batches: 556.4464111328125
INFO:root:Avg. loss in the last 100 batches: 564.8425903320312
INFO:root:Avg. loss in the last 100 batches: 561.6993408203125
INFO:root:Avg. loss in the last 100 batches: 550.8067626953125
INFO:root:Avg. loss in the last 100 batches: 548.874755859375
INFO:root:Avg. loss in the last 100 batches: 549.1256713867188
INFO:root:Avg. loss in the last 100 batches: 548.7940063476562
INFO:root:Avg. loss in the last 100 batches: 547.6403198242188
INFO:root:Avg. loss in the last 100 batches: 548.3740234375
INFO:root:Avg. loss in the last 100 batches: 548.4307861328125
INFO:root:Avg. loss in the last 100 batches: 547.3148803710938
INFO:root:Avg. loss in the last 100 batches: 550.16845703125
INFO:root:Avg. loss in the last 100 batches: 550.5791015625
INFO:root:Avg. loss in the last 100 batches: 553.0228271484375
INFO:root:Avg. loss in the last 100 batches: 552.6058959960938
INFO:root:Avg. loss in the last 100 batches: 549.3491821289062
INFO:root:Avg. loss in the last 100 batches: 548.9658813476562
INFO:root:Avg. loss in the last 100 batches: 549.66064453125
INFO:root:Avg. loss in the last 100 batches: 551.1896362304688
INFO:root:Avg. loss in the last 100 batches: 550.5751342773438
INFO:root:Avg. loss in the last 100 batches: 552.8250122070312
INFO:root:Avg. loss in the last 100 batches: 555.1228637695312
INFO:root:Avg. loss in the last 100 batches: 557.361328125
INFO:root:Avg. loss in the last 100 batches: 554.9247436523438
INFO:root:Avg. loss in the last 100 batches: 548.3482666015625
INFO:root:Avg. loss in the last 100 batches: 548.240234375
INFO:root:Avg. loss in the last 100 batches: 548.3382568359375
INFO:root:Avg. loss in the last 100 batches: 547.7987670898438
INFO:root:Avg. loss in the last 100 batches: 550.7185668945312
INFO:root:Avg. loss in the last 100 batches: 547.713134765625
INFO:root:Avg. loss in the last 100 batches: 554.0728759765625
INFO:root:Avg. loss in the last 100 batches: 550.8555297851562
INFO:root:Avg. loss in the last 100 batches: 552.2008666992188
INFO:root:Avg. loss in the last 100 batches: 550.9244995117188
INFO:root:Avg. loss in the last 100 batches: 548.9058227539062
INFO:root:Avg. loss in the last 100 batches: 548.193603515625
INFO:root:Avg. loss in the last 100 batches: 546.8424682617188
INFO:root:Avg. loss in the last 100 batches: 546.1114501953125
INFO:root:Avg. loss in the last 100 batches: 546.3528442382812
INFO:root:Avg. loss in the last 100 batches: 549.1150512695312
INFO:root:Avg. loss in the last 100 batches: 547.2039184570312
INFO:root:Avg. loss in the last 100 batches: 547.4705810546875
INFO:root:Avg. loss in the last 100 batches: 548.5685424804688
INFO:root:Avg. loss in the last 100 batches: 548.3562622070312
INFO:root:Avg. loss in the last 100 batches: 551.9168090820312
INFO:root:Avg. loss in the last 100 batches: 555.6559448242188
INFO:root:Avg. loss in the last 100 batches: 553.193603515625
INFO:root:Avg. loss in the last 100 batches: 553.4708251953125
INFO:root:Avg. loss in the last 100 batches: 546.8583374023438
INFO:root:Avg. loss in the last 100 batches: 548.2888793945312
INFO:root:Avg. loss in the last 100 batches: 547.0792236328125
INFO:root:Avg. loss in the last 100 batches: 550.9552612304688
INFO:root:Avg. loss in the last 100 batches: 552.8942260742188
INFO:root:Avg. loss in the last 100 batches: 552.0665283203125
INFO:root:Avg. loss in the last 100 batches: 551.37548828125
INFO:root:Avg. loss in the last 100 batches: 547.7489624023438
INFO:root:Avg. loss in the last 100 batches: 551.7927856445312
INFO:root:Avg. loss in the last 100 batches: 552.2064819335938
INFO:root:Avg. loss in the last 100 batches: 548.6360473632812
INFO:root:Avg. loss in the last 100 batches: 550.2896728515625
INFO:root:Avg. loss in the last 100 batches: 552.6760864257812
INFO:root:Avg. loss in the last 100 batches: 551.3143310546875
INFO:root:Avg. loss in the last 100 batches: 550.4884643554688
INFO:root:Avg. loss in the last 100 batches: 550.3417358398438
INFO:root:Avg. loss in the last 100 batches: 550.2772216796875
INFO:root:Avg. loss in the last 100 batches: 552.1646728515625
INFO:root:Avg. loss in the last 100 batches: 549.0550537109375
INFO:root:Avg. loss in the last 100 batches: 545.7550659179688
INFO:root:Avg. loss in the last 100 batches: 546.026611328125
INFO:root:Avg. loss in the last 100 batches: 548.8026733398438
INFO:root:Avg. loss in the last 100 batches: 548.0123901367188
INFO:root:Avg. loss in the last 100 batches: 548.8484497070312
INFO:root:Avg. loss in the last 100 batches: 546.0479736328125
INFO:root:Avg. loss in the last 100 batches: 545.9884033203125
INFO:root:Avg. loss in the last 100 batches: 550.6343994140625
INFO:root:Avg. loss in the last 100 batches: 550.467529296875
INFO:root:Avg. loss in the last 100 batches: 550.8082885742188
INFO:root:Avg. loss in the last 100 batches: 547.9598388671875
INFO:root:Avg. loss in the last 100 batches: 547.3129272460938
INFO:root:Avg. loss in the last 100 batches: 549.55859375
INFO:root:Avg. loss in the last 100 batches: 549.1317749023438
INFO:root:Avg. loss in the last 100 batches: 549.2433471679688
INFO:root:Avg. loss in the last 100 batches: 548.6033325195312
INFO:root:Avg. loss in the last 100 batches: 549.2386474609375
INFO:root:Avg. loss in the last 100 batches: 550.4432983398438
INFO:root:Avg. loss in the last 100 batches: 550.0997314453125
INFO:root:Avg. loss in the last 100 batches: 547.8656005859375
INFO:root:Avg. loss in the last 100 batches: 547.9594116210938
INFO:root:Avg. loss in the last 100 batches: 548.8615112304688
INFO:root:Avg. loss in the last 100 batches: 553.6202392578125
INFO:root:Avg. loss in the last 100 batches: 553.841064453125
INFO:root:Avg. loss in the last 100 batches: 551.3804321289062
INFO:root:Avg. loss in the last 100 batches: 547.8488159179688
INFO:root:Avg. loss in the last 100 batches: 552.0036010742188
INFO:root:Avg. loss of epoch 3: 549.9663696289062
INFO:root:Avg. testing loss: 54.99795150756836
INFO:root:Starting epoch 4
INFO:root:Avg. loss in the last 100 batches: 546.5640869140625
INFO:root:Avg. loss in the last 100 batches: 547.66015625
INFO:root:Avg. loss in the last 100 batches: 547.9760131835938
INFO:root:Avg. loss in the last 100 batches: 547.69482421875
INFO:root:Avg. loss in the last 100 batches: 546.4134521484375
INFO:root:Avg. loss in the last 100 batches: 546.654052734375
INFO:root:Avg. loss in the last 100 batches: 548.1560668945312
INFO:root:Avg. loss in the last 100 batches: 549.2402954101562
INFO:root:Avg. loss in the last 100 batches: 547.846923828125
INFO:root:Avg. loss in the last 100 batches: 547.8598022460938
INFO:root:Avg. loss in the last 100 batches: 547.6471557617188
INFO:root:Avg. loss in the last 100 batches: 547.9780883789062
INFO:root:Avg. loss in the last 100 batches: 546.8280029296875
INFO:root:Avg. loss in the last 100 batches: 547.3624877929688
INFO:root:Avg. loss in the last 100 batches: 547.5125122070312
INFO:root:Avg. loss in the last 100 batches: 551.3593139648438
INFO:root:Avg. loss in the last 100 batches: 552.1322631835938
INFO:root:Avg. loss in the last 100 batches: 548.777587890625
INFO:root:Avg. loss in the last 100 batches: 548.8425903320312
INFO:root:Avg. loss in the last 100 batches: 548.6735229492188
INFO:root:Avg. loss in the last 100 batches: 547.951904296875
INFO:root:Avg. loss in the last 100 batches: 551.873046875
INFO:root:Avg. loss in the last 100 batches: 553.4143676757812
INFO:root:Avg. loss in the last 100 batches: 552.7525634765625
INFO:root:Avg. loss in the last 100 batches: 557.2985229492188
INFO:root:Avg. loss in the last 100 batches: 553.8057861328125
INFO:root:Avg. loss in the last 100 batches: 553.3192138671875
INFO:root:Avg. loss in the last 100 batches: 546.9927368164062
INFO:root:Avg. loss in the last 100 batches: 548.9889526367188
INFO:root:Avg. loss in the last 100 batches: 547.4857788085938
INFO:root:Avg. loss in the last 100 batches: 548.7100830078125
INFO:root:Avg. loss in the last 100 batches: 547.0446166992188
INFO:root:Avg. loss in the last 100 batches: 548.0166015625
INFO:root:Avg. loss in the last 100 batches: 547.5552978515625
INFO:root:Avg. loss in the last 100 batches: 548.3821411132812
INFO:root:Avg. loss in the last 100 batches: 549.3345336914062
INFO:root:Avg. loss in the last 100 batches: 549.2308959960938
INFO:root:Avg. loss in the last 100 batches: 552.1856079101562
INFO:root:Avg. loss in the last 100 batches: 554.5076904296875
INFO:root:Avg. loss in the last 100 batches: 552.1229858398438
INFO:root:Avg. loss in the last 100 batches: 551.4708251953125
INFO:root:Avg. loss in the last 100 batches: 555.1438598632812
INFO:root:Avg. loss in the last 100 batches: 551.5252075195312
INFO:root:Avg. loss in the last 100 batches: 548.7888793945312
INFO:root:Avg. loss in the last 100 batches: 547.2730102539062
INFO:root:Avg. loss in the last 100 batches: 548.531494140625
INFO:root:Avg. loss in the last 100 batches: 549.1629028320312
INFO:root:Avg. loss in the last 100 batches: 550.433349609375
INFO:root:Avg. loss in the last 100 batches: 550.672607421875
INFO:root:Avg. loss in the last 100 batches: 549.5060424804688
INFO:root:Avg. loss in the last 100 batches: 547.0775146484375
INFO:root:Avg. loss in the last 100 batches: 546.439208984375
INFO:root:Avg. loss in the last 100 batches: 551.140625
INFO:root:Avg. loss in the last 100 batches: 550.3710327148438
INFO:root:Avg. loss in the last 100 batches: 554.5818481445312
INFO:root:Avg. loss in the last 100 batches: 549.1624755859375
INFO:root:Avg. loss in the last 100 batches: 547.9231567382812
INFO:root:Avg. loss in the last 100 batches: 548.724853515625
INFO:root:Avg. loss in the last 100 batches: 546.3651733398438
INFO:root:Avg. loss in the last 100 batches: 545.9747314453125
INFO:root:Avg. loss in the last 100 batches: 546.6346435546875
INFO:root:Avg. loss in the last 100 batches: 548.3092651367188
INFO:root:Avg. loss in the last 100 batches: 546.9138793945312
INFO:root:Avg. loss in the last 100 batches: 548.687744140625
INFO:root:Avg. loss in the last 100 batches: 549.302734375
INFO:root:Avg. loss in the last 100 batches: 547.5370483398438
INFO:root:Avg. loss in the last 100 batches: 547.7317504882812
INFO:root:Avg. loss in the last 100 batches: 550.0299682617188
INFO:root:Avg. loss in the last 100 batches: 548.3990478515625
INFO:root:Avg. loss in the last 100 batches: 550.3831787109375
INFO:root:Avg. loss in the last 100 batches: 550.1306762695312
INFO:root:Avg. loss in the last 100 batches: 549.421875
INFO:root:Avg. loss in the last 100 batches: 550.5897216796875
INFO:root:Avg. loss in the last 100 batches: 552.803955078125
INFO:root:Avg. loss in the last 100 batches: 552.4573974609375
INFO:root:Avg. loss in the last 100 batches: 553.2177124023438
INFO:root:Avg. loss in the last 100 batches: 548.0194702148438
INFO:root:Avg. loss in the last 100 batches: 546.1328735351562
INFO:root:Avg. loss in the last 100 batches: 547.2117309570312
INFO:root:Avg. loss in the last 100 batches: 548.7459106445312
INFO:root:Avg. loss in the last 100 batches: 546.9581298828125
INFO:root:Avg. loss in the last 100 batches: 548.515380859375
INFO:root:Avg. loss in the last 100 batches: 550.188232421875
INFO:root:Avg. loss in the last 100 batches: 548.6655883789062
INFO:root:Avg. loss in the last 100 batches: 550.03564453125
INFO:root:Avg. loss in the last 100 batches: 545.3930053710938
INFO:root:Avg. loss in the last 100 batches: 548.3988647460938
INFO:root:Avg. loss in the last 100 batches: 549.9140014648438
INFO:root:Avg. loss in the last 100 batches: 550.1806030273438
INFO:root:Avg. loss in the last 100 batches: 548.3014526367188
INFO:root:Avg. loss in the last 100 batches: 550.7296752929688
INFO:root:Avg. loss in the last 100 batches: 554.2985229492188
INFO:root:Avg. loss in the last 100 batches: 555.506103515625
INFO:root:Avg. loss in the last 100 batches: 553.9214477539062
INFO:root:Avg. loss in the last 100 batches: 551.6863403320312
INFO:root:Avg. loss in the last 100 batches: 548.0680541992188
INFO:root:Avg. loss in the last 100 batches: 549.505859375
INFO:root:Avg. loss in the last 100 batches: 549.0546264648438
INFO:root:Avg. loss in the last 100 batches: 548.5545043945312
INFO:root:Avg. loss in the last 100 batches: 548.6845092773438
INFO:root:Avg. loss in the last 100 batches: 548.7926025390625
INFO:root:Avg. loss in the last 100 batches: 548.5027465820312
INFO:root:Avg. loss in the last 100 batches: 550.176025390625
INFO:root:Avg. loss in the last 100 batches: 548.3206787109375
INFO:root:Avg. loss in the last 100 batches: 547.0866088867188
INFO:root:Avg. loss in the last 100 batches: 547.7425537109375
INFO:root:Avg. loss in the last 100 batches: 551.0326538085938
INFO:root:Avg. loss in the last 100 batches: 549.605712890625
INFO:root:Avg. loss in the last 100 batches: 551.0228271484375
INFO:root:Avg. loss in the last 100 batches: 556.9328002929688
INFO:root:Avg. loss in the last 100 batches: 561.1452026367188
INFO:root:Avg. loss in the last 100 batches: 552.0629272460938
INFO:root:Avg. loss in the last 100 batches: 552.8109741210938
INFO:root:Avg. loss in the last 100 batches: 552.700927734375
INFO:root:Avg. loss in the last 100 batches: 551.6317138671875
INFO:root:Avg. loss in the last 100 batches: 552.5864868164062
INFO:root:Avg. loss in the last 100 batches: 553.7877807617188
INFO:root:Avg. loss in the last 100 batches: 556.4464111328125
INFO:root:Avg. loss in the last 100 batches: 564.8425903320312
INFO:root:Avg. loss in the last 100 batches: 561.6993408203125
INFO:root:Avg. loss in the last 100 batches: 550.8067626953125
INFO:root:Avg. loss in the last 100 batches: 548.874755859375
INFO:root:Avg. loss in the last 100 batches: 549.1256713867188
INFO:root:Avg. loss in the last 100 batches: 548.7940063476562
INFO:root:Avg. loss in the last 100 batches: 547.6403198242188
INFO:root:Avg. loss in the last 100 batches: 548.3740234375
INFO:root:Avg. loss in the last 100 batches: 548.4307861328125
INFO:root:Avg. loss in the last 100 batches: 547.3148803710938
INFO:root:Avg. loss in the last 100 batches: 550.16845703125
INFO:root:Avg. loss in the last 100 batches: 550.5791015625
INFO:root:Avg. loss in the last 100 batches: 553.0228271484375
INFO:root:Avg. loss in the last 100 batches: 552.6058959960938
INFO:root:Avg. loss in the last 100 batches: 549.3491821289062
INFO:root:Avg. loss in the last 100 batches: 548.9658813476562
INFO:root:Avg. loss in the last 100 batches: 549.66064453125
INFO:root:Avg. loss in the last 100 batches: 551.1896362304688
INFO:root:Avg. loss in the last 100 batches: 550.5751342773438
INFO:root:Avg. loss in the last 100 batches: 552.8250122070312
INFO:root:Avg. loss in the last 100 batches: 555.1228637695312
INFO:root:Avg. loss in the last 100 batches: 557.361328125
INFO:root:Avg. loss in the last 100 batches: 554.9247436523438
INFO:root:Avg. loss in the last 100 batches: 548.3482666015625
INFO:root:Avg. loss in the last 100 batches: 548.240234375
INFO:root:Avg. loss in the last 100 batches: 548.3382568359375
INFO:root:Avg. loss in the last 100 batches: 547.7987670898438
INFO:root:Avg. loss in the last 100 batches: 550.7185668945312
INFO:root:Avg. loss in the last 100 batches: 547.713134765625
INFO:root:Avg. loss in the last 100 batches: 554.0728759765625
INFO:root:Avg. loss in the last 100 batches: 550.8555297851562
INFO:root:Avg. loss in the last 100 batches: 552.2008666992188
INFO:root:Avg. loss in the last 100 batches: 550.9244995117188
INFO:root:Avg. loss in the last 100 batches: 548.9058227539062
INFO:root:Avg. loss in the last 100 batches: 548.193603515625
INFO:root:Avg. loss in the last 100 batches: 546.8424682617188
INFO:root:Avg. loss in the last 100 batches: 546.1114501953125
INFO:root:Avg. loss in the last 100 batches: 546.3528442382812
INFO:root:Avg. loss in the last 100 batches: 549.1150512695312
INFO:root:Avg. loss in the last 100 batches: 547.2039184570312
INFO:root:Avg. loss in the last 100 batches: 547.4705810546875
INFO:root:Avg. loss in the last 100 batches: 548.5685424804688
INFO:root:Avg. loss in the last 100 batches: 548.3562622070312
INFO:root:Avg. loss in the last 100 batches: 551.9168090820312
INFO:root:Avg. loss in the last 100 batches: 555.6559448242188
INFO:root:Avg. loss in the last 100 batches: 553.193603515625
INFO:root:Avg. loss in the last 100 batches: 553.4708251953125
INFO:root:Avg. loss in the last 100 batches: 546.8583374023438
INFO:root:Avg. loss in the last 100 batches: 548.2888793945312
INFO:root:Avg. loss in the last 100 batches: 547.0792236328125
INFO:root:Avg. loss in the last 100 batches: 550.9552612304688
INFO:root:Avg. loss in the last 100 batches: 552.8942260742188
INFO:root:Avg. loss in the last 100 batches: 552.0665283203125
INFO:root:Avg. loss in the last 100 batches: 551.37548828125
INFO:root:Avg. loss in the last 100 batches: 547.7489624023438
INFO:root:Avg. loss in the last 100 batches: 551.7927856445312
INFO:root:Avg. loss in the last 100 batches: 552.2064819335938
INFO:root:Avg. loss in the last 100 batches: 548.6360473632812
INFO:root:Avg. loss in the last 100 batches: 550.2896728515625
INFO:root:Avg. loss in the last 100 batches: 552.6760864257812
INFO:root:Avg. loss in the last 100 batches: 551.3143310546875
INFO:root:Avg. loss in the last 100 batches: 550.4884643554688
INFO:root:Avg. loss in the last 100 batches: 550.3417358398438
INFO:root:Avg. loss in the last 100 batches: 550.2772216796875
INFO:root:Avg. loss in the last 100 batches: 552.1646728515625
INFO:root:Avg. loss in the last 100 batches: 549.0550537109375
INFO:root:Avg. loss in the last 100 batches: 545.7550659179688
INFO:root:Avg. loss in the last 100 batches: 546.026611328125
INFO:root:Avg. loss in the last 100 batches: 548.8026733398438
INFO:root:Avg. loss in the last 100 batches: 548.0123901367188
INFO:root:Avg. loss in the last 100 batches: 548.8484497070312
INFO:root:Avg. loss in the last 100 batches: 546.0479736328125
INFO:root:Avg. loss in the last 100 batches: 545.9884033203125
INFO:root:Avg. loss in the last 100 batches: 550.6343994140625
INFO:root:Avg. loss in the last 100 batches: 550.467529296875
INFO:root:Avg. loss in the last 100 batches: 550.8082885742188
INFO:root:Avg. loss in the last 100 batches: 547.9598388671875
INFO:root:Avg. loss in the last 100 batches: 547.3129272460938
INFO:root:Avg. loss in the last 100 batches: 549.55859375
INFO:root:Avg. loss in the last 100 batches: 549.1317749023438
INFO:root:Avg. loss in the last 100 batches: 549.2433471679688
INFO:root:Avg. loss in the last 100 batches: 548.6033325195312
INFO:root:Avg. loss in the last 100 batches: 549.2386474609375
INFO:root:Avg. loss in the last 100 batches: 550.4432983398438
INFO:root:Avg. loss in the last 100 batches: 550.0997314453125
INFO:root:Avg. loss in the last 100 batches: 547.8656005859375
INFO:root:Avg. loss in the last 100 batches: 547.9594116210938
INFO:root:Avg. loss in the last 100 batches: 548.8615112304688
INFO:root:Avg. loss in the last 100 batches: 553.6202392578125
INFO:root:Avg. loss in the last 100 batches: 553.841064453125
INFO:root:Avg. loss in the last 100 batches: 551.3804321289062
INFO:root:Avg. loss in the last 100 batches: 547.8488159179688
INFO:root:Avg. loss in the last 100 batches: 552.0036010742188
INFO:root:Avg. loss of epoch 4: 549.9663696289062
INFO:root:Avg. testing loss: 54.99795150756836
INFO:root:Starting epoch 5
INFO:root:Avg. loss in the last 100 batches: 546.5640869140625
INFO:root:Avg. loss in the last 100 batches: 547.66015625
INFO:root:Avg. loss in the last 100 batches: 547.9760131835938
INFO:root:Avg. loss in the last 100 batches: 547.69482421875
INFO:root:Avg. loss in the last 100 batches: 546.4134521484375
INFO:root:Avg. loss in the last 100 batches: 546.654052734375
INFO:root:Avg. loss in the last 100 batches: 548.1560668945312
INFO:root:Avg. loss in the last 100 batches: 549.2402954101562
INFO:root:Avg. loss in the last 100 batches: 547.846923828125
INFO:root:Avg. loss in the last 100 batches: 547.8598022460938
INFO:root:Avg. loss in the last 100 batches: 547.6471557617188
INFO:root:Avg. loss in the last 100 batches: 547.9780883789062
INFO:root:Avg. loss in the last 100 batches: 546.8280029296875
INFO:root:Avg. loss in the last 100 batches: 547.3624877929688
INFO:root:Avg. loss in the last 100 batches: 547.5125122070312
INFO:root:Avg. loss in the last 100 batches: 551.3593139648438
INFO:root:Avg. loss in the last 100 batches: 552.1322631835938
INFO:root:Avg. loss in the last 100 batches: 548.777587890625
INFO:root:Avg. loss in the last 100 batches: 548.8425903320312
INFO:root:Avg. loss in the last 100 batches: 548.6735229492188
INFO:root:Avg. loss in the last 100 batches: 547.951904296875
INFO:root:Avg. loss in the last 100 batches: 551.873046875
INFO:root:Avg. loss in the last 100 batches: 553.4143676757812
INFO:root:Avg. loss in the last 100 batches: 552.7525634765625
INFO:root:Avg. loss in the last 100 batches: 557.2985229492188
INFO:root:Avg. loss in the last 100 batches: 553.8057861328125
INFO:root:Avg. loss in the last 100 batches: 553.3192138671875
INFO:root:Avg. loss in the last 100 batches: 546.9927368164062
INFO:root:Avg. loss in the last 100 batches: 548.9889526367188
INFO:root:Avg. loss in the last 100 batches: 547.4857788085938
INFO:root:Avg. loss in the last 100 batches: 548.7100830078125
INFO:root:Avg. loss in the last 100 batches: 547.0446166992188
INFO:root:Avg. loss in the last 100 batches: 548.0166015625
INFO:root:Avg. loss in the last 100 batches: 547.5552978515625
INFO:root:Avg. loss in the last 100 batches: 548.3821411132812
INFO:root:Avg. loss in the last 100 batches: 549.3345336914062
INFO:root:Avg. loss in the last 100 batches: 549.2308959960938
INFO:root:Avg. loss in the last 100 batches: 552.1856079101562
INFO:root:Avg. loss in the last 100 batches: 554.5076904296875
INFO:root:Avg. loss in the last 100 batches: 552.1229858398438
INFO:root:Avg. loss in the last 100 batches: 551.4708251953125
INFO:root:Avg. loss in the last 100 batches: 555.1438598632812
INFO:root:Avg. loss in the last 100 batches: 551.5252075195312
INFO:root:Avg. loss in the last 100 batches: 548.7888793945312
INFO:root:Avg. loss in the last 100 batches: 547.2730102539062
INFO:root:Avg. loss in the last 100 batches: 548.531494140625
INFO:root:Avg. loss in the last 100 batches: 549.1629028320312
INFO:root:Avg. loss in the last 100 batches: 550.433349609375
INFO:root:Avg. loss in the last 100 batches: 550.672607421875
INFO:root:Avg. loss in the last 100 batches: 549.5060424804688
INFO:root:Avg. loss in the last 100 batches: 547.0775146484375
INFO:root:Avg. loss in the last 100 batches: 546.439208984375
