INFO:root:Training Run ID: 1644573504
INFO:root:Classifier model: <class 'cnn.convolutional_model.Classifier'>
INFO:root:Hidden layer size: 200
INFO:root:Training classifier with the following parameters:
INFO:root:Folder with documents: data/openalex/split_filtered
INFO:root:File with subject information: data/openalex/subjects.json
INFO:root:No. of words kept per document: 250
INFO:root:No. of dimensions per word: 300
INFO:root:Dropout probability: 0.3
INFO:root:Training loss function: BCELoss()
INFO:root:Optimizer: SGD
INFO:root:Batch size: 10
INFO:root:No. of epochs: 30
INFO:root:Learning rate: 0.25
INFO:root:Momentum: 0.5
INFO:root:Scheduler: <class 'torch.optim.lr_scheduler.OneCycleLR'>
INFO:root:Scheduler steps: 9000
INFO:root:Data shuffling?: True

INFO:root:Dataset has 427852 documents
INFO:root:There are 2157 subjects.

INFO:root:Starting epoch 1
INFO:root:Avg. loss in the last 100 batches: 0.6923627257347107
INFO:root:New lr: 0.010000081291507562
INFO:root:Avg. loss in the last 100 batches: 0.6886159181594849
INFO:root:New lr: 0.01000032516592006
INFO:root:Avg. loss in the last 100 batches: 0.6779592633247375
INFO:root:New lr: 0.010000731622907155
INFO:root:Avg. loss in the last 100 batches: 0.5122938752174377
INFO:root:New lr: 0.010001300661918067
INFO:root:Avg. loss in the last 100 batches: 0.023604897782206535
INFO:root:New lr: 0.01000203228218191
INFO:root:Avg. loss in the last 100 batches: 0.012474171817302704
INFO:root:New lr: 0.01000292648270737
INFO:root:Avg. loss in the last 100 batches: 0.013874734751880169
INFO:root:New lr: 0.010003983262282967
INFO:root:Avg. loss in the last 100 batches: 0.011405528523027897
INFO:root:New lr: 0.010005202619476905
INFO:root:Avg. loss in the last 100 batches: 0.01110751461237669
INFO:root:New lr: 0.010006584552637171
INFO:root:Avg. loss in the last 100 batches: 0.012248215265572071
INFO:root:New lr: 0.010008129059891374
INFO:root:Avg. loss in the last 100 batches: 0.011074839159846306
INFO:root:New lr: 0.010009836139146938
INFO:root:Avg. loss in the last 100 batches: 0.011612544767558575
INFO:root:New lr: 0.010011705788091074
INFO:root:Avg. loss in the last 100 batches: 0.012097767554223537
INFO:root:New lr: 0.010013738004190587
INFO:root:Avg. loss in the last 100 batches: 0.010605837218463421
INFO:root:New lr: 0.010015932784692178
INFO:root:Avg. loss in the last 100 batches: 0.011522676795721054
INFO:root:New lr: 0.010018290126622226
INFO:root:Avg. loss in the last 100 batches: 0.015621067956089973
INFO:root:New lr: 0.010020810026786786
INFO:root:Avg. loss in the last 100 batches: 0.013730459846556187
INFO:root:New lr: 0.010023492481771867
INFO:root:Avg. loss in the last 100 batches: 0.013463152572512627
INFO:root:New lr: 0.010026337487943043
INFO:root:Avg. loss in the last 100 batches: 0.011928814463317394
INFO:root:New lr: 0.010029345041445759
INFO:root:Avg. loss in the last 100 batches: 0.010501516982913017
INFO:root:New lr: 0.01003251513820519
INFO:root:Avg. loss in the last 100 batches: 0.012507259845733643
INFO:root:New lr: 0.010035847773926299
INFO:root:Avg. loss in the last 100 batches: 0.015462602488696575
INFO:root:New lr: 0.010039342944093893
INFO:root:Avg. loss in the last 100 batches: 0.01355972234159708
INFO:root:New lr: 0.010043000643972455
INFO:root:Avg. loss in the last 100 batches: 0.014163457788527012
INFO:root:New lr: 0.010046820868606338
INFO:root:Avg. loss in the last 100 batches: 0.015162567608058453
INFO:root:New lr: 0.010050803612819653
INFO:root:Avg. loss in the last 100 batches: 0.0136879226192832
INFO:root:New lr: 0.010054948871216385
INFO:root:Avg. loss in the last 100 batches: 0.014455352909862995
INFO:root:New lr: 0.010059256638180303
INFO:root:Avg. loss in the last 100 batches: 0.012581268325448036
INFO:root:New lr: 0.010063726907874937
INFO:root:Avg. loss in the last 100 batches: 0.01086144894361496
INFO:root:New lr: 0.010068359674243743
INFO:root:Avg. loss in the last 100 batches: 0.012528343126177788
INFO:root:New lr: 0.010073154931009937
INFO:root:Avg. loss in the last 100 batches: 0.012694173492491245
INFO:root:New lr: 0.010078112671676714
INFO:root:Avg. loss in the last 100 batches: 0.011953579261898994
INFO:root:New lr: 0.01008323288952695
INFO:root:Avg. loss in the last 100 batches: 0.013260404579341412
INFO:root:New lr: 0.010088515577623525
INFO:root:Avg. loss in the last 100 batches: 0.012597177177667618
INFO:root:New lr: 0.01009396072880911
INFO:root:Avg. loss in the last 100 batches: 0.011426107957959175
INFO:root:New lr: 0.0100995683357063
INFO:root:Avg. loss in the last 100 batches: 0.01335749588906765
INFO:root:New lr: 0.010105338390717616
INFO:root:Avg. loss in the last 100 batches: 0.013746210373938084
INFO:root:New lr: 0.010111270886025425
INFO:root:Avg. loss in the last 100 batches: 0.01312471367418766
INFO:root:New lr: 0.010117365813592016
INFO:root:Avg. loss in the last 100 batches: 0.014598187990486622
INFO:root:New lr: 0.010123623165159662
INFO:root:Avg. loss in the last 100 batches: 0.013037006370723248
INFO:root:New lr: 0.010130042932250505
INFO:root:Avg. loss in the last 100 batches: 0.012444504536688328
INFO:root:New lr: 0.010136625106166725
INFO:root:Avg. loss in the last 100 batches: 0.01480459701269865
INFO:root:New lr: 0.010143369677990316
INFO:root:Avg. loss in the last 100 batches: 0.013645951636135578
INFO:root:New lr: 0.010150276638583422
INFO:root:Avg. loss in the last 100 batches: 0.014175888150930405
INFO:root:New lr: 0.010157345978588056
INFO:root:Avg. loss in the last 100 batches: 0.012310944497585297
INFO:root:New lr: 0.01016457768842624
INFO:root:Avg. loss in the last 100 batches: 0.011217700317502022
INFO:root:New lr: 0.010171971758300091
INFO:root:Avg. loss in the last 100 batches: 0.013858120888471603
INFO:root:New lr: 0.010179528178191621
INFO:root:Avg. loss in the last 100 batches: 0.012970258481800556
INFO:root:New lr: 0.010187246937862993
INFO:root:Avg. loss in the last 100 batches: 0.011970780789852142
INFO:root:New lr: 0.010195128026856404
INFO:root:Avg. loss in the last 100 batches: 0.013181375339627266
INFO:root:New lr: 0.010203171434494035
INFO:root:Avg. loss in the last 100 batches: 0.011635792441666126
INFO:root:New lr: 0.010211377149878242
INFO:root:Avg. loss in the last 100 batches: 0.01055537536740303
INFO:root:New lr: 0.01021974516189142
INFO:root:Avg. loss in the last 100 batches: 0.01454580295830965
INFO:root:New lr: 0.010228275459196107
INFO:root:Avg. loss in the last 100 batches: 0.012751643545925617
INFO:root:New lr: 0.010236968030234966
INFO:root:Avg. loss in the last 100 batches: 0.012475106865167618
INFO:root:New lr: 0.010245822863230836
INFO:root:Avg. loss in the last 100 batches: 0.013729032129049301
INFO:root:New lr: 0.010254839946186534
INFO:root:Avg. loss in the last 100 batches: 0.011207116767764091
INFO:root:New lr: 0.01026401926688536
INFO:root:Avg. loss in the last 100 batches: 0.010061639361083508
INFO:root:New lr: 0.010273360812890514
INFO:root:Avg. loss in the last 100 batches: 0.01153668761253357
INFO:root:New lr: 0.010282864571545564
INFO:root:Avg. loss in the last 100 batches: 0.011258925311267376
INFO:root:New lr: 0.01029253052997428
INFO:root:Avg. loss in the last 100 batches: 0.01078230794519186
INFO:root:New lr: 0.010302358675080642
INFO:root:Avg. loss in the last 100 batches: 0.013190054334700108
INFO:root:New lr: 0.010312348993548853
INFO:root:Avg. loss in the last 100 batches: 0.011912978254258633
INFO:root:New lr: 0.01032250147184352
INFO:root:Avg. loss in the last 100 batches: 0.011778758838772774
INFO:root:New lr: 0.010332816096209452
INFO:root:Avg. loss in the last 100 batches: 0.012755281291902065
INFO:root:New lr: 0.01034329285267177
INFO:root:Avg. loss in the last 100 batches: 0.012018929235637188
INFO:root:New lr: 0.010353931727035998
INFO:root:Avg. loss in the last 100 batches: 0.01155861746519804
INFO:root:New lr: 0.010364732704887913
INFO:root:Avg. loss in the last 100 batches: 0.015598195604979992
INFO:root:New lr: 0.010375695771593724
INFO:root:Avg. loss in the last 100 batches: 0.012828491628170013
INFO:root:New lr: 0.010386820912300088
INFO:root:Avg. loss in the last 100 batches: 0.01228219922631979
INFO:root:New lr: 0.010398108111933924
INFO:root:Avg. loss in the last 100 batches: 0.014553318731486797
INFO:root:New lr: 0.010409557355202742
INFO:root:Avg. loss in the last 100 batches: 0.012663738802075386
INFO:root:New lr: 0.010421168626594424
INFO:root:Avg. loss in the last 100 batches: 0.012130383402109146
INFO:root:New lr: 0.01043294191037733
INFO:root:Avg. loss in the last 100 batches: 0.014579519629478455
INFO:root:New lr: 0.010444877190600332
INFO:root:Avg. loss in the last 100 batches: 0.012383172288537025
INFO:root:New lr: 0.010456974451092782
INFO:root:Avg. loss in the last 100 batches: 0.012531381100416183
INFO:root:New lr: 0.010469233675464706
INFO:root:Avg. loss in the last 100 batches: 0.01362228486686945
INFO:root:New lr: 0.010481654847106447
INFO:root:Avg. loss in the last 100 batches: 0.01133603323251009
INFO:root:New lr: 0.010494237949189189
INFO:root:Avg. loss in the last 100 batches: 0.011383479461073875
INFO:root:New lr: 0.010506982964664568
INFO:root:Avg. loss in the last 100 batches: 0.013031881302595139
INFO:root:New lr: 0.01051988987626487
INFO:root:Avg. loss in the last 100 batches: 0.010995606891810894
INFO:root:New lr: 0.010532958666503112
INFO:root:Avg. loss in the last 100 batches: 0.011647430248558521
INFO:root:New lr: 0.010546189317672872
INFO:root:Avg. loss in the last 100 batches: 0.014571351930499077
INFO:root:New lr: 0.010559581811848545
INFO:root:Avg. loss in the last 100 batches: 0.012496734969317913
INFO:root:New lr: 0.010573136130885119
INFO:root:Avg. loss in the last 100 batches: 0.013308210298418999
INFO:root:New lr: 0.010586852256418505
INFO:root:Avg. loss in the last 100 batches: 0.012801515869796276
INFO:root:New lr: 0.010600730169865263
INFO:root:Avg. loss in the last 100 batches: 0.011094612069427967
INFO:root:New lr: 0.01061476985242274
INFO:root:Avg. loss in the last 100 batches: 0.011287261731922626
INFO:root:New lr: 0.010628971285069205
INFO:root:Avg. loss in the last 100 batches: 0.0120787238702178
INFO:root:New lr: 0.010643334448563718
INFO:root:Avg. loss in the last 100 batches: 0.010653911158442497
INFO:root:New lr: 0.010657859323446178
INFO:root:Avg. loss in the last 100 batches: 0.013474454171955585
INFO:root:New lr: 0.010672545890037494
INFO:root:Avg. loss in the last 100 batches: 0.015864867717027664
INFO:root:New lr: 0.010687394128439442
INFO:root:Avg. loss in the last 100 batches: 0.013352791778743267
INFO:root:New lr: 0.0107024040185347
INFO:root:Avg. loss in the last 100 batches: 0.013880561105906963
INFO:root:New lr: 0.010717575539987062
INFO:root:Avg. loss in the last 100 batches: 0.012315950356423855
INFO:root:New lr: 0.010732908672241276
INFO:root:Avg. loss in the last 100 batches: 0.010980670340359211
INFO:root:New lr: 0.010748403394523015
INFO:root:Avg. loss in the last 100 batches: 0.011759933084249496
INFO:root:New lr: 0.010764059685839239
INFO:root:Avg. loss in the last 100 batches: 0.01206409465521574
INFO:root:New lr: 0.010779877524977832
INFO:root:Avg. loss in the last 100 batches: 0.011507106944918633
INFO:root:New lr: 0.010795856890507854
INFO:root:Avg. loss in the last 100 batches: 0.013378935866057873
INFO:root:New lr: 0.010811997760779513
INFO:root:Avg. loss in the last 100 batches: 0.013227883726358414
INFO:root:New lr: 0.010828300113924272
INFO:root:Avg. loss in the last 100 batches: 0.012375371530652046
INFO:root:New lr: 0.010844763927854717
INFO:root:Avg. loss in the last 100 batches: 0.012527820654213428
INFO:root:New lr: 0.010861389180264747
INFO:root:Avg. loss in the last 100 batches: 0.011377543210983276
INFO:root:New lr: 0.010878175848629407
INFO:root:Avg. loss in the last 100 batches: 0.010484401136636734
INFO:root:New lr: 0.010895123910205223
INFO:root:Avg. loss in the last 100 batches: 0.0129033662378788
INFO:root:New lr: 0.010912233342029926
INFO:root:Avg. loss in the last 100 batches: 0.013136716559529305
INFO:root:New lr: 0.01092950412092264
INFO:root:Avg. loss in the last 100 batches: 0.012365315109491348
INFO:root:New lr: 0.010946936223484
INFO:root:Avg. loss in the last 100 batches: 0.015536571852862835
INFO:root:New lr: 0.010964529626095898
INFO:root:Avg. loss in the last 100 batches: 0.014843938872218132
INFO:root:New lr: 0.010982284304921791
INFO:root:Avg. loss in the last 100 batches: 0.013824352994561195
INFO:root:New lr: 0.011000200235906532
INFO:root:Avg. loss in the last 100 batches: 0.01576007716357708
INFO:root:New lr: 0.011018277394776649
INFO:root:Avg. loss in the last 100 batches: 0.014204815030097961
INFO:root:New lr: 0.01103651575704015
INFO:root:Avg. loss in the last 100 batches: 0.013134934939444065
INFO:root:New lr: 0.011054915297986606
INFO:root:Avg. loss in the last 100 batches: 0.01574021950364113
INFO:root:New lr: 0.011073475992687265
INFO:root:Avg. loss in the last 100 batches: 0.01422533206641674
INFO:root:New lr: 0.011092197815994964
INFO:root:Avg. loss in the last 100 batches: 0.013187851756811142
INFO:root:New lr: 0.011111080742544355
INFO:root:Avg. loss in the last 100 batches: 0.017073098570108414
INFO:root:New lr: 0.01113012474675168
INFO:root:Avg. loss in the last 100 batches: 0.014836951158940792
INFO:root:New lr: 0.011149329802815022
INFO:root:Avg. loss in the last 100 batches: 0.014353320002555847
INFO:root:New lr: 0.01116869588471428
INFO:root:Avg. loss in the last 100 batches: 0.015186852775514126
INFO:root:New lr: 0.011188222966211164
INFO:root:Avg. loss in the last 100 batches: 0.012020875699818134
INFO:root:New lr: 0.011207911020849198
INFO:root:Avg. loss in the last 100 batches: 0.011518222279846668
INFO:root:New lr: 0.011227760021953859
INFO:root:Avg. loss in the last 100 batches: 0.01311472151428461
INFO:root:New lr: 0.011247769942632574
INFO:root:Avg. loss in the last 100 batches: 0.011345569044351578
INFO:root:New lr: 0.011267940755774752
INFO:root:Avg. loss in the last 100 batches: 0.010666043497622013
INFO:root:New lr: 0.011288272434051755
INFO:root:Avg. loss in the last 100 batches: 0.013756783679127693
INFO:root:New lr: 0.01130876494991706
INFO:root:Avg. loss in the last 100 batches: 0.012208442203700542
INFO:root:New lr: 0.011329418275606212
INFO:root:Avg. loss in the last 100 batches: 0.011798826977610588
INFO:root:New lr: 0.011350232383136843
INFO:root:Avg. loss in the last 100 batches: 0.015584657900035381
INFO:root:New lr: 0.011371207244308845
INFO:root:Avg. loss in the last 100 batches: 0.013794290833175182
INFO:root:New lr: 0.011392342830704227
INFO:root:Avg. loss in the last 100 batches: 0.013120673596858978
INFO:root:New lr: 0.01141363911368723
INFO:root:Avg. loss in the last 100 batches: 0.013909269124269485
INFO:root:New lr: 0.011435096064404432
INFO:root:Avg. loss in the last 100 batches: 0.012085950002074242
INFO:root:New lr: 0.011456713653784673
INFO:root:Avg. loss in the last 100 batches: 0.011777355335652828
INFO:root:New lr: 0.011478491852539213
INFO:root:Avg. loss in the last 100 batches: 0.015268961898982525
INFO:root:New lr: 0.011500430631161684
INFO:root:Avg. loss in the last 100 batches: 0.013362513855099678
INFO:root:New lr: 0.011522529959928113
INFO:root:Avg. loss in the last 100 batches: 0.013084390200674534
INFO:root:New lr: 0.01154478980889706
INFO:root:Avg. loss in the last 100 batches: 0.016706295311450958
INFO:root:New lr: 0.01156721014790954
INFO:root:Avg. loss in the last 100 batches: 0.014094388112425804
INFO:root:New lr: 0.01158979094658924
INFO:root:Avg. loss in the last 100 batches: 0.014151228591799736
INFO:root:New lr: 0.011612532174342327
INFO:root:Avg. loss in the last 100 batches: 0.012464535422623158
INFO:root:New lr: 0.011635433800357642
INFO:root:Avg. loss in the last 100 batches: 0.010219233110547066
INFO:root:New lr: 0.011658495793606727
INFO:root:Avg. loss in the last 100 batches: 0.011072549968957901
INFO:root:New lr: 0.011681718122843882
INFO:root:Avg. loss in the last 100 batches: 0.013898693956434727
INFO:root:New lr: 0.011705100756606107
INFO:root:Avg. loss in the last 100 batches: 0.012150702066719532
INFO:root:New lr: 0.011728643663213273
INFO:root:Avg. loss in the last 100 batches: 0.012754599563777447
INFO:root:New lr: 0.011752346810768033
INFO:root:Avg. loss in the last 100 batches: 0.015022831968963146
INFO:root:New lr: 0.01177621016715602
INFO:root:Avg. loss in the last 100 batches: 0.013639328069984913
INFO:root:New lr: 0.011800233700045737
INFO:root:Avg. loss in the last 100 batches: 0.01385363470762968
INFO:root:New lr: 0.011824417376888663
INFO:root:Avg. loss in the last 100 batches: 0.013365734368562698
INFO:root:New lr: 0.011848761164919425
INFO:root:Avg. loss in the last 100 batches: 0.012115935795009136
INFO:root:New lr: 0.011873265031155572
INFO:root:Avg. loss in the last 100 batches: 0.012219439260661602
INFO:root:New lr: 0.011897928942397829
INFO:root:Avg. loss in the last 100 batches: 0.010684389621019363
INFO:root:New lr: 0.011922752865230118
INFO:root:Avg. loss in the last 100 batches: 0.009577098302543163
INFO:root:New lr: 0.011947736766019568
INFO:root:Avg. loss in the last 100 batches: 0.012174058705568314
INFO:root:New lr: 0.01197288061091642
INFO:root:Avg. loss in the last 100 batches: 0.013032997958362103
INFO:root:New lr: 0.011998184365854425
INFO:root:Avg. loss in the last 100 batches: 0.01145512517541647
INFO:root:New lr: 0.012023647996550563
INFO:root:Avg. loss in the last 100 batches: 0.01257261261343956
INFO:root:New lr: 0.01204927146850518
INFO:root:Avg. loss in the last 100 batches: 0.01249226089566946
INFO:root:New lr: 0.012075054747002129
INFO:root:Avg. loss in the last 100 batches: 0.011261258274316788
INFO:root:New lr: 0.012100997797108659
INFO:root:Avg. loss in the last 100 batches: 0.014182807877659798
INFO:root:New lr: 0.012127100583675693
INFO:root:Avg. loss in the last 100 batches: 0.015360105782747269
INFO:root:New lr: 0.012153363071337603
INFO:root:Avg. loss in the last 100 batches: 0.014153490774333477
INFO:root:New lr: 0.012179785224512463
INFO:root:Avg. loss in the last 100 batches: 0.015022355131804943
INFO:root:New lr: 0.012206367007401964
INFO:root:Avg. loss in the last 100 batches: 0.012502370402216911
INFO:root:New lr: 0.012233108383991553
INFO:root:Avg. loss in the last 100 batches: 0.010906808078289032
INFO:root:New lr: 0.012260009318050463
INFO:root:Avg. loss in the last 100 batches: 0.014155369251966476
INFO:root:New lr: 0.012287069773131737
INFO:root:Avg. loss in the last 100 batches: 0.013592617586255074
INFO:root:New lr: 0.012314289712572313
INFO:root:Avg. loss in the last 100 batches: 0.012957382947206497
INFO:root:New lr: 0.012341669099492969
INFO:root:Avg. loss in the last 100 batches: 0.013167253695428371
INFO:root:New lr: 0.012369207896798545
INFO:root:Avg. loss in the last 100 batches: 0.011317036114633083
INFO:root:New lr: 0.01239690606717786
INFO:root:Avg. loss in the last 100 batches: 0.010898220352828503
INFO:root:New lr: 0.012424763573103847
INFO:root:Avg. loss in the last 100 batches: 0.013807190582156181
INFO:root:New lr: 0.012452780376833478
INFO:root:Avg. loss in the last 100 batches: 0.013183832168579102
INFO:root:New lr: 0.012480956440408003
INFO:root:Avg. loss in the last 100 batches: 0.012541722506284714
INFO:root:New lr: 0.012509291725652766
INFO:root:Avg. loss in the last 100 batches: 0.014842967502772808
INFO:root:New lr: 0.01253778619417753
INFO:root:Avg. loss in the last 100 batches: 0.013468542136251926
INFO:root:New lr: 0.012566439807376317
INFO:root:Avg. loss in the last 100 batches: 0.012537735514342785
INFO:root:New lr: 0.012595252526427486
INFO:root:Avg. loss in the last 100 batches: 0.01334892027080059
INFO:root:New lr: 0.012624224312293958
INFO:root:Avg. loss in the last 100 batches: 0.01207308191806078
INFO:root:New lr: 0.012653355125722993
INFO:root:Avg. loss in the last 100 batches: 0.012150024063885212
INFO:root:New lr: 0.012682644927246522
INFO:root:Avg. loss in the last 100 batches: 0.014384820125997066
INFO:root:New lr: 0.012712093677180986
INFO:root:Avg. loss in the last 100 batches: 0.012321622110903263
INFO:root:New lr: 0.012741701335627464
INFO:root:Avg. loss in the last 100 batches: 0.011238344945013523
INFO:root:New lr: 0.012771467862471853
INFO:root:Avg. loss in the last 100 batches: 0.014363414607942104
INFO:root:New lr: 0.012801393217384632
INFO:root:Avg. loss in the last 100 batches: 0.012304379604756832
INFO:root:New lr: 0.012831477359821208
INFO:root:Avg. loss in the last 100 batches: 0.011610686779022217
INFO:root:New lr: 0.012861720249021852
INFO:root:Avg. loss in the last 100 batches: 0.012659703381359577
INFO:root:New lr: 0.012892121844011728
INFO:root:Avg. loss in the last 100 batches: 0.011031923815608025
INFO:root:New lr: 0.012922682103600924
INFO:root:Avg. loss in the last 100 batches: 0.01015623938292265
INFO:root:New lr: 0.012953400986384672
INFO:root:Avg. loss in the last 100 batches: 0.015309144742786884
INFO:root:New lr: 0.012984278450743209
INFO:root:Avg. loss in the last 100 batches: 0.013086452148854733
INFO:root:New lr: 0.01301531445484197
INFO:root:Avg. loss in the last 100 batches: 0.012580456212162971
INFO:root:New lr: 0.013046508956631536
INFO:root:Avg. loss in the last 100 batches: 0.01443568803369999
INFO:root:New lr: 0.013077861913847744
INFO:root:Avg. loss in the last 100 batches: 0.012262430973351002
INFO:root:New lr: 0.013109373284011822
INFO:root:Avg. loss in the last 100 batches: 0.012385174632072449
INFO:root:New lr: 0.01314104302443031
INFO:root:Avg. loss in the last 100 batches: 0.014672390185296535
INFO:root:New lr: 0.01317287109219517
INFO:root:Avg. loss in the last 100 batches: 0.01237398199737072
INFO:root:New lr: 0.013204857444183926
INFO:root:Avg. loss in the last 100 batches: 0.012161740101873875
INFO:root:New lr: 0.013237002037059575
INFO:root:Avg. loss in the last 100 batches: 0.013608109205961227
INFO:root:New lr: 0.013269304827270706
INFO:root:Avg. loss in the last 100 batches: 0.012404445558786392
INFO:root:New lr: 0.01330176577105166
INFO:root:Avg. loss in the last 100 batches: 0.013155447319149971
INFO:root:New lr: 0.013334384824422396
INFO:root:Avg. loss in the last 100 batches: 0.012742869555950165
INFO:root:New lr: 0.013367161943188821
INFO:root:Avg. loss in the last 100 batches: 0.010896342806518078
INFO:root:New lr: 0.01340009708294243
INFO:root:Avg. loss in the last 100 batches: 0.012676575221121311
INFO:root:New lr: 0.013433190199060918
INFO:root:Avg. loss in the last 100 batches: 0.015706099569797516
INFO:root:New lr: 0.013466441246707678
INFO:root:Avg. loss in the last 100 batches: 0.012958349660038948
INFO:root:New lr: 0.013499850180832274
INFO:root:Avg. loss in the last 100 batches: 0.01426568441092968
INFO:root:New lr: 0.013533416956170413
INFO:root:Avg. loss in the last 100 batches: 0.014591165818274021
INFO:root:New lr: 0.013567141527243809
INFO:root:Avg. loss in the last 100 batches: 0.013115912675857544
INFO:root:New lr: 0.013601023848360372
INFO:root:Avg. loss of epoch 1: 0.02482692152261734
