INFO:root:Training Run ID: 1644314094
INFO:root:Classifier model: <class 'classifier.convolutional_model.Classifier'>
INFO:root:Hidden layer size: 1024
INFO:root:Training classifier with the following parameters:
INFO:root:Folder with documents: data/openalex/split_docs
INFO:root:File with subject information: data/openalex/subjects.json
INFO:root:No. of words kept per document: 400
INFO:root:No. of dimensions per word: 300
INFO:root:Dropout probability: 0.05
INFO:root:Training loss function: BCELoss()
INFO:root:Optimizer: SGD
INFO:root:Batch size: 10
INFO:root:No. of epochs: 30
INFO:root:Learning rate: 0.1
INFO:root:Momentum: 0.5
INFO:root:Scheduler: None
INFO:root:Scheduler steps: None
INFO:root:Data shuffling?: True

INFO:root:Dataset has 427896 documents
INFO:root:There are 2157 subjects.

INFO:root:Starting epoch 1
INFO:root:Avg. loss in the last 100 batches: 0.6907323598861694
INFO:root:Avg. loss in the last 100 batches: 0.642627477645874
INFO:root:Avg. loss in the last 100 batches: 0.06261002272367477
INFO:root:Avg. loss in the last 100 batches: 0.013134190812706947
INFO:root:Avg. loss in the last 100 batches: 0.011820432730019093
INFO:root:Avg. loss in the last 100 batches: 0.0117670688778162
INFO:root:Avg. loss in the last 100 batches: 0.012611168436706066
INFO:root:Avg. loss in the last 100 batches: 0.011198741383850574
INFO:root:Avg. loss in the last 100 batches: 0.011070933192968369
INFO:root:Avg. loss in the last 100 batches: 0.011728654615581036
INFO:root:Avg. loss in the last 100 batches: 0.011028817854821682
INFO:root:Avg. loss in the last 100 batches: 0.011326557025313377
INFO:root:Avg. loss in the last 100 batches: 0.011097551323473454
INFO:root:Avg. loss in the last 100 batches: 0.010256133042275906
INFO:root:Avg. loss in the last 100 batches: 0.01120069995522499
INFO:root:Avg. loss in the last 100 batches: 0.014695785008370876
INFO:root:Avg. loss in the last 100 batches: 0.013281624764204025
INFO:root:Avg. loss in the last 100 batches: 0.013512066565454006
INFO:root:Avg. loss in the last 100 batches: 0.011211831122636795
INFO:root:Avg. loss in the last 100 batches: 0.010221874341368675
INFO:root:Avg. loss in the last 100 batches: 0.012146997265517712
INFO:root:Avg. loss in the last 100 batches: 0.014606633223593235
INFO:root:Avg. loss in the last 100 batches: 0.013082880526781082
INFO:root:Avg. loss in the last 100 batches: 0.013853664509952068
INFO:root:Avg. loss in the last 100 batches: 0.01391295250505209
INFO:root:Avg. loss in the last 100 batches: 0.013490223325788975
INFO:root:Avg. loss in the last 100 batches: 0.013776409439742565
INFO:root:Avg. loss in the last 100 batches: 0.011739273555576801
INFO:root:Avg. loss in the last 100 batches: 0.010772472247481346
INFO:root:Avg. loss in the last 100 batches: 0.011897259391844273
INFO:root:Avg. loss in the last 100 batches: 0.012339542619884014
INFO:root:Avg. loss in the last 100 batches: 0.011915314011275768
INFO:root:Avg. loss in the last 100 batches: 0.012679723091423512
INFO:root:Avg. loss in the last 100 batches: 0.011806792579591274
INFO:root:Avg. loss in the last 100 batches: 0.011125187389552593
INFO:root:Avg. loss in the last 100 batches: 0.01301794033497572
INFO:root:Avg. loss in the last 100 batches: 0.013230618089437485
INFO:root:Avg. loss in the last 100 batches: 0.013183522038161755
INFO:root:Avg. loss in the last 100 batches: 0.013760047033429146
INFO:root:Avg. loss in the last 100 batches: 0.012494307942688465
INFO:root:Avg. loss in the last 100 batches: 0.01217561773955822
INFO:root:Avg. loss in the last 100 batches: 0.013950400985777378
INFO:root:Avg. loss in the last 100 batches: 0.012648887000977993
INFO:root:Avg. loss in the last 100 batches: 0.013348471373319626
INFO:root:Avg. loss in the last 100 batches: 0.011725927703082561
INFO:root:Avg. loss in the last 100 batches: 0.01115786749869585
INFO:root:Avg. loss in the last 100 batches: 0.012980232946574688
INFO:root:Avg. loss in the last 100 batches: 0.012572520412504673
INFO:root:Avg. loss in the last 100 batches: 0.011950958520174026
INFO:root:Avg. loss in the last 100 batches: 0.012591617181897163
INFO:root:Avg. loss in the last 100 batches: 0.011224397458136082
INFO:root:Avg. loss in the last 100 batches: 0.010674676857888699
INFO:root:Avg. loss in the last 100 batches: 0.013311740010976791
INFO:root:Avg. loss in the last 100 batches: 0.012512770481407642
INFO:root:Avg. loss in the last 100 batches: 0.012063183821737766
INFO:root:Avg. loss in the last 100 batches: 0.013026336207985878
INFO:root:Avg. loss in the last 100 batches: 0.010348759591579437
INFO:root:Avg. loss in the last 100 batches: 0.009850031696259975
INFO:root:Avg. loss in the last 100 batches: 0.01116340234875679
INFO:root:Avg. loss in the last 100 batches: 0.010884923860430717
INFO:root:Avg. loss in the last 100 batches: 0.010841459967195988
INFO:root:Avg. loss in the last 100 batches: 0.01260614488273859
INFO:root:Avg. loss in the last 100 batches: 0.011888212524354458
INFO:root:Avg. loss in the last 100 batches: 0.011524624191224575
INFO:root:Avg. loss in the last 100 batches: 0.012427693232893944
INFO:root:Avg. loss in the last 100 batches: 0.01151176169514656
INFO:root:Avg. loss in the last 100 batches: 0.011389237828552723
INFO:root:Avg. loss in the last 100 batches: 0.014355464838445187
INFO:root:Avg. loss in the last 100 batches: 0.012318254448473454
INFO:root:Avg. loss in the last 100 batches: 0.012063694186508656
INFO:root:Avg. loss in the last 100 batches: 0.013785571791231632
INFO:root:Avg. loss in the last 100 batches: 0.012424844317138195
INFO:root:Avg. loss in the last 100 batches: 0.011792832054197788
INFO:root:Avg. loss in the last 100 batches: 0.013690455816686153
INFO:root:Avg. loss in the last 100 batches: 0.012103869579732418
INFO:root:Avg. loss in the last 100 batches: 0.012086681090295315
INFO:root:Avg. loss in the last 100 batches: 0.012709726579487324
INFO:root:Avg. loss in the last 100 batches: 0.011050770059227943
INFO:root:Avg. loss in the last 100 batches: 0.011124453507363796
INFO:root:Avg. loss in the last 100 batches: 0.012034754268825054
INFO:root:Avg. loss in the last 100 batches: 0.010871617123484612
INFO:root:Avg. loss in the last 100 batches: 0.011358334682881832
INFO:root:Avg. loss in the last 100 batches: 0.01380532793700695
INFO:root:Avg. loss in the last 100 batches: 0.01231995690613985
INFO:root:Avg. loss in the last 100 batches: 0.013016211800277233
INFO:root:Avg. loss in the last 100 batches: 0.012003687210381031
INFO:root:Avg. loss in the last 100 batches: 0.010711164213716984
INFO:root:Avg. loss in the last 100 batches: 0.01094950269907713
INFO:root:Avg. loss in the last 100 batches: 0.011212129145860672
INFO:root:Avg. loss in the last 100 batches: 0.010268128477036953
INFO:root:Avg. loss in the last 100 batches: 0.012634914368391037
INFO:root:Avg. loss in the last 100 batches: 0.014738475903868675
INFO:root:Avg. loss in the last 100 batches: 0.013086305931210518
INFO:root:Avg. loss in the last 100 batches: 0.013050192035734653
INFO:root:Avg. loss in the last 100 batches: 0.011511029675602913
INFO:root:Avg. loss in the last 100 batches: 0.010949928313493729
INFO:root:Avg. loss in the last 100 batches: 0.011756007559597492
INFO:root:Avg. loss in the last 100 batches: 0.01178524736315012
INFO:root:Avg. loss in the last 100 batches: 0.011563906446099281
INFO:root:Avg. loss in the last 100 batches: 0.012594610452651978
INFO:root:Avg. loss in the last 100 batches: 0.012732152827084064
INFO:root:Avg. loss in the last 100 batches: 0.011683158576488495
INFO:root:Avg. loss in the last 100 batches: 0.012393918819725513
INFO:root:Avg. loss in the last 100 batches: 0.010873264633119106
INFO:root:Avg. loss in the last 100 batches: 0.010381043888628483
INFO:root:Avg. loss in the last 100 batches: 0.012349252589046955
INFO:root:Avg. loss in the last 100 batches: 0.012574060820043087
INFO:root:Avg. loss in the last 100 batches: 0.01229928806424141
INFO:root:Avg. loss in the last 100 batches: 0.014290056191384792
INFO:root:Avg. loss in the last 100 batches: 0.014316537417471409
INFO:root:Avg. loss in the last 100 batches: 0.013685883022844791
INFO:root:Avg. loss in the last 100 batches: 0.01497895922511816
INFO:root:Avg. loss in the last 100 batches: 0.01330022793263197
INFO:root:Avg. loss in the last 100 batches: 0.013338521122932434
INFO:root:Avg. loss in the last 100 batches: 0.01513513084501028
INFO:root:Avg. loss in the last 100 batches: 0.01357585284858942
INFO:root:Avg. loss in the last 100 batches: 0.013184902258217335
INFO:root:Avg. loss in the last 100 batches: 0.01538139209151268
INFO:root:Avg. loss in the last 100 batches: 0.01446487009525299
INFO:root:Avg. loss in the last 100 batches: 0.014185812324285507
INFO:root:Avg. loss in the last 100 batches: 0.01418616995215416
INFO:root:Avg. loss in the last 100 batches: 0.011485002003610134
INFO:root:Avg. loss in the last 100 batches: 0.0113875987008214
INFO:root:Avg. loss in the last 100 batches: 0.012118550017476082
INFO:root:Avg. loss in the last 100 batches: 0.011151817627251148
INFO:root:Avg. loss in the last 100 batches: 0.01064204890280962
INFO:root:Avg. loss in the last 100 batches: 0.01303549762815237
INFO:root:Avg. loss in the last 100 batches: 0.01209793146699667
INFO:root:Avg. loss in the last 100 batches: 0.01139170490205288
INFO:root:Avg. loss in the last 100 batches: 0.014602095820009708
INFO:root:Avg. loss in the last 100 batches: 0.01343386247754097
INFO:root:Avg. loss in the last 100 batches: 0.013147279620170593
INFO:root:Avg. loss in the last 100 batches: 0.013200115412473679
INFO:root:Avg. loss in the last 100 batches: 0.01195885892957449
INFO:root:Avg. loss in the last 100 batches: 0.011771581135690212
INFO:root:Avg. loss in the last 100 batches: 0.01465990487486124
INFO:root:Avg. loss in the last 100 batches: 0.012829795479774475
INFO:root:Avg. loss in the last 100 batches: 0.012624448165297508
INFO:root:Avg. loss in the last 100 batches: 0.015568028204143047
INFO:root:Avg. loss in the last 100 batches: 0.013611926697194576
INFO:root:Avg. loss in the last 100 batches: 0.013818692415952682
INFO:root:Avg. loss in the last 100 batches: 0.01170071680098772
INFO:root:Avg. loss in the last 100 batches: 0.010049637407064438
INFO:root:Avg. loss in the last 100 batches: 0.010403319261968136
INFO:root:Avg. loss in the last 100 batches: 0.012957894243299961
INFO:root:Avg. loss in the last 100 batches: 0.011933032423257828
INFO:root:Avg. loss in the last 100 batches: 0.012414244003593922
INFO:root:Avg. loss in the last 100 batches: 0.01442148070782423
INFO:root:Avg. loss in the last 100 batches: 0.013236241415143013
INFO:root:Avg. loss in the last 100 batches: 0.013968722894787788
INFO:root:Avg. loss in the last 100 batches: 0.012902704998850822
INFO:root:Avg. loss in the last 100 batches: 0.011313132010400295
INFO:root:Avg. loss in the last 100 batches: 0.012058149091899395
INFO:root:Avg. loss in the last 100 batches: 0.01059858500957489
INFO:root:Avg. loss in the last 100 batches: 0.00922198686748743
INFO:root:Avg. loss in the last 100 batches: 0.010971474461257458
INFO:root:Avg. loss in the last 100 batches: 0.01237644162029028
INFO:root:Avg. loss in the last 100 batches: 0.011314010247588158
INFO:root:Avg. loss in the last 100 batches: 0.011842707172036171
INFO:root:Avg. loss in the last 100 batches: 0.011781174689531326
INFO:root:Avg. loss in the last 100 batches: 0.01121019572019577
INFO:root:Avg. loss in the last 100 batches: 0.013465559110045433
INFO:root:Avg. loss in the last 100 batches: 0.014769786037504673
INFO:root:Avg. loss in the last 100 batches: 0.013885204680263996
INFO:root:Avg. loss in the last 100 batches: 0.014456351287662983
INFO:root:Avg. loss in the last 100 batches: 0.011758408509194851
INFO:root:Avg. loss in the last 100 batches: 0.010813680477440357
INFO:root:Avg. loss in the last 100 batches: 0.01313376147300005
INFO:root:Avg. loss in the last 100 batches: 0.01317646261304617
INFO:root:Avg. loss in the last 100 batches: 0.013018772006034851
INFO:root:Avg. loss in the last 100 batches: 0.01298351027071476
INFO:root:Avg. loss in the last 100 batches: 0.011058165691792965
INFO:root:Avg. loss in the last 100 batches: 0.010772377252578735
INFO:root:Avg. loss in the last 100 batches: 0.012988784350454807
INFO:root:Avg. loss in the last 100 batches: 0.012633795849978924
INFO:root:Avg. loss in the last 100 batches: 0.012823528610169888
INFO:root:Avg. loss in the last 100 batches: 0.01423291303217411
INFO:root:Avg. loss in the last 100 batches: 0.01275201328098774
INFO:root:Avg. loss in the last 100 batches: 0.012678751721978188
INFO:root:Avg. loss in the last 100 batches: 0.012754262425005436
INFO:root:Avg. loss in the last 100 batches: 0.012147694826126099
INFO:root:Avg. loss in the last 100 batches: 0.011760862544178963
INFO:root:Avg. loss in the last 100 batches: 0.013671542517840862
INFO:root:Avg. loss in the last 100 batches: 0.011770441196858883
INFO:root:Avg. loss in the last 100 batches: 0.011090450920164585
INFO:root:Avg. loss in the last 100 batches: 0.01367728877812624
INFO:root:Avg. loss in the last 100 batches: 0.01188386045396328
INFO:root:Avg. loss in the last 100 batches: 0.011547424830496311
INFO:root:Avg. loss in the last 100 batches: 0.01191630307585001
INFO:root:Avg. loss in the last 100 batches: 0.010556120425462723
INFO:root:Avg. loss in the last 100 batches: 0.01025466900318861
INFO:root:Avg. loss in the last 100 batches: 0.014093104749917984
INFO:root:Avg. loss in the last 100 batches: 0.012946221977472305
INFO:root:Avg. loss in the last 100 batches: 0.012473980896174908
INFO:root:Avg. loss in the last 100 batches: 0.01369429286569357
INFO:root:Avg. loss in the last 100 batches: 0.012186750769615173
INFO:root:Avg. loss in the last 100 batches: 0.011726324446499348
INFO:root:Avg. loss in the last 100 batches: 0.013927120715379715
INFO:root:Avg. loss in the last 100 batches: 0.012296409346163273
INFO:root:Avg. loss in the last 100 batches: 0.011802584864199162
INFO:root:Avg. loss in the last 100 batches: 0.01307181641459465
INFO:root:Avg. loss in the last 100 batches: 0.012442431412637234
INFO:root:Avg. loss in the last 100 batches: 0.012397222220897675
INFO:root:Avg. loss in the last 100 batches: 0.01245845016092062
INFO:root:Avg. loss in the last 100 batches: 0.010586453601717949
INFO:root:Avg. loss in the last 100 batches: 0.011492537334561348
INFO:root:Avg. loss in the last 100 batches: 0.014903946779668331
INFO:root:Avg. loss in the last 100 batches: 0.012998722493648529
INFO:root:Avg. loss in the last 100 batches: 0.013710426166653633
INFO:root:Avg. loss in the last 100 batches: 0.014256956055760384
INFO:root:Avg. loss in the last 100 batches: 0.012413992546498775
INFO:root:Avg. loss of epoch 1: 0.018825583159923553
INFO:root:Avg. testing loss: 0.017058324068784714
INFO:root:Starting epoch 2
INFO:root:Avg. loss in the last 100 batches: 0.012876425869762897
INFO:root:Avg. loss in the last 100 batches: 0.01121224369853735
INFO:root:Avg. loss in the last 100 batches: 0.011312814429402351
INFO:root:Avg. loss in the last 100 batches: 0.011899340897798538
INFO:root:Avg. loss in the last 100 batches: 0.011094418354332447
INFO:root:Avg. loss in the last 100 batches: 0.011410203762352467
INFO:root:Avg. loss in the last 100 batches: 0.012858007103204727
INFO:root:Avg. loss in the last 100 batches: 0.010825793258845806
INFO:root:Avg. loss in the last 100 batches: 0.010611910372972488
INFO:root:Avg. loss in the last 100 batches: 0.011772124096751213
INFO:root:Avg. loss in the last 100 batches: 0.010742763057351112
INFO:root:Avg. loss in the last 100 batches: 0.011075902730226517
INFO:root:Avg. loss in the last 100 batches: 0.011219016276299953
INFO:root:Avg. loss in the last 100 batches: 0.009923551231622696
INFO:root:Avg. loss in the last 100 batches: 0.011202038265764713
INFO:root:Avg. loss in the last 100 batches: 0.014422763139009476
INFO:root:Avg. loss in the last 100 batches: 0.01312900148332119
INFO:root:Avg. loss in the last 100 batches: 0.012977058999240398
INFO:root:Avg. loss in the last 100 batches: 0.011438884772360325
INFO:root:Avg. loss in the last 100 batches: 0.010173935443162918
INFO:root:Avg. loss in the last 100 batches: 0.011911721900105476
INFO:root:Avg. loss in the last 100 batches: 0.01453734003007412
INFO:root:Avg. loss in the last 100 batches: 0.01293502189218998
INFO:root:Avg. loss in the last 100 batches: 0.013549349270761013
INFO:root:Avg. loss in the last 100 batches: 0.014327717944979668
INFO:root:Avg. loss in the last 100 batches: 0.013011323288083076
INFO:root:Avg. loss in the last 100 batches: 0.01389334723353386
INFO:root:Avg. loss in the last 100 batches: 0.011664618737995625
INFO:root:Avg. loss in the last 100 batches: 0.010662282817065716
INFO:root:Avg. loss in the last 100 batches: 0.011835974641144276
INFO:root:Avg. loss in the last 100 batches: 0.012309255078434944
INFO:root:Avg. loss in the last 100 batches: 0.011982068419456482
INFO:root:Avg. loss in the last 100 batches: 0.01226660143584013
INFO:root:Avg. loss in the last 100 batches: 0.012061127461493015
INFO:root:Avg. loss in the last 100 batches: 0.011317850090563297
INFO:root:Avg. loss in the last 100 batches: 0.012629462406039238
INFO:root:Avg. loss in the last 100 batches: 0.013702590018510818
INFO:root:Avg. loss in the last 100 batches: 0.012854850850999355
INFO:root:Avg. loss in the last 100 batches: 0.013473679311573505
INFO:root:Avg. loss in the last 100 batches: 0.012621624395251274
INFO:root:Avg. loss in the last 100 batches: 0.01192398276180029
INFO:root:Avg. loss in the last 100 batches: 0.014187118969857693
INFO:root:Avg. loss in the last 100 batches: 0.012618270702660084
INFO:root:Avg. loss in the last 100 batches: 0.013598968274891376
INFO:root:Avg. loss in the last 100 batches: 0.011427002027630806
INFO:root:Avg. loss in the last 100 batches: 0.011314645409584045
INFO:root:Avg. loss in the last 100 batches: 0.012933765538036823
INFO:root:Avg. loss in the last 100 batches: 0.012651905417442322
INFO:root:Avg. loss in the last 100 batches: 0.012143569067120552
INFO:root:Avg. loss in the last 100 batches: 0.012215511873364449
INFO:root:Avg. loss in the last 100 batches: 0.01116240955889225
INFO:root:Avg. loss in the last 100 batches: 0.01083971094340086
INFO:root:Avg. loss in the last 100 batches: 0.013355975039303303
INFO:root:Avg. loss in the last 100 batches: 0.012619642540812492
INFO:root:Avg. loss in the last 100 batches: 0.012368539348244667
INFO:root:Avg. loss in the last 100 batches: 0.012816812843084335
INFO:root:Avg. loss in the last 100 batches: 0.010288463905453682
INFO:root:Avg. loss in the last 100 batches: 0.010093869641423225
INFO:root:Avg. loss in the last 100 batches: 0.011430741287767887
INFO:root:Avg. loss in the last 100 batches: 0.010798519477248192
INFO:root:Avg. loss in the last 100 batches: 0.01065114326775074
INFO:root:Avg. loss in the last 100 batches: 0.012582346796989441
INFO:root:Avg. loss in the last 100 batches: 0.011767660267651081
INFO:root:Avg. loss in the last 100 batches: 0.011538428254425526
INFO:root:Avg. loss in the last 100 batches: 0.012431800365447998
INFO:root:Avg. loss in the last 100 batches: 0.011711406521499157
INFO:root:Avg. loss in the last 100 batches: 0.011280789971351624
INFO:root:Avg. loss in the last 100 batches: 0.014555439352989197
INFO:root:Avg. loss in the last 100 batches: 0.012686509639024734
INFO:root:Avg. loss in the last 100 batches: 0.011831783689558506
INFO:root:Avg. loss in the last 100 batches: 0.013871713541448116
INFO:root:Avg. loss in the last 100 batches: 0.012308276258409023
INFO:root:Avg. loss in the last 100 batches: 0.012107748538255692
INFO:root:Avg. loss in the last 100 batches: 0.01362992636859417
INFO:root:Avg. loss in the last 100 batches: 0.012369186617434025
INFO:root:Avg. loss in the last 100 batches: 0.012008586898446083
INFO:root:Avg. loss in the last 100 batches: 0.01286064088344574
INFO:root:Avg. loss in the last 100 batches: 0.010978215374052525
INFO:root:Avg. loss in the last 100 batches: 0.011246461421251297
INFO:root:Avg. loss in the last 100 batches: 0.012217015027999878
INFO:root:Avg. loss in the last 100 batches: 0.01080577727407217
INFO:root:Avg. loss in the last 100 batches: 0.011243605054914951
INFO:root:Avg. loss in the last 100 batches: 0.01412432175129652
INFO:root:Avg. loss in the last 100 batches: 0.012637889012694359
INFO:root:Avg. loss in the last 100 batches: 0.012634100392460823
INFO:root:Avg. loss in the last 100 batches: 0.012244217097759247
INFO:root:Avg. loss in the last 100 batches: 0.010637295432388783
INFO:root:Avg. loss in the last 100 batches: 0.010945338755846024
INFO:root:Avg. loss in the last 100 batches: 0.011540882289409637
INFO:root:Avg. loss in the last 100 batches: 0.010282403789460659
INFO:root:Avg. loss in the last 100 batches: 0.012643641792237759
INFO:root:Avg. loss in the last 100 batches: 0.014583103358745575
INFO:root:Avg. loss in the last 100 batches: 0.013314197771251202
INFO:root:Avg. loss in the last 100 batches: 0.01332603208720684
INFO:root:Avg. loss in the last 100 batches: 0.011622071266174316
INFO:root:Avg. loss in the last 100 batches: 0.010821012780070305
INFO:root:Avg. loss in the last 100 batches: 0.011702656745910645
INFO:root:Avg. loss in the last 100 batches: 0.011715498752892017
INFO:root:Avg. loss in the last 100 batches: 0.011702137999236584
INFO:root:Avg. loss in the last 100 batches: 0.012825459241867065
INFO:root:Avg. loss in the last 100 batches: 0.012508922256529331
INFO:root:Avg. loss in the last 100 batches: 0.012043988332152367
INFO:root:Avg. loss in the last 100 batches: 0.01237045880407095
INFO:root:Avg. loss in the last 100 batches: 0.010830722749233246
INFO:root:Avg. loss in the last 100 batches: 0.010555282235145569
INFO:root:Avg. loss in the last 100 batches: 0.012509270571172237
INFO:root:Avg. loss in the last 100 batches: 0.012544825673103333
INFO:root:Avg. loss in the last 100 batches: 0.012198050506412983
INFO:root:Avg. loss in the last 100 batches: 0.014516783878207207
INFO:root:Avg. loss in the last 100 batches: 0.014245697297155857
INFO:root:Avg. loss in the last 100 batches: 0.013897399418056011
INFO:root:Avg. loss in the last 100 batches: 0.015161408111453056
INFO:root:Avg. loss in the last 100 batches: 0.013928006403148174
INFO:root:Avg. loss in the last 100 batches: 0.012888658791780472
INFO:root:Avg. loss in the last 100 batches: 0.01506500132381916
INFO:root:Avg. loss in the last 100 batches: 0.013596986420452595
INFO:root:Avg. loss in the last 100 batches: 0.013421752490103245
INFO:root:Avg. loss in the last 100 batches: 0.015646357089281082
INFO:root:Avg. loss in the last 100 batches: 0.014292706735432148
INFO:root:Avg. loss in the last 100 batches: 0.01440007146447897
INFO:root:Avg. loss in the last 100 batches: 0.014699614606797695
INFO:root:Avg. loss in the last 100 batches: 0.012016717344522476
INFO:root:Avg. loss in the last 100 batches: 0.010881108231842518
INFO:root:Avg. loss in the last 100 batches: 0.012314052321016788
INFO:root:Avg. loss in the last 100 batches: 0.011068912222981453
INFO:root:Avg. loss in the last 100 batches: 0.010773695074021816
INFO:root:Avg. loss in the last 100 batches: 0.012962903827428818
INFO:root:Avg. loss in the last 100 batches: 0.012140496633946896
INFO:root:Avg. loss in the last 100 batches: 0.011728311888873577
INFO:root:Avg. loss in the last 100 batches: 0.014458270743489265
INFO:root:Avg. loss in the last 100 batches: 0.013585944660007954
INFO:root:Avg. loss in the last 100 batches: 0.013190248981118202
INFO:root:Avg. loss in the last 100 batches: 0.013277881778776646
INFO:root:Avg. loss in the last 100 batches: 0.011938546784222126
INFO:root:Avg. loss in the last 100 batches: 0.011660920456051826
INFO:root:Avg. loss in the last 100 batches: 0.014726456254720688
INFO:root:Avg. loss in the last 100 batches: 0.012927091680467129
INFO:root:Avg. loss in the last 100 batches: 0.01288636028766632
INFO:root:Avg. loss in the last 100 batches: 0.01575120911002159
INFO:root:Avg. loss in the last 100 batches: 0.013857383280992508
INFO:root:Avg. loss in the last 100 batches: 0.013780951499938965
INFO:root:Avg. loss in the last 100 batches: 0.011809097602963448
INFO:root:Avg. loss in the last 100 batches: 0.010101220570504665
INFO:root:Avg. loss in the last 100 batches: 0.01040281355381012
INFO:root:Avg. loss in the last 100 batches: 0.013004283420741558
INFO:root:Avg. loss in the last 100 batches: 0.011827562935650349
INFO:root:Avg. loss in the last 100 batches: 0.012823122553527355
INFO:root:Avg. loss in the last 100 batches: 0.014322037808597088
INFO:root:Avg. loss in the last 100 batches: 0.01343369297683239
INFO:root:Avg. loss in the last 100 batches: 0.013879296369850636
INFO:root:Avg. loss in the last 100 batches: 0.012724795378744602
INFO:root:Avg. loss in the last 100 batches: 0.01190370786935091
INFO:root:Avg. loss in the last 100 batches: 0.011965018697082996
INFO:root:Avg. loss in the last 100 batches: 0.010450356639921665
INFO:root:Avg. loss in the last 100 batches: 0.009400025010108948
INFO:root:Avg. loss in the last 100 batches: 0.011309176683425903
INFO:root:Avg. loss in the last 100 batches: 0.012524508871138096
INFO:root:Avg. loss in the last 100 batches: 0.011095955967903137
INFO:root:Avg. loss in the last 100 batches: 0.012302915565669537
INFO:root:Avg. loss in the last 100 batches: 0.012147216126322746
INFO:root:Avg. loss in the last 100 batches: 0.010948378592729568
INFO:root:Avg. loss in the last 100 batches: 0.013594679534435272
INFO:root:Avg. loss in the last 100 batches: 0.014898276887834072
INFO:root:Avg. loss in the last 100 batches: 0.014097865670919418
INFO:root:Avg. loss in the last 100 batches: 0.014338984154164791
INFO:root:Avg. loss in the last 100 batches: 0.011865985579788685
INFO:root:Avg. loss in the last 100 batches: 0.010908073745667934
INFO:root:Avg. loss in the last 100 batches: 0.013195252977311611
INFO:root:Avg. loss in the last 100 batches: 0.013560807332396507
INFO:root:Avg. loss in the last 100 batches: 0.012970564886927605
INFO:root:Avg. loss in the last 100 batches: 0.012629227712750435
INFO:root:Avg. loss in the last 100 batches: 0.011047810316085815
INFO:root:Avg. loss in the last 100 batches: 0.011167710646986961
INFO:root:Avg. loss in the last 100 batches: 0.012952323071658611
INFO:root:Avg. loss in the last 100 batches: 0.01300041750073433
INFO:root:Avg. loss in the last 100 batches: 0.01262496318668127
INFO:root:Avg. loss in the last 100 batches: 0.014246631413698196
INFO:root:Avg. loss in the last 100 batches: 0.013116168789565563
INFO:root:Avg. loss in the last 100 batches: 0.012332159094512463
INFO:root:Avg. loss in the last 100 batches: 0.013235019519925117
INFO:root:Avg. loss in the last 100 batches: 0.011977321468293667
INFO:root:Avg. loss in the last 100 batches: 0.011984984390437603
INFO:root:Avg. loss in the last 100 batches: 0.01374889723956585
INFO:root:Avg. loss in the last 100 batches: 0.011651924811303616
INFO:root:Avg. loss in the last 100 batches: 0.011199457570910454
INFO:root:Avg. loss in the last 100 batches: 0.013600963167846203
INFO:root:Avg. loss in the last 100 batches: 0.012015999294817448
INFO:root:Avg. loss in the last 100 batches: 0.011716729030013084
INFO:root:Avg. loss in the last 100 batches: 0.01207747682929039
INFO:root:Avg. loss in the last 100 batches: 0.010562809184193611
INFO:root:Avg. loss in the last 100 batches: 0.010400984436273575
INFO:root:Avg. loss in the last 100 batches: 0.014373119920492172
INFO:root:Avg. loss in the last 100 batches: 0.012700698338449001
INFO:root:Avg. loss in the last 100 batches: 0.012645742855966091
INFO:root:Avg. loss in the last 100 batches: 0.013905061408877373
INFO:root:Avg. loss in the last 100 batches: 0.012336338870227337
INFO:root:Avg. loss in the last 100 batches: 0.011836336925625801
INFO:root:Avg. loss in the last 100 batches: 0.013794312253594398
INFO:root:Avg. loss in the last 100 batches: 0.012428472749888897
INFO:root:Avg. loss in the last 100 batches: 0.0119551382958889
INFO:root:Avg. loss in the last 100 batches: 0.013363221660256386
INFO:root:Avg. loss in the last 100 batches: 0.012351020239293575
INFO:root:Avg. loss in the last 100 batches: 0.012499598786234856
INFO:root:Avg. loss in the last 100 batches: 0.01232096366584301
INFO:root:Avg. loss in the last 100 batches: 0.011056194081902504
INFO:root:Avg. loss in the last 100 batches: 0.011499151587486267
INFO:root:Avg. loss in the last 100 batches: 0.015090365894138813
INFO:root:Avg. loss in the last 100 batches: 0.013210958801209927
INFO:root:Avg. loss in the last 100 batches: 0.013693748041987419
INFO:root:Avg. loss in the last 100 batches: 0.014155146665871143
INFO:root:Avg. loss in the last 100 batches: 0.012864314019680023
INFO:root:Avg. loss of epoch 2: 0.012432152405381203
INFO:root:Avg. testing loss: 0.0169994980096817
INFO:root:Starting epoch 3
INFO:root:Avg. loss in the last 100 batches: 0.013191386125981808
INFO:root:Avg. loss in the last 100 batches: 0.01137670036405325
INFO:root:Avg. loss in the last 100 batches: 0.011127817444503307
INFO:root:Avg. loss in the last 100 batches: 0.012553859502077103
INFO:root:Avg. loss in the last 100 batches: 0.01067676953971386
INFO:root:Avg. loss in the last 100 batches: 0.011551386676728725
INFO:root:Avg. loss in the last 100 batches: 0.013146857731044292
INFO:root:Avg. loss in the last 100 batches: 0.010748742148280144
INFO:root:Avg. loss in the last 100 batches: 0.010896921157836914
INFO:root:Avg. loss in the last 100 batches: 0.011870874091982841
INFO:root:Avg. loss in the last 100 batches: 0.010919081047177315
INFO:root:Avg. loss in the last 100 batches: 0.01083576213568449
INFO:root:Avg. loss in the last 100 batches: 0.011334279552102089
INFO:root:Avg. loss in the last 100 batches: 0.010270949453115463
INFO:root:Avg. loss in the last 100 batches: 0.0109240198507905
INFO:root:Avg. loss in the last 100 batches: 0.014628227800130844
INFO:root:Avg. loss in the last 100 batches: 0.012982969172298908
INFO:root:Avg. loss in the last 100 batches: 0.013371150940656662
INFO:root:Avg. loss in the last 100 batches: 0.01173404511064291
INFO:root:Avg. loss in the last 100 batches: 0.010316028259694576
INFO:root:Avg. loss in the last 100 batches: 0.01202064473181963
INFO:root:Avg. loss in the last 100 batches: 0.014280330389738083
INFO:root:Avg. loss in the last 100 batches: 0.013101109303534031
INFO:root:Avg. loss in the last 100 batches: 0.013684526085853577
INFO:root:Avg. loss in the last 100 batches: 0.014473964460194111
INFO:root:Avg. loss in the last 100 batches: 0.013322297483682632
INFO:root:Avg. loss in the last 100 batches: 0.014075915329158306
INFO:root:Avg. loss in the last 100 batches: 0.011898113414645195
INFO:root:Avg. loss in the last 100 batches: 0.010707871988415718
INFO:root:Avg. loss in the last 100 batches: 0.011581286787986755
INFO:root:Avg. loss in the last 100 batches: 0.012579092755913734
INFO:root:Avg. loss in the last 100 batches: 0.011863773688673973
INFO:root:Avg. loss in the last 100 batches: 0.012477997690439224
INFO:root:Avg. loss in the last 100 batches: 0.01223724614828825
INFO:root:Avg. loss in the last 100 batches: 0.011077715083956718
INFO:root:Avg. loss in the last 100 batches: 0.012966267764568329
INFO:root:Avg. loss in the last 100 batches: 0.013489905744791031
INFO:root:Avg. loss in the last 100 batches: 0.012866867706179619
INFO:root:Avg. loss in the last 100 batches: 0.013772742822766304
INFO:root:Avg. loss in the last 100 batches: 0.012694571167230606
INFO:root:Avg. loss in the last 100 batches: 0.012250329367816448
INFO:root:Avg. loss in the last 100 batches: 0.0137938829138875
INFO:root:Avg. loss in the last 100 batches: 0.013057398609817028
INFO:root:Avg. loss in the last 100 batches: 0.013618240132927895
INFO:root:Avg. loss in the last 100 batches: 0.011772884987294674
INFO:root:Avg. loss in the last 100 batches: 0.011380364187061787
INFO:root:Avg. loss in the last 100 batches: 0.013034645467996597
INFO:root:Avg. loss in the last 100 batches: 0.012460757978260517
INFO:root:Avg. loss in the last 100 batches: 0.012145789340138435
INFO:root:Avg. loss in the last 100 batches: 0.012632237747311592
INFO:root:Avg. loss in the last 100 batches: 0.011444339528679848
INFO:root:Avg. loss in the last 100 batches: 0.010596130974590778
INFO:root:Avg. loss in the last 100 batches: 0.013421864248812199
INFO:root:Avg. loss in the last 100 batches: 0.012928741052746773
INFO:root:Avg. loss in the last 100 batches: 0.012298882938921452
INFO:root:Avg. loss in the last 100 batches: 0.012890594080090523
INFO:root:Avg. loss in the last 100 batches: 0.010684844106435776
INFO:root:Avg. loss in the last 100 batches: 0.010113878175616264
INFO:root:Avg. loss in the last 100 batches: 0.011137737892568111
INFO:root:Avg. loss in the last 100 batches: 0.010959923267364502
INFO:root:Avg. loss in the last 100 batches: 0.01077042706310749
INFO:root:Avg. loss in the last 100 batches: 0.01264423318207264
INFO:root:Avg. loss in the last 100 batches: 0.012000726535916328
INFO:root:Avg. loss in the last 100 batches: 0.011451314203441143
INFO:root:Avg. loss in the last 100 batches: 0.012389644980430603
INFO:root:Avg. loss in the last 100 batches: 0.011969202198088169
INFO:root:Avg. loss in the last 100 batches: 0.011294686235487461
INFO:root:Avg. loss in the last 100 batches: 0.01462310366332531
INFO:root:Avg. loss in the last 100 batches: 0.012521777302026749
INFO:root:Avg. loss in the last 100 batches: 0.012291629798710346
INFO:root:Avg. loss in the last 100 batches: 0.013909840025007725
INFO:root:Avg. loss in the last 100 batches: 0.01260407641530037
INFO:root:Avg. loss in the last 100 batches: 0.012005097232758999
INFO:root:Avg. loss in the last 100 batches: 0.013970100320875645
INFO:root:Avg. loss in the last 100 batches: 0.01234753429889679
INFO:root:Avg. loss in the last 100 batches: 0.011983656324446201
INFO:root:Avg. loss in the last 100 batches: 0.012626606039702892
INFO:root:Avg. loss in the last 100 batches: 0.011271911673247814
INFO:root:Avg. loss in the last 100 batches: 0.01134827733039856
INFO:root:Avg. loss in the last 100 batches: 0.012329020537436008
INFO:root:Avg. loss in the last 100 batches: 0.010913027450442314
INFO:root:Avg. loss in the last 100 batches: 0.011511608958244324
INFO:root:Avg. loss in the last 100 batches: 0.013726538047194481
INFO:root:Avg. loss in the last 100 batches: 0.012797890231013298
INFO:root:Avg. loss in the last 100 batches: 0.013023062609136105
INFO:root:Avg. loss in the last 100 batches: 0.012353071942925453
INFO:root:Avg. loss in the last 100 batches: 0.010695925913751125
INFO:root:Avg. loss in the last 100 batches: 0.011190816760063171
INFO:root:Avg. loss in the last 100 batches: 0.011682437732815742
INFO:root:Avg. loss in the last 100 batches: 0.010210860520601273
INFO:root:Avg. loss in the last 100 batches: 0.012534121051430702
INFO:root:Avg. loss in the last 100 batches: 0.015057818964123726
INFO:root:Avg. loss in the last 100 batches: 0.013183125294744968
INFO:root:Avg. loss in the last 100 batches: 0.013433299027383327
INFO:root:Avg. loss in the last 100 batches: 0.01193778496235609
INFO:root:Avg. loss in the last 100 batches: 0.01099612656980753
INFO:root:Avg. loss in the last 100 batches: 0.011395209468901157
INFO:root:Avg. loss in the last 100 batches: 0.011950928717851639
INFO:root:Avg. loss in the last 100 batches: 0.011470505967736244
INFO:root:Avg. loss in the last 100 batches: 0.01284035760909319
INFO:root:Avg. loss in the last 100 batches: 0.013055073097348213
INFO:root:Avg. loss in the last 100 batches: 0.012046967633068562
INFO:root:Avg. loss in the last 100 batches: 0.012530194595456123
INFO:root:Avg. loss in the last 100 batches: 0.011026245541870594
INFO:root:Avg. loss in the last 100 batches: 0.010276583023369312
INFO:root:Avg. loss in the last 100 batches: 0.012689906172454357
INFO:root:Avg. loss in the last 100 batches: 0.012811283580958843
INFO:root:Avg. loss in the last 100 batches: 0.012077315710484982
INFO:root:Avg. loss in the last 100 batches: 0.014702772721648216
INFO:root:Avg. loss in the last 100 batches: 0.014213981106877327
INFO:root:Avg. loss in the last 100 batches: 0.013898131437599659
INFO:root:Avg. loss in the last 100 batches: 0.015373422764241695
INFO:root:Avg. loss in the last 100 batches: 0.013700035400688648
INFO:root:Avg. loss in the last 100 batches: 0.013244079425930977
INFO:root:Avg. loss in the last 100 batches: 0.015145902521908283
INFO:root:Avg. loss in the last 100 batches: 0.01395722571760416
INFO:root:Avg. loss in the last 100 batches: 0.013217742554843426
INFO:root:Avg. loss in the last 100 batches: 0.01607760228216648
INFO:root:Avg. loss in the last 100 batches: 0.014522390440106392
INFO:root:Avg. loss in the last 100 batches: 0.014128944836556911
INFO:root:Avg. loss in the last 100 batches: 0.014651168137788773
INFO:root:Avg. loss in the last 100 batches: 0.012123141437768936
INFO:root:Avg. loss in the last 100 batches: 0.011095729656517506
INFO:root:Avg. loss in the last 100 batches: 0.012545078992843628
INFO:root:Avg. loss in the last 100 batches: 0.011256270110607147
INFO:root:Avg. loss in the last 100 batches: 0.010644298978149891
INFO:root:Avg. loss in the last 100 batches: 0.013083680532872677
INFO:root:Avg. loss in the last 100 batches: 0.01202324591577053
INFO:root:Avg. loss in the last 100 batches: 0.011904150247573853
INFO:root:Avg. loss in the last 100 batches: 0.014845886267721653
INFO:root:Avg. loss in the last 100 batches: 0.013323755003511906
INFO:root:Avg. loss in the last 100 batches: 0.013337471522390842
INFO:root:Avg. loss in the last 100 batches: 0.013431498780846596
INFO:root:Avg. loss in the last 100 batches: 0.011929805390536785
INFO:root:Avg. loss in the last 100 batches: 0.011814212426543236
INFO:root:Avg. loss in the last 100 batches: 0.01451990008354187
INFO:root:Avg. loss in the last 100 batches: 0.012902779504656792
INFO:root:Avg. loss in the last 100 batches: 0.013153321109712124
INFO:root:Avg. loss in the last 100 batches: 0.016237210482358932
INFO:root:Avg. loss in the last 100 batches: 0.013967382721602917
INFO:root:Avg. loss in the last 100 batches: 0.013674324378371239
INFO:root:Avg. loss in the last 100 batches: 0.011700031347572803
INFO:root:Avg. loss in the last 100 batches: 0.010213030502200127
INFO:root:Avg. loss in the last 100 batches: 0.010604855604469776
INFO:root:Avg. loss in the last 100 batches: 0.013311798684298992
INFO:root:Avg. loss in the last 100 batches: 0.011868287809193134
INFO:root:Avg. loss in the last 100 batches: 0.012513847090303898
INFO:root:Avg. loss in the last 100 batches: 0.01461031660437584
INFO:root:Avg. loss in the last 100 batches: 0.013692604377865791
INFO:root:Avg. loss in the last 100 batches: 0.013804804533720016
INFO:root:Avg. loss in the last 100 batches: 0.012849342077970505
INFO:root:Avg. loss in the last 100 batches: 0.011912854388356209
INFO:root:Avg. loss in the last 100 batches: 0.012091103941202164
INFO:root:Avg. loss in the last 100 batches: 0.010717363096773624
INFO:root:Avg. loss in the last 100 batches: 0.009371324442327023
INFO:root:Avg. loss in the last 100 batches: 0.011305013671517372
INFO:root:Avg. loss in the last 100 batches: 0.012776988558471203
INFO:root:Avg. loss in the last 100 batches: 0.011246604844927788
INFO:root:Avg. loss in the last 100 batches: 0.012262659147381783
INFO:root:Avg. loss in the last 100 batches: 0.01195252314209938
INFO:root:Avg. loss in the last 100 batches: 0.011308270506560802
INFO:root:Avg. loss in the last 100 batches: 0.01346154697239399
INFO:root:Avg. loss in the last 100 batches: 0.01495350431650877
INFO:root:Avg. loss in the last 100 batches: 0.01436400506645441
INFO:root:Avg. loss in the last 100 batches: 0.014474119059741497
INFO:root:Avg. loss in the last 100 batches: 0.011630663648247719
INFO:root:Avg. loss in the last 100 batches: 0.011099434457719326
INFO:root:Avg. loss in the last 100 batches: 0.01330306101590395
INFO:root:Avg. loss in the last 100 batches: 0.013564055785536766
INFO:root:Avg. loss in the last 100 batches: 0.013193164020776749
INFO:root:Avg. loss in the last 100 batches: 0.01282178983092308
INFO:root:Avg. loss in the last 100 batches: 0.011232031509280205
INFO:root:Avg. loss in the last 100 batches: 0.010709983296692371
INFO:root:Avg. loss in the last 100 batches: 0.013361985795199871
INFO:root:Avg. loss in the last 100 batches: 0.012972189113497734
INFO:root:Avg. loss in the last 100 batches: 0.012687666341662407
INFO:root:Avg. loss in the last 100 batches: 0.014053852297365665
INFO:root:Avg. loss in the last 100 batches: 0.013190869241952896
INFO:root:Avg. loss in the last 100 batches: 0.012803842313587666
INFO:root:Avg. loss in the last 100 batches: 0.013264555484056473
INFO:root:Avg. loss in the last 100 batches: 0.012313855811953545
INFO:root:Avg. loss in the last 100 batches: 0.011675412766635418
INFO:root:Avg. loss in the last 100 batches: 0.013849561102688313
INFO:root:Avg. loss in the last 100 batches: 0.011872394941747189
INFO:root:Avg. loss in the last 100 batches: 0.011200261302292347
INFO:root:Avg. loss in the last 100 batches: 0.01392514817416668
INFO:root:Avg. loss in the last 100 batches: 0.012166467495262623
INFO:root:Avg. loss in the last 100 batches: 0.011606103740632534
INFO:root:Avg. loss in the last 100 batches: 0.012420441955327988
INFO:root:Avg. loss in the last 100 batches: 0.01061006635427475
INFO:root:Avg. loss in the last 100 batches: 0.010202420875430107
INFO:root:Avg. loss in the last 100 batches: 0.014410640113055706
INFO:root:Avg. loss in the last 100 batches: 0.013078738935291767
INFO:root:Avg. loss in the last 100 batches: 0.012388139963150024
INFO:root:Avg. loss in the last 100 batches: 0.01396362017840147
INFO:root:Avg. loss in the last 100 batches: 0.012203050777316093
INFO:root:Avg. loss in the last 100 batches: 0.012084569782018661
INFO:root:Avg. loss in the last 100 batches: 0.014054368250072002
INFO:root:Avg. loss in the last 100 batches: 0.012353404425084591
INFO:root:Avg. loss in the last 100 batches: 0.012051388621330261
INFO:root:Avg. loss in the last 100 batches: 0.01363515853881836
INFO:root:Avg. loss in the last 100 batches: 0.012294219806790352
INFO:root:Avg. loss in the last 100 batches: 0.012498927302658558
INFO:root:Avg. loss in the last 100 batches: 0.012932263314723969
INFO:root:Avg. loss in the last 100 batches: 0.010824269615113735
INFO:root:Avg. loss in the last 100 batches: 0.01126894447952509
INFO:root:Avg. loss in the last 100 batches: 0.015301265753805637
INFO:root:Avg. loss in the last 100 batches: 0.013215335085988045
INFO:root:Avg. loss in the last 100 batches: 0.013593572191894054
INFO:root:Avg. loss in the last 100 batches: 0.014296072535216808
INFO:root:Avg. loss in the last 100 batches: 0.013163353316485882
INFO:root:Avg. loss of epoch 3: 0.012519744224846363
INFO:root:Avg. testing loss: 0.01695767231285572
INFO:root:Starting epoch 4
INFO:root:Avg. loss in the last 100 batches: 0.01316856313496828
INFO:root:Avg. loss in the last 100 batches: 0.011548030190169811
INFO:root:Avg. loss in the last 100 batches: 0.011259527876973152
INFO:root:Avg. loss in the last 100 batches: 0.012393530458211899
INFO:root:Avg. loss in the last 100 batches: 0.011212712153792381
INFO:root:Avg. loss in the last 100 batches: 0.011334088630974293
INFO:root:Avg. loss in the last 100 batches: 0.013193613849580288
INFO:root:Avg. loss in the last 100 batches: 0.011085661128163338
INFO:root:Avg. loss in the last 100 batches: 0.010757639072835445
INFO:root:Avg. loss in the last 100 batches: 0.012078529223799706
INFO:root:Avg. loss in the last 100 batches: 0.01087326742708683
INFO:root:Avg. loss in the last 100 batches: 0.010883970186114311
INFO:root:Avg. loss in the last 100 batches: 0.011886730790138245
INFO:root:Avg. loss in the last 100 batches: 0.010040616616606712
INFO:root:Avg. loss in the last 100 batches: 0.010873738676309586
INFO:root:Avg. loss in the last 100 batches: 0.014748387970030308
INFO:root:Avg. loss in the last 100 batches: 0.013124837540090084
INFO:root:Avg. loss in the last 100 batches: 0.013374234549701214
INFO:root:Avg. loss in the last 100 batches: 0.011963879689574242
INFO:root:Avg. loss in the last 100 batches: 0.010506524704396725
INFO:root:Avg. loss in the last 100 batches: 0.011736922897398472
INFO:root:Avg. loss in the last 100 batches: 0.014510040171444416
INFO:root:Avg. loss in the last 100 batches: 0.01309890951961279
INFO:root:Avg. loss in the last 100 batches: 0.014150097966194153
INFO:root:Avg. loss in the last 100 batches: 0.014515740796923637
INFO:root:Avg. loss in the last 100 batches: 0.013497758656740189
INFO:root:Avg. loss in the last 100 batches: 0.013781160116195679
INFO:root:Avg. loss in the last 100 batches: 0.01215324830263853
INFO:root:Avg. loss in the last 100 batches: 0.010827108286321163
INFO:root:Avg. loss in the last 100 batches: 0.011796853505074978
INFO:root:Avg. loss in the last 100 batches: 0.012394765391945839
INFO:root:Avg. loss in the last 100 batches: 0.012121209874749184
INFO:root:Avg. loss in the last 100 batches: 0.012477615848183632
INFO:root:Avg. loss in the last 100 batches: 0.01235966570675373
INFO:root:Avg. loss in the last 100 batches: 0.01116210874170065
INFO:root:Avg. loss in the last 100 batches: 0.012951348908245564
INFO:root:Avg. loss in the last 100 batches: 0.013739294372498989
INFO:root:Avg. loss in the last 100 batches: 0.013045557774603367
INFO:root:Avg. loss in the last 100 batches: 0.013557865284383297
INFO:root:Avg. loss in the last 100 batches: 0.01311604306101799
INFO:root:Avg. loss in the last 100 batches: 0.012012394145131111
INFO:root:Avg. loss in the last 100 batches: 0.01402787771075964
INFO:root:Avg. loss in the last 100 batches: 0.013270352967083454
INFO:root:Avg. loss in the last 100 batches: 0.013779555447399616
INFO:root:Avg. loss in the last 100 batches: 0.011827336624264717
INFO:root:Avg. loss in the last 100 batches: 0.011186846531927586
INFO:root:Avg. loss in the last 100 batches: 0.013129646889865398
INFO:root:Avg. loss in the last 100 batches: 0.012825082056224346
INFO:root:Avg. loss in the last 100 batches: 0.012034536339342594
INFO:root:Avg. loss in the last 100 batches: 0.012698597274720669
INFO:root:Avg. loss in the last 100 batches: 0.01135603804141283
INFO:root:Avg. loss in the last 100 batches: 0.010959384962916374
INFO:root:Avg. loss in the last 100 batches: 0.013323490507900715
INFO:root:Avg. loss in the last 100 batches: 0.01294771023094654
INFO:root:Avg. loss in the last 100 batches: 0.012318002991378307
INFO:root:Avg. loss in the last 100 batches: 0.013027127832174301
INFO:root:Avg. loss in the last 100 batches: 0.010989921167492867
INFO:root:Avg. loss in the last 100 batches: 0.00991165079176426
INFO:root:Avg. loss in the last 100 batches: 0.011202611960470676
INFO:root:Avg. loss in the last 100 batches: 0.010885493829846382
INFO:root:Avg. loss in the last 100 batches: 0.010776647366583347
INFO:root:Avg. loss in the last 100 batches: 0.012954947538673878
INFO:root:Avg. loss in the last 100 batches: 0.011782643385231495
INFO:root:Avg. loss in the last 100 batches: 0.011619476601481438
INFO:root:Avg. loss in the last 100 batches: 0.012514259666204453
INFO:root:Avg. loss in the last 100 batches: 0.011822253465652466
INFO:root:Avg. loss in the last 100 batches: 0.011528038419783115
INFO:root:Avg. loss in the last 100 batches: 0.014728662557899952
INFO:root:Avg. loss in the last 100 batches: 0.012572850100696087
INFO:root:Avg. loss in the last 100 batches: 0.012349103577435017
INFO:root:Avg. loss in the last 100 batches: 0.01374771073460579
INFO:root:Avg. loss in the last 100 batches: 0.012784392572939396
INFO:root:Avg. loss in the last 100 batches: 0.012278770096600056
INFO:root:Avg. loss in the last 100 batches: 0.01412895880639553
INFO:root:Avg. loss in the last 100 batches: 0.012173290364444256
INFO:root:Avg. loss in the last 100 batches: 0.012165524996817112
INFO:root:Avg. loss in the last 100 batches: 0.012934441678225994
INFO:root:Avg. loss in the last 100 batches: 0.011182509362697601
INFO:root:Avg. loss in the last 100 batches: 0.011477834545075893
INFO:root:Avg. loss in the last 100 batches: 0.012361283414065838
INFO:root:Avg. loss in the last 100 batches: 0.010960103012621403
INFO:root:Avg. loss in the last 100 batches: 0.011391707696020603
INFO:root:Avg. loss in the last 100 batches: 0.014192542992532253
INFO:root:Avg. loss in the last 100 batches: 0.012772008776664734
INFO:root:Avg. loss in the last 100 batches: 0.012845318764448166
INFO:root:Avg. loss in the last 100 batches: 0.01238726731389761
INFO:root:Avg. loss in the last 100 batches: 0.010794678702950478
INFO:root:Avg. loss in the last 100 batches: 0.011378330178558826
INFO:root:Avg. loss in the last 100 batches: 0.011935294605791569
INFO:root:Avg. loss in the last 100 batches: 0.01029866561293602
INFO:root:Avg. loss in the last 100 batches: 0.012227377854287624
INFO:root:Avg. loss in the last 100 batches: 0.01520905364304781
INFO:root:Avg. loss in the last 100 batches: 0.013553238473832607
INFO:root:Avg. loss in the last 100 batches: 0.013483244925737381
INFO:root:Avg. loss in the last 100 batches: 0.011961057782173157
INFO:root:Avg. loss in the last 100 batches: 0.011179720982909203
INFO:root:Avg. loss in the last 100 batches: 0.011530316434800625
INFO:root:Avg. loss in the last 100 batches: 0.011966140940785408
