INFO:root:Training Run ID: 1644999712
INFO:root:Classifier model: <class 'cnn.convolutional_model.Classifier'>
INFO:root:Hidden layer size: 100
INFO:root:Training classifier with the following parameters:
INFO:root:Folder with documents: data/openalex/split_docs
INFO:root:File with subject information: data/openalex/subjects.json
INFO:root:No. of words kept per document: 250
INFO:root:No. of dimensions per word: 300
INFO:root:Dropout probability: 0.7
INFO:root:Training loss function: AsymmetricLossOptimized()
INFO:root:Optimizer: SGD
INFO:root:Batch size: 10
INFO:root:No. of epochs: 20
INFO:root:Learning rate: 0.5
INFO:root:Momentum: 0.5
INFO:root:Scheduler: <class 'torch.optim.lr_scheduler.StepLR'>
INFO:root:Scheduler steps: 2
INFO:root:Scheduler gamma: 0.9
INFO:root:Data shuffling?: True

INFO:root:Dataset has 428986 documents
INFO:root:There are 2157 subjects.

INFO:root:Starting epoch 1
INFO:root:Avg. loss in the last 100 batches: 12717.384765625
INFO:root:Avg. loss in the last 100 batches: 13572.54296875
INFO:root:Avg. loss in the last 100 batches: 14210.7509765625
INFO:root:Avg. loss in the last 100 batches: 14280.4033203125
INFO:root:Avg. loss in the last 100 batches: 14254.3681640625
INFO:root:Avg. loss in the last 100 batches: 14261.607421875
INFO:root:Avg. loss in the last 100 batches: 14356.1044921875
INFO:root:Avg. loss in the last 100 batches: 14364.3798828125
INFO:root:Avg. loss in the last 100 batches: 14347.5537109375
INFO:root:Avg. loss in the last 100 batches: 14346.767578125
INFO:root:Avg. loss in the last 100 batches: 14356.9423828125
INFO:root:Avg. loss in the last 100 batches: 14377.9111328125
INFO:root:Avg. loss in the last 100 batches: 14289.078125
INFO:root:Avg. loss in the last 100 batches: 14255.73828125
INFO:root:Avg. loss in the last 100 batches: 14284.7275390625
INFO:root:Avg. loss in the last 100 batches: 14443.9482421875
INFO:root:Avg. loss in the last 100 batches: 14427.796875
INFO:root:Avg. loss in the last 100 batches: 14424.9931640625
INFO:root:Avg. loss in the last 100 batches: 14386.1806640625
INFO:root:Avg. loss in the last 100 batches: 14393.54296875
INFO:root:Avg. loss in the last 100 batches: 14395.166015625
INFO:root:Avg. loss in the last 100 batches: 14453.0263671875
INFO:root:Avg. loss in the last 100 batches: 14473.5361328125
INFO:root:Avg. loss in the last 100 batches: 14491.41796875
INFO:root:Avg. loss in the last 100 batches: 14587.419921875
INFO:root:Avg. loss in the last 100 batches: 14584.716796875
INFO:root:Avg. loss in the last 100 batches: 14540.2138671875
INFO:root:Avg. loss in the last 100 batches: 14325.10546875
INFO:root:Avg. loss in the last 100 batches: 14316.228515625
INFO:root:Avg. loss in the last 100 batches: 12987.3095703125
INFO:root:Avg. loss in the last 100 batches: 12636.12890625
INFO:root:Avg. loss in the last 100 batches: 12645.1572265625
INFO:root:Avg. loss in the last 100 batches: 12659.6025390625
INFO:root:Avg. loss in the last 100 batches: 12632.572265625
INFO:root:Avg. loss in the last 100 batches: 12604.4072265625
INFO:root:Avg. loss in the last 100 batches: 12664.45703125
INFO:root:Avg. loss in the last 100 batches: 12764.6669921875
INFO:root:Avg. loss in the last 100 batches: 12766.1123046875
INFO:root:Avg. loss in the last 100 batches: 12757.5595703125
INFO:root:Avg. loss in the last 100 batches: 12735.9306640625
INFO:root:Avg. loss in the last 100 batches: 12751.416015625
INFO:root:Avg. loss in the last 100 batches: 12732.673828125
INFO:root:Avg. loss in the last 100 batches: 12685.7255859375
INFO:root:Avg. loss in the last 100 batches: 12633.12109375
INFO:root:Avg. loss in the last 100 batches: 12609.0947265625
INFO:root:Avg. loss in the last 100 batches: 12621.5556640625
INFO:root:Avg. loss in the last 100 batches: 12649.7685546875
INFO:root:Avg. loss in the last 100 batches: 12653.5859375
INFO:root:Avg. loss in the last 100 batches: 12629.6396484375
INFO:root:Avg. loss in the last 100 batches: 12571.06640625
INFO:root:Avg. loss in the last 100 batches: 12583.6220703125
INFO:root:Avg. loss in the last 100 batches: 12676.724609375
INFO:root:Avg. loss in the last 100 batches: 12854.611328125
INFO:root:Avg. loss in the last 100 batches: 12867.666015625
INFO:root:Avg. loss in the last 100 batches: 12814.849609375
INFO:root:Avg. loss in the last 100 batches: 12690.3623046875
INFO:root:Avg. loss in the last 100 batches: 12698.607421875
INFO:root:Avg. loss in the last 100 batches: 12638.3818359375
INFO:root:Avg. loss in the last 100 batches: 12579.7138671875
INFO:root:Avg. loss in the last 100 batches: 12588.2001953125
INFO:root:Avg. loss in the last 100 batches: 12584.7333984375
INFO:root:Avg. loss in the last 100 batches: 12592.0146484375
INFO:root:Avg. loss in the last 100 batches: 12602.8046875
INFO:root:Avg. loss in the last 100 batches: 12619.6513671875
INFO:root:Avg. loss in the last 100 batches: 12659.9794921875
INFO:root:Avg. loss in the last 100 batches: 12640.1171875
INFO:root:Avg. loss in the last 100 batches: 12661.296875
INFO:root:Avg. loss in the last 100 batches: 12611.2431640625
INFO:root:Avg. loss in the last 100 batches: 12617.048828125
INFO:root:Avg. loss in the last 100 batches: 12630.6962890625
INFO:root:Avg. loss in the last 100 batches: 12677.6162109375
INFO:root:Avg. loss in the last 100 batches: 12664.75390625
INFO:root:Avg. loss in the last 100 batches: 12789.7939453125
INFO:root:Avg. loss in the last 100 batches: 12910.1162109375
INFO:root:Avg. loss in the last 100 batches: 12889.37890625
INFO:root:Avg. loss in the last 100 batches: 12725.326171875
INFO:root:Avg. loss in the last 100 batches: 12598.9267578125
INFO:root:Avg. loss in the last 100 batches: 12598.3486328125
INFO:root:Avg. loss in the last 100 batches: 12602.875
INFO:root:Avg. loss in the last 100 batches: 12599.3193359375
INFO:root:Avg. loss in the last 100 batches: 12607.5849609375
INFO:root:Avg. loss in the last 100 batches: 12630.5830078125
INFO:root:Avg. loss in the last 100 batches: 12637.2197265625
INFO:root:Avg. loss in the last 100 batches: 12637.5458984375
INFO:root:Avg. loss in the last 100 batches: 12629.998046875
INFO:root:Avg. loss in the last 100 batches: 12655.69140625
INFO:root:Avg. loss in the last 100 batches: 12647.4931640625
INFO:root:Avg. loss in the last 100 batches: 12654.1123046875
INFO:root:Avg. loss in the last 100 batches: 12638.189453125
INFO:root:Avg. loss in the last 100 batches: 12648.361328125
INFO:root:Avg. loss in the last 100 batches: 12816.625
INFO:root:Avg. loss in the last 100 batches: 12880.58203125
INFO:root:Avg. loss in the last 100 batches: 12858.158203125
INFO:root:Avg. loss in the last 100 batches: 12729.8525390625
INFO:root:Avg. loss in the last 100 batches: 12670.0673828125
INFO:root:Avg. loss in the last 100 batches: 12678.861328125
INFO:root:Avg. loss in the last 100 batches: 12687.21484375
INFO:root:Avg. loss in the last 100 batches: 12684.166015625
INFO:root:Avg. loss in the last 100 batches: 12656.22265625
INFO:root:Avg. loss in the last 100 batches: 12642.93359375
INFO:root:Avg. loss in the last 100 batches: 12627.1611328125
INFO:root:Avg. loss in the last 100 batches: 12603.5068359375
INFO:root:Avg. loss in the last 100 batches: 12573.2294921875
INFO:root:Avg. loss in the last 100 batches: 12555.9326171875
INFO:root:Avg. loss in the last 100 batches: 12561.6845703125
INFO:root:Avg. loss in the last 100 batches: 12626.408203125
INFO:root:Avg. loss in the last 100 batches: 12652.4521484375
INFO:root:Avg. loss in the last 100 batches: 12655.8349609375
INFO:root:Avg. loss in the last 100 batches: 12858.576171875
INFO:root:Avg. loss in the last 100 batches: 12923.3837890625
INFO:root:Avg. loss in the last 100 batches: 12895.826171875
INFO:root:Avg. loss in the last 100 batches: 12721.71875
INFO:root:Avg. loss in the last 100 batches: 12698.1357421875
INFO:root:Avg. loss in the last 100 batches: 12705.033203125
INFO:root:Avg. loss in the last 100 batches: 12835.46484375
INFO:root:Avg. loss in the last 100 batches: 12839.6884765625
INFO:root:Avg. loss in the last 100 batches: 12849.50390625
INFO:root:Avg. loss in the last 100 batches: 13071.783203125
INFO:root:Avg. loss in the last 100 batches: 13061.203125
INFO:root:Avg. loss in the last 100 batches: 13081.482421875
INFO:root:Avg. loss in the last 100 batches: 12682.943359375
INFO:root:Avg. loss in the last 100 batches: 12691.2705078125
INFO:root:Avg. loss in the last 100 batches: 12658.83203125
INFO:root:Avg. loss in the last 100 batches: 12638.7021484375
INFO:root:Avg. loss in the last 100 batches: 12639.9794921875
INFO:root:Avg. loss in the last 100 batches: 12636.1123046875
INFO:root:Avg. loss in the last 100 batches: 12623.4169921875
INFO:root:Avg. loss in the last 100 batches: 12605.546875
INFO:root:Avg. loss in the last 100 batches: 12626.0517578125
INFO:root:Avg. loss in the last 100 batches: 12707.966796875
INFO:root:Avg. loss in the last 100 batches: 12686.8193359375
INFO:root:Avg. loss in the last 100 batches: 12691.6162109375
INFO:root:Avg. loss in the last 100 batches: 12616.8857421875
INFO:root:Avg. loss in the last 100 batches: 12593.87890625
INFO:root:Avg. loss in the last 100 batches: 12622.2099609375
INFO:root:Avg. loss in the last 100 batches: 12695.7373046875
INFO:root:Avg. loss in the last 100 batches: 12700.662109375
INFO:root:Avg. loss in the last 100 batches: 12739.072265625
INFO:root:Avg. loss in the last 100 batches: 12840.06640625
INFO:root:Avg. loss in the last 100 batches: 12854.9970703125
INFO:root:Avg. loss in the last 100 batches: 12808.53515625
INFO:root:Avg. loss in the last 100 batches: 12574.6474609375
INFO:root:Avg. loss in the last 100 batches: 12578.8134765625
INFO:root:Avg. loss in the last 100 batches: 12573.4306640625
INFO:root:Avg. loss in the last 100 batches: 12624.685546875
INFO:root:Avg. loss in the last 100 batches: 12597.86328125
INFO:root:Avg. loss in the last 100 batches: 12621.791015625
INFO:root:Avg. loss in the last 100 batches: 13792.88671875
INFO:root:Avg. loss in the last 100 batches: 13827.3232421875
INFO:root:Avg. loss in the last 100 batches: 13843.3369140625
INFO:root:Avg. loss in the last 100 batches: 13789.52734375
INFO:root:Avg. loss in the last 100 batches: 13761.0576171875
INFO:root:Avg. loss in the last 100 batches: 13734.61328125
INFO:root:Avg. loss in the last 100 batches: 13603.78515625
INFO:root:Avg. loss in the last 100 batches: 13614.7685546875
INFO:root:Avg. loss in the last 100 batches: 13678.2568359375
INFO:root:Avg. loss in the last 100 batches: 13727.267578125
INFO:root:Avg. loss in the last 100 batches: 13683.4609375
INFO:root:Avg. loss in the last 100 batches: 13722.294921875
INFO:root:Avg. loss in the last 100 batches: 13780.8505859375
INFO:root:Avg. loss in the last 100 batches: 13739.388671875
INFO:root:Avg. loss in the last 100 batches: 13840.85546875
INFO:root:Avg. loss in the last 100 batches: 14017.7421875
INFO:root:Avg. loss in the last 100 batches: 14033.642578125
INFO:root:Avg. loss in the last 100 batches: 13922.28515625
INFO:root:Avg. loss in the last 100 batches: 13742.78125
INFO:root:Avg. loss in the last 100 batches: 13765.134765625
INFO:root:Avg. loss in the last 100 batches: 13785.1044921875
INFO:root:Avg. loss in the last 100 batches: 13797.6962890625
INFO:root:Avg. loss in the last 100 batches: 13788.70703125
INFO:root:Avg. loss in the last 100 batches: 13733.1201171875
INFO:root:Avg. loss in the last 100 batches: 13761.7119140625
INFO:root:Avg. loss in the last 100 batches: 13751.3193359375
INFO:root:Avg. loss in the last 100 batches: 13763.36328125
INFO:root:Avg. loss in the last 100 batches: 13790.8046875
INFO:root:Avg. loss in the last 100 batches: 15831.765625
INFO:root:Avg. loss in the last 100 batches: 16480.2890625
INFO:root:Avg. loss in the last 100 batches: 16481.712890625
INFO:root:Avg. loss in the last 100 batches: 16483.85546875
INFO:root:Avg. loss in the last 100 batches: 16480.337890625
INFO:root:Avg. loss in the last 100 batches: 16471.48046875
INFO:root:Avg. loss in the last 100 batches: 16497.41796875
INFO:root:Avg. loss in the last 100 batches: 16445.32421875
INFO:root:Avg. loss in the last 100 batches: 16423.490234375
INFO:root:Avg. loss in the last 100 batches: 16423.47265625
INFO:root:Avg. loss in the last 100 batches: 16436.828125
INFO:root:Avg. loss in the last 100 batches: 16466.787109375
INFO:root:Avg. loss in the last 100 batches: 16462.142578125
INFO:root:Avg. loss in the last 100 batches: 16422.357421875
INFO:root:Avg. loss in the last 100 batches: 16376.7607421875
INFO:root:Avg. loss in the last 100 batches: 16384.669921875
INFO:root:Avg. loss in the last 100 batches: 16496.3125
INFO:root:Avg. loss in the last 100 batches: 16530.716796875
INFO:root:Avg. loss in the last 100 batches: 16546.912109375
INFO:root:Avg. loss in the last 100 batches: 16455.876953125
INFO:root:Avg. loss in the last 100 batches: 16424.435546875
INFO:root:Avg. loss in the last 100 batches: 16376.2861328125
INFO:root:Avg. loss in the last 100 batches: 16437.080078125
INFO:root:Avg. loss in the last 100 batches: 16478.34765625
INFO:root:Avg. loss in the last 100 batches: 16477.1328125
INFO:root:Avg. loss in the last 100 batches: 16562.62890625
INFO:root:Avg. loss in the last 100 batches: 17531.884765625
INFO:root:Avg. loss in the last 100 batches: 18584.84765625
INFO:root:Avg. loss in the last 100 batches: 18503.732421875
INFO:root:Avg. loss in the last 100 batches: 18469.4453125
INFO:root:Avg. loss in the last 100 batches: 18474.796875
INFO:root:Avg. loss in the last 100 batches: 18605.0703125
INFO:root:Avg. loss in the last 100 batches: 18640.47265625
INFO:root:Avg. loss in the last 100 batches: 18638.125
INFO:root:Avg. loss in the last 100 batches: 18696.9296875
INFO:root:Avg. loss in the last 100 batches: 18696.984375
INFO:root:Avg. loss in the last 100 batches: 18703.66015625
INFO:root:Avg. loss of epoch 1: 13819.9921875
INFO:root:New lr: 0.5
INFO:root:Avg. testing loss: 34.34363555908203
INFO:root:Starting epoch 2
INFO:root:Avg. loss in the last 100 batches: 18468.70703125
INFO:root:Avg. loss in the last 100 batches: 18473.560546875
INFO:root:Avg. loss in the last 100 batches: 18465.337890625
INFO:root:Avg. loss in the last 100 batches: 18494.76953125
INFO:root:Avg. loss in the last 100 batches: 18502.986328125
INFO:root:Avg. loss in the last 100 batches: 18489.724609375
INFO:root:Avg. loss in the last 100 batches: 18589.724609375
INFO:root:Avg. loss in the last 100 batches: 18572.646484375
INFO:root:Avg. loss in the last 100 batches: 18573.154296875
INFO:root:Avg. loss in the last 100 batches: 18581.580078125
INFO:root:Avg. loss in the last 100 batches: 18591.3515625
INFO:root:Avg. loss in the last 100 batches: 18590.54296875
INFO:root:Avg. loss in the last 100 batches: 18482.654296875
INFO:root:Avg. loss in the last 100 batches: 18500.9609375
INFO:root:Avg. loss in the last 100 batches: 18509.900390625
INFO:root:Avg. loss in the last 100 batches: 18670.970703125
INFO:root:Avg. loss in the last 100 batches: 17858.275390625
INFO:root:Avg. loss in the last 100 batches: 16671.53125
INFO:root:Avg. loss in the last 100 batches: 16659.208984375
INFO:root:Avg. loss in the last 100 batches: 16645.5
INFO:root:Avg. loss in the last 100 batches: 16710.19140625
INFO:root:Avg. loss in the last 100 batches: 16772.75
INFO:root:Avg. loss in the last 100 batches: 16858.734375
INFO:root:Avg. loss in the last 100 batches: 16834.10546875
INFO:root:Avg. loss in the last 100 batches: 16962.15234375
INFO:root:Avg. loss in the last 100 batches: 16957.7265625
INFO:root:Avg. loss in the last 100 batches: 16917.15625
INFO:root:Avg. loss in the last 100 batches: 16599.16015625
INFO:root:Avg. loss in the last 100 batches: 16629.873046875
INFO:root:Avg. loss in the last 100 batches: 16594.455078125
INFO:root:Avg. loss in the last 100 batches: 16602.826171875
INFO:root:Avg. loss in the last 100 batches: 16612.51953125
INFO:root:Avg. loss in the last 100 batches: 16633.21875
INFO:root:Avg. loss in the last 100 batches: 16600.11328125
INFO:root:Avg. loss in the last 100 batches: 16604.6015625
INFO:root:Avg. loss in the last 100 batches: 16669.63671875
INFO:root:Avg. loss in the last 100 batches: 16839.98828125
INFO:root:Avg. loss in the last 100 batches: 16814.404296875
INFO:root:Avg. loss in the last 100 batches: 16799.16015625
INFO:root:Avg. loss in the last 100 batches: 16794.97265625
INFO:root:Avg. loss in the last 100 batches: 16744.509765625
INFO:root:Avg. loss in the last 100 batches: 16756.01171875
INFO:root:Avg. loss in the last 100 batches: 16679.052734375
INFO:root:Avg. loss in the last 100 batches: 16615.53515625
INFO:root:Avg. loss in the last 100 batches: 16602.212890625
INFO:root:Avg. loss in the last 100 batches: 16616.751953125
INFO:root:Avg. loss in the last 100 batches: 16614.416015625
INFO:root:Avg. loss in the last 100 batches: 16663.095703125
INFO:root:Avg. loss in the last 100 batches: 16604.634765625
INFO:root:Avg. loss in the last 100 batches: 16526.16796875
INFO:root:Avg. loss in the last 100 batches: 16574.744140625
INFO:root:Avg. loss in the last 100 batches: 16672.083984375
INFO:root:Avg. loss in the last 100 batches: 16837.267578125
INFO:root:Avg. loss in the last 100 batches: 16835.03125
INFO:root:Avg. loss in the last 100 batches: 16793.34375
INFO:root:Avg. loss in the last 100 batches: 16724.638671875
INFO:root:Avg. loss in the last 100 batches: 16708.6796875
INFO:root:Avg. loss in the last 100 batches: 16672.017578125
INFO:root:Avg. loss in the last 100 batches: 16612.15234375
INFO:root:Avg. loss in the last 100 batches: 16572.115234375
INFO:root:Avg. loss in the last 100 batches: 16587.6015625
INFO:root:Avg. loss in the last 100 batches: 16590.41796875
INFO:root:Avg. loss in the last 100 batches: 16565.900390625
INFO:root:Avg. loss in the last 100 batches: 16593.384765625
INFO:root:Avg. loss in the last 100 batches: 16574.609375
INFO:root:Avg. loss in the last 100 batches: 16554.3984375
INFO:root:Avg. loss in the last 100 batches: 16673.9765625
INFO:root:Avg. loss in the last 100 batches: 16657.1875
INFO:root:Avg. loss in the last 100 batches: 16675.041015625
INFO:root:Avg. loss in the last 100 batches: 16646.306640625
INFO:root:Avg. loss in the last 100 batches: 16643.78515625
INFO:root:Avg. loss in the last 100 batches: 16610.4140625
INFO:root:Avg. loss in the last 100 batches: 16783.087890625
INFO:root:Avg. loss in the last 100 batches: 16880.8125
INFO:root:Avg. loss in the last 100 batches: 16901.58984375
INFO:root:Avg. loss in the last 100 batches: 16711.9609375
INFO:root:Avg. loss in the last 100 batches: 16619.056640625
INFO:root:Avg. loss in the last 100 batches: 16599.63671875
INFO:root:Avg. loss in the last 100 batches: 16575.958984375
INFO:root:Avg. loss in the last 100 batches: 16607.38671875
INFO:root:Avg. loss in the last 100 batches: 16596.9765625
INFO:root:Avg. loss in the last 100 batches: 16578.66015625
INFO:root:Avg. loss in the last 100 batches: 16650.076171875
INFO:root:Avg. loss in the last 100 batches: 16708.224609375
INFO:root:Avg. loss in the last 100 batches: 16640.693359375
INFO:root:Avg. loss in the last 100 batches: 16616.111328125
INFO:root:Avg. loss in the last 100 batches: 16623.623046875
INFO:root:Avg. loss in the last 100 batches: 16599.939453125
INFO:root:Avg. loss in the last 100 batches: 16596.6015625
INFO:root:Avg. loss in the last 100 batches: 16619.26953125
INFO:root:Avg. loss in the last 100 batches: 16840.248046875
INFO:root:Avg. loss in the last 100 batches: 16915.853515625
INFO:root:Avg. loss in the last 100 batches: 16894.390625
INFO:root:Avg. loss in the last 100 batches: 16757.376953125
INFO:root:Avg. loss in the last 100 batches: 16659.78125
INFO:root:Avg. loss in the last 100 batches: 16668.958984375
INFO:root:Avg. loss in the last 100 batches: 16676.03125
INFO:root:Avg. loss in the last 100 batches: 16708.46484375
INFO:root:Avg. loss in the last 100 batches: 16694.408203125
INFO:root:Avg. loss in the last 100 batches: 16638.53125
INFO:root:Avg. loss in the last 100 batches: 16601.84375
INFO:root:Avg. loss in the last 100 batches: 16636.455078125
INFO:root:Avg. loss in the last 100 batches: 16600.203125
INFO:root:Avg. loss in the last 100 batches: 16586.396484375
INFO:root:Avg. loss in the last 100 batches: 16565.171875
INFO:root:Avg. loss in the last 100 batches: 16668.642578125
INFO:root:Avg. loss in the last 100 batches: 16702.1953125
INFO:root:Avg. loss in the last 100 batches: 16715.05078125
INFO:root:Avg. loss in the last 100 batches: 16845.00390625
INFO:root:Avg. loss in the last 100 batches: 16867.982421875
INFO:root:Avg. loss in the last 100 batches: 16881.466796875
INFO:root:Avg. loss in the last 100 batches: 16756.556640625
INFO:root:Avg. loss in the last 100 batches: 16705.82421875
INFO:root:Avg. loss in the last 100 batches: 16726.919921875
INFO:root:Avg. loss in the last 100 batches: 16841.51171875
INFO:root:Avg. loss in the last 100 batches: 16873.88671875
INFO:root:Avg. loss in the last 100 batches: 16873.357421875
INFO:root:Avg. loss in the last 100 batches: 17006.908203125
INFO:root:Avg. loss in the last 100 batches: 17020.90625
INFO:root:Avg. loss in the last 100 batches: 17003.767578125
INFO:root:Avg. loss in the last 100 batches: 16617.771484375
INFO:root:Avg. loss in the last 100 batches: 16651.94921875
INFO:root:Avg. loss in the last 100 batches: 16679.31640625
INFO:root:Avg. loss in the last 100 batches: 16592.673828125
INFO:root:Avg. loss in the last 100 batches: 16566.09765625
INFO:root:Avg. loss in the last 100 batches: 16590.873046875
INFO:root:Avg. loss in the last 100 batches: 16571.994140625
INFO:root:Avg. loss in the last 100 batches: 16594.173828125
INFO:root:Avg. loss in the last 100 batches: 16647.0703125
INFO:root:Avg. loss in the last 100 batches: 16694.66796875
INFO:root:Avg. loss in the last 100 batches: 16698.87890625
INFO:root:Avg. loss in the last 100 batches: 16705.06640625
INFO:root:Avg. loss in the last 100 batches: 16629.373046875
INFO:root:Avg. loss in the last 100 batches: 16617.599609375
INFO:root:Avg. loss in the last 100 batches: 16642.11328125
INFO:root:Avg. loss in the last 100 batches: 16734.716796875
INFO:root:Avg. loss in the last 100 batches: 16737.375
INFO:root:Avg. loss in the last 100 batches: 16826.265625
INFO:root:Avg. loss in the last 100 batches: 16935.1328125
INFO:root:Avg. loss in the last 100 batches: 16964.275390625
INFO:root:Avg. loss in the last 100 batches: 16896.392578125
INFO:root:Avg. loss in the last 100 batches: 16559.87109375
INFO:root:Avg. loss in the last 100 batches: 16609.703125
INFO:root:Avg. loss in the last 100 batches: 16567.474609375
INFO:root:Avg. loss in the last 100 batches: 16647.740234375
INFO:root:Avg. loss in the last 100 batches: 16674.115234375
INFO:root:Avg. loss in the last 100 batches: 16652.576171875
INFO:root:Avg. loss in the last 100 batches: 16763.958984375
INFO:root:Avg. loss in the last 100 batches: 16758.408203125
INFO:root:Avg. loss in the last 100 batches: 16712.642578125
INFO:root:Avg. loss in the last 100 batches: 16628.708984375
INFO:root:Avg. loss in the last 100 batches: 16674.62109375
INFO:root:Avg. loss in the last 100 batches: 16590.205078125
INFO:root:Avg. loss in the last 100 batches: 16510.19921875
INFO:root:Avg. loss in the last 100 batches: 16505.09765625
INFO:root:Avg. loss in the last 100 batches: 16519.78515625
INFO:root:Avg. loss in the last 100 batches: 16559.400390625
INFO:root:Avg. loss in the last 100 batches: 16631.587890625
INFO:root:Avg. loss in the last 100 batches: 16609.302734375
INFO:root:Avg. loss in the last 100 batches: 16643.279296875
INFO:root:Avg. loss in the last 100 batches: 16655.341796875
INFO:root:Avg. loss in the last 100 batches: 16077.4423828125
INFO:root:Avg. loss in the last 100 batches: 14970.388671875
INFO:root:Avg. loss in the last 100 batches: 14954.1884765625
INFO:root:Avg. loss in the last 100 batches: 14897.58203125
INFO:root:Avg. loss in the last 100 batches: 14809.73828125
INFO:root:Avg. loss in the last 100 batches: 14816.0107421875
INFO:root:Avg. loss in the last 100 batches: 14829.7568359375
INFO:root:Avg. loss in the last 100 batches: 14770.685546875
INFO:root:Avg. loss in the last 100 batches: 14751.060546875
INFO:root:Avg. loss in the last 100 batches: 14803.576171875
INFO:root:Avg. loss in the last 100 batches: 14849.1474609375
INFO:root:Avg. loss in the last 100 batches: 14831.140625
INFO:root:Avg. loss in the last 100 batches: 14803.6435546875
INFO:root:Avg. loss in the last 100 batches: 14730.8173828125
INFO:root:Avg. loss in the last 100 batches: 14741.3720703125
INFO:root:Avg. loss in the last 100 batches: 14767.3212890625
INFO:root:Avg. loss in the last 100 batches: 14783.8369140625
INFO:root:Avg. loss in the last 100 batches: 14803.67578125
INFO:root:Avg. loss in the last 100 batches: 14776.564453125
INFO:root:Avg. loss in the last 100 batches: 14761.43359375
INFO:root:Avg. loss in the last 100 batches: 14755.4921875
INFO:root:Avg. loss in the last 100 batches: 14742.8955078125
INFO:root:Avg. loss in the last 100 batches: 14721.638671875
INFO:root:Avg. loss in the last 100 batches: 14735.7392578125
INFO:root:Avg. loss in the last 100 batches: 14744.380859375
INFO:root:Avg. loss in the last 100 batches: 14731.68359375
INFO:root:Avg. loss in the last 100 batches: 14766.974609375
INFO:root:Avg. loss in the last 100 batches: 14706.88671875
INFO:root:Avg. loss in the last 100 batches: 14700.8193359375
INFO:root:Avg. loss in the last 100 batches: 14717.3857421875
INFO:root:Avg. loss in the last 100 batches: 14795.46484375
INFO:root:Avg. loss in the last 100 batches: 14851.216796875
INFO:root:Avg. loss in the last 100 batches: 14855.359375
INFO:root:Avg. loss in the last 100 batches: 14727.11328125
INFO:root:Avg. loss in the last 100 batches: 14647.6171875
INFO:root:Avg. loss in the last 100 batches: 14677.716796875
INFO:root:Avg. loss in the last 100 batches: 14734.4111328125
INFO:root:Avg. loss in the last 100 batches: 14717.640625
INFO:root:Avg. loss in the last 100 batches: 14735.798828125
INFO:root:Avg. loss in the last 100 batches: 14765.265625
INFO:root:Avg. loss in the last 100 batches: 14768.70703125
INFO:root:Avg. loss in the last 100 batches: 14799.291015625
INFO:root:Avg. loss in the last 100 batches: 14729.4326171875
INFO:root:Avg. loss in the last 100 batches: 14698.87109375
INFO:root:Avg. loss in the last 100 batches: 14689.56640625
INFO:root:Avg. loss in the last 100 batches: 14823.9638671875
INFO:root:Avg. loss in the last 100 batches: 14865.7861328125
INFO:root:Avg. loss in the last 100 batches: 14887.0888671875
INFO:root:Avg. loss in the last 100 batches: 14972.71484375
INFO:root:Avg. loss in the last 100 batches: 14995.7919921875
INFO:root:Avg. loss in the last 100 batches: 15000.3232421875
INFO:root:Avg. loss of epoch 2: 16382.5166015625
INFO:root:New lr: 0.45
INFO:root:Avg. testing loss: 27.127159118652344
INFO:root:Starting epoch 3
INFO:root:Avg. loss in the last 100 batches: 14660.2060546875
INFO:root:Avg. loss in the last 100 batches: 14647.4775390625
INFO:root:Avg. loss in the last 100 batches: 14631.4580078125
INFO:root:Avg. loss in the last 100 batches: 14699.091796875
INFO:root:Avg. loss in the last 100 batches: 14722.1044921875
INFO:root:Avg. loss in the last 100 batches: 14702.6884765625
INFO:root:Avg. loss in the last 100 batches: 14829.3544921875
INFO:root:Avg. loss in the last 100 batches: 14813.4931640625
INFO:root:Avg. loss in the last 100 batches: 14819.1123046875
INFO:root:Avg. loss in the last 100 batches: 14806.2099609375
INFO:root:Avg. loss in the last 100 batches: 14802.3583984375
INFO:root:Avg. loss in the last 100 batches: 14805.140625
INFO:root:Avg. loss in the last 100 batches: nan
INFO:root:Avg. loss in the last 100 batches: nan
INFO:root:Avg. loss in the last 100 batches: nan
INFO:root:Avg. loss in the last 100 batches: nan
INFO:root:Avg. loss in the last 100 batches: nan
INFO:root:Avg. loss in the last 100 batches: nan
INFO:root:Avg. loss in the last 100 batches: nan
INFO:root:Avg. loss in the last 100 batches: nan
INFO:root:Avg. loss in the last 100 batches: nan
INFO:root:Avg. loss in the last 100 batches: nan
INFO:root:Avg. loss in the last 100 batches: nan
INFO:root:Avg. loss in the last 100 batches: nan
INFO:root:Avg. loss in the last 100 batches: nan
INFO:root:Avg. loss in the last 100 batches: nan
INFO:root:Avg. loss in the last 100 batches: nan
INFO:root:Avg. loss in the last 100 batches: nan
INFO:root:Avg. loss in the last 100 batches: nan
INFO:root:Avg. loss in the last 100 batches: nan
INFO:root:Avg. loss in the last 100 batches: nan
INFO:root:Avg. loss in the last 100 batches: nan
INFO:root:Avg. loss in the last 100 batches: nan
INFO:root:Avg. loss in the last 100 batches: nan
INFO:root:Avg. loss in the last 100 batches: nan
INFO:root:Avg. loss in the last 100 batches: nan
INFO:root:Avg. loss in the last 100 batches: nan
INFO:root:Avg. loss in the last 100 batches: nan
INFO:root:Avg. loss in the last 100 batches: nan
INFO:root:Avg. loss in the last 100 batches: nan
INFO:root:Avg. loss in the last 100 batches: nan
INFO:root:Avg. loss in the last 100 batches: nan
INFO:root:Avg. loss in the last 100 batches: nan
INFO:root:Avg. loss in the last 100 batches: nan
INFO:root:Avg. loss in the last 100 batches: nan
INFO:root:Avg. loss in the last 100 batches: nan
INFO:root:Avg. loss in the last 100 batches: nan
INFO:root:Avg. loss in the last 100 batches: nan
INFO:root:Avg. loss in the last 100 batches: nan
INFO:root:Avg. loss in the last 100 batches: nan
INFO:root:Avg. loss in the last 100 batches: nan
INFO:root:Avg. loss in the last 100 batches: nan
INFO:root:Avg. loss in the last 100 batches: nan
INFO:root:Avg. loss in the last 100 batches: nan
INFO:root:Avg. loss in the last 100 batches: nan
INFO:root:Avg. loss in the last 100 batches: nan
INFO:root:Avg. loss in the last 100 batches: nan
INFO:root:Avg. loss in the last 100 batches: nan
INFO:root:Avg. loss in the last 100 batches: nan
INFO:root:Avg. loss in the last 100 batches: nan
INFO:root:Avg. loss in the last 100 batches: nan
INFO:root:Avg. loss in the last 100 batches: nan
INFO:root:Avg. loss in the last 100 batches: nan
INFO:root:Avg. loss in the last 100 batches: nan
INFO:root:Avg. loss in the last 100 batches: nan
INFO:root:Avg. loss in the last 100 batches: nan
