INFO:root:Training Run ID: 1644139083
INFO:root:Training classifier with the following parameters:
INFO:root:Folder with documents: data/openalex/split_docs
INFO:root:File with subject information: data/openalex/subjects.json
INFO:root:No. of words kept per document: 400
INFO:root:No. of dimensions per word: 300
INFO:root:Dropout probability: 0.05
INFO:root:Training loss function: AsymmetricLossOptimized()
INFO:root:Optimizer: Adam
INFO:root:Batch size: 32
INFO:root:No. of epochs: 10
INFO:root:Learning rate: 0.1
INFO:root:Momentum: None

INFO:root:Dataset has 427896 documents
INFO:root:There are 2157 subjects.

INFO:root:Starting epoch 1
INFO:root:Avg. loss in the last 100 batches: 187.427001953125
INFO:root:New lr: 0.004000660170854195
INFO:root:Avg. loss in the last 100 batches: 160.7413787841797
INFO:root:New lr: 0.004002640665257379
INFO:root:Avg. loss in the last 100 batches: 158.72715759277344
INFO:root:New lr: 0.004005941428731882
INFO:root:Avg. loss in the last 100 batches: 148.77552795410156
INFO:root:New lr: 0.004010562370483195
INFO:root:Avg. loss in the last 100 batches: 161.63623046875
INFO:root:New lr: 0.004016503363402493
INFO:root:Avg. loss in the last 100 batches: 177.3650360107422
INFO:root:New lr: 0.0040237642440702215
INFO:root:Avg. loss in the last 100 batches: 176.9343719482422
INFO:root:New lr: 0.004032344812760449
INFO:root:Avg. loss in the last 100 batches: 184.13717651367188
INFO:root:New lr: 0.004042244833446451
INFO:root:Avg. loss in the last 100 batches: 181.6038818359375
INFO:root:New lr: 0.004053464033807214
INFO:root:Avg. loss in the last 100 batches: 160.51922607421875
INFO:root:New lr: 0.004066002105234806
INFO:root:Avg. loss in the last 100 batches: 170.53955078125
INFO:root:New lr: 0.004079858702843067
INFO:root:Avg. loss in the last 100 batches: 181.79339599609375
INFO:root:New lr: 0.004095033445476848
INFO:root:Avg. loss in the last 100 batches: 174.58580017089844
INFO:root:New lr: 0.004111525915722766
INFO:root:Avg. loss in the last 100 batches: 194.7223663330078
INFO:root:New lr: 0.004129335659920422
INFO:root:Avg. loss in the last 100 batches: 172.8619842529297
INFO:root:New lr: 0.004148462188175134
INFO:root:Avg. loss in the last 100 batches: 168.25050354003906
INFO:root:New lr: 0.0041689049743711265
INFO:root:Avg. loss in the last 100 batches: 174.14877319335938
INFO:root:New lr: 0.004190663456186322
INFO:root:Avg. loss in the last 100 batches: 170.18380737304688
INFO:root:New lr: 0.004213737035107551
INFO:root:Avg. loss in the last 100 batches: 142.76980590820312
INFO:root:New lr: 0.004238125076447122
INFO:root:Avg. loss in the last 100 batches: 166.4750518798828
INFO:root:New lr: 0.00426382690936028
INFO:root:Avg. loss in the last 100 batches: 161.23123168945312
INFO:root:New lr: 0.0042908418268636644
INFO:root:Avg. loss in the last 100 batches: 193.6273956298828
INFO:root:New lr: 0.004319169085854738
INFO:root:Avg. loss in the last 100 batches: 181.14686584472656
INFO:root:New lr: 0.004348807907132185
INFO:root:Avg. loss in the last 100 batches: 179.16177368164062
INFO:root:New lr: 0.004379757475417453
INFO:root:Avg. loss in the last 100 batches: 168.50497436523438
INFO:root:New lr: 0.004412016939377067
INFO:root:Avg. loss in the last 100 batches: 166.3186492919922
INFO:root:New lr: 0.004445585411646122
INFO:root:Avg. loss in the last 100 batches: 166.0594940185547
INFO:root:New lr: 0.00448046196885267
INFO:root:Avg. loss in the last 100 batches: 174.18338012695312
INFO:root:New lr: 0.0045166456516431
INFO:root:Avg. loss in the last 100 batches: 195.7698516845703
INFO:root:New lr: 0.0045541354647085225
INFO:root:Avg. loss in the last 100 batches: 177.32095336914062
INFO:root:New lr: 0.004592930376812229
INFO:root:Avg. loss in the last 100 batches: 159.37240600585938
INFO:root:New lr: 0.0046330293208179385
INFO:root:Avg. loss in the last 100 batches: 175.2627716064453
INFO:root:New lr: 0.004674431193719214
INFO:root:Avg. loss in the last 100 batches: 155.78424072265625
INFO:root:New lr: 0.004717134856669844
INFO:root:Avg. loss in the last 100 batches: 177.48101806640625
INFO:root:New lr: 0.00476113913501508
INFO:root:Avg. loss in the last 100 batches: 210.9447784423828
INFO:root:New lr: 0.004806442818324
INFO:root:Avg. loss in the last 100 batches: 203.92410278320312
INFO:root:New lr: 0.004853044660422801
INFO:root:Avg. loss in the last 100 batches: 204.21481323242188
INFO:root:New lr: 0.004900943379429076
INFO:root:Avg. loss in the last 100 batches: 199.77682495117188
INFO:root:New lr: 0.004950137657787068
INFO:root:Avg. loss in the last 100 batches: 187.9413299560547
INFO:root:New lr: 0.005000626142303899
INFO:root:Avg. loss in the last 100 batches: 172.39321899414062
INFO:root:New lr: 0.005052407444186835
INFO:root:Avg. loss in the last 100 batches: 182.14743041992188
INFO:root:New lr: 0.005105480139081436
INFO:root:Avg. loss in the last 100 batches: 171.34800720214844
INFO:root:New lr: 0.0051598427671107755
INFO:root:Avg. loss in the last 100 batches: 185.2883758544922
INFO:root:New lr: 0.005215493832915585
INFO:root:Avg. loss in the last 100 batches: 206.9603729248047
INFO:root:New lr: 0.005272431805695352
INFO:root:Avg. loss in the last 100 batches: 162.5756378173828
INFO:root:New lr: 0.00533065511925053
INFO:root:Avg. loss in the last 100 batches: 175.5987091064453
INFO:root:New lr: 0.005390162172025481
INFO:root:Avg. loss in the last 100 batches: 187.8895263671875
INFO:root:New lr: 0.005450951327152634
INFO:root:Avg. loss in the last 100 batches: 165.5478515625
INFO:root:New lr: 0.005513020912497474
INFO:root:Avg. loss in the last 100 batches: 171.2738494873047
INFO:root:New lr: 0.005576369220704522
INFO:root:Avg. loss in the last 100 batches: 165.4953155517578
INFO:root:New lr: 0.005640994509244351
INFO:root:Avg. loss in the last 100 batches: 190.1088409423828
INFO:root:New lr: 0.005706895000461454
INFO:root:Avg. loss in the last 100 batches: 185.7965850830078
INFO:root:New lr: 0.0057740688816231706
INFO:root:Avg. loss in the last 100 batches: 175.40658569335938
INFO:root:New lr: 0.0058425143049695705
INFO:root:Avg. loss in the last 100 batches: 167.6051788330078
INFO:root:New lr: 0.00591222938776427
INFO:root:Avg. loss in the last 100 batches: 168.12640380859375
INFO:root:New lr: 0.005983212212346184
INFO:root:Avg. loss in the last 100 batches: 185.64718627929688
INFO:root:New lr: 0.006055460826182302
INFO:root:Avg. loss in the last 100 batches: 166.6913299560547
INFO:root:New lr: 0.006128973241921423
INFO:root:Avg. loss in the last 100 batches: 178.9700469970703
INFO:root:New lr: 0.006203747437448781
INFO:root:Avg. loss in the last 100 batches: 181.81997680664062
INFO:root:New lr: 0.006279781355941691
INFO:root:Avg. loss in the last 100 batches: 160.8158721923828
INFO:root:New lr: 0.006357072905926117
INFO:root:Avg. loss in the last 100 batches: 180.63150024414062
INFO:root:New lr: 0.006435619961334196
INFO:root:Avg. loss in the last 100 batches: 181.390380859375
INFO:root:New lr: 0.006515420361562746
INFO:root:Avg. loss in the last 100 batches: 176.2032012939453
INFO:root:New lr: 0.0065964719115326614
INFO:root:Avg. loss in the last 100 batches: 168.982666015625
INFO:root:New lr: 0.006678772381749298
INFO:root:Avg. loss in the last 100 batches: 189.82876586914062
INFO:root:New lr: 0.006762319508363868
INFO:root:Avg. loss in the last 100 batches: 184.55897521972656
INFO:root:New lr: 0.0068471109932355945
INFO:root:Avg. loss of epoch 1: 176.47291564941406
INFO:root:Avg. testing loss: 0.27573728561401367
INFO:root:Starting epoch 2
INFO:root:Avg. loss in the last 100 batches: 172.06907653808594
INFO:root:New lr: 0.0069331445039950285
INFO:root:Avg. loss in the last 100 batches: 165.51364135742188
INFO:root:New lr: 0.007020417674108159
INFO:root:Avg. loss in the last 100 batches: 167.91261291503906
INFO:root:New lr: 0.007108928102941531
INFO:root:Avg. loss in the last 100 batches: 150.8757781982422
INFO:root:New lr: 0.007198673355828231
INFO:root:Avg. loss in the last 100 batches: 168.65109252929688
INFO:root:New lr: 0.007289650964134919
INFO:root:Avg. loss in the last 100 batches: 180.432861328125
INFO:root:New lr: 0.007381858425329721
INFO:root:Avg. loss in the last 100 batches: 179.3540802001953
INFO:root:New lr: 0.007475293203051014
INFO:root:Avg. loss in the last 100 batches: 192.50680541992188
INFO:root:New lr: 0.007569952727177268
INFO:root:Avg. loss in the last 100 batches: 180.72573852539062
INFO:root:New lr: 0.007665834393897689
INFO:root:Avg. loss in the last 100 batches: 162.16558837890625
INFO:root:New lr: 0.007762935565783877
INFO:root:Avg. loss in the last 100 batches: 171.04209899902344
INFO:root:New lr: 0.007861253571862362
INFO:root:Avg. loss in the last 100 batches: 181.1783905029297
INFO:root:New lr: 0.007960785707688017
INFO:root:Avg. loss in the last 100 batches: 178.5177764892578
INFO:root:New lr: 0.008061529235418571
INFO:root:Avg. loss in the last 100 batches: 194.90200805664062
INFO:root:New lr: 0.008163481383889837
INFO:root:Avg. loss in the last 100 batches: 179.42880249023438
INFO:root:New lr: 0.008266639348691915
INFO:root:Avg. loss in the last 100 batches: 172.47177124023438
INFO:root:New lr: 0.008371000292246397
INFO:root:Avg. loss in the last 100 batches: 173.76724243164062
INFO:root:New lr: 0.008476561343884442
INFO:root:Avg. loss in the last 100 batches: 170.87448120117188
INFO:root:New lr: 0.008583319599925601
INFO:root:Avg. loss in the last 100 batches: 144.40628051757812
INFO:root:New lr: 0.008691272123757865
INFO:root:Avg. loss in the last 100 batches: 167.68849182128906
INFO:root:New lr: 0.008800415945918294
INFO:root:Avg. loss in the last 100 batches: 164.84458923339844
INFO:root:New lr: 0.0089107480641748
INFO:root:Avg. loss in the last 100 batches: 190.20928955078125
INFO:root:New lr: 0.009022265443608679
INFO:root:Avg. loss in the last 100 batches: 179.6505584716797
INFO:root:New lr: 0.009134965016698152
INFO:root:Avg. loss in the last 100 batches: 179.83297729492188
INFO:root:New lr: 0.009248843683402605
INFO:root:Avg. loss in the last 100 batches: 168.24818420410156
INFO:root:New lr: 0.00936389831124805
INFO:root:Avg. loss in the last 100 batches: 165.75680541992188
INFO:root:New lr: 0.009480125735413125
INFO:root:Avg. loss in the last 100 batches: 168.62112426757812
INFO:root:New lr: 0.009597522758816285
INFO:root:Avg. loss in the last 100 batches: 174.59945678710938
INFO:root:New lr: 0.009716086152203596
INFO:root:Avg. loss in the last 100 batches: 192.63296508789062
INFO:root:New lr: 0.009835812654237747
INFO:root:Avg. loss in the last 100 batches: 175.55274963378906
INFO:root:New lr: 0.009956698971587588
INFO:root:Avg. loss in the last 100 batches: 158.2094268798828
INFO:root:New lr: 0.01007874177901881
INFO:root:Avg. loss in the last 100 batches: 175.59291076660156
INFO:root:New lr: 0.01020193771948541
INFO:root:Avg. loss in the last 100 batches: 153.28350830078125
INFO:root:New lr: 0.010326283404221967
INFO:root:Avg. loss in the last 100 batches: 176.93479919433594
INFO:root:New lr: 0.01045177541283697
INFO:root:Avg. loss in the last 100 batches: 209.95216369628906
INFO:root:New lr: 0.01057841029340681
INFO:root:Avg. loss in the last 100 batches: 205.2125701904297
INFO:root:New lr: 0.010706184562570761
INFO:root:Avg. loss in the last 100 batches: 203.9333038330078
INFO:root:New lr: 0.010835094705626824
INFO:root:Avg. loss in the last 100 batches: 197.65550231933594
INFO:root:New lr: 0.01096513717662835
INFO:root:Avg. loss in the last 100 batches: 183.0294647216797
INFO:root:New lr: 0.011096308398481622
INFO:root:Avg. loss in the last 100 batches: 168.14599609375
INFO:root:New lr: 0.011228604763044242
INFO:root:Avg. loss in the last 100 batches: 181.5032501220703
INFO:root:New lr: 0.011362022631224364
INFO:root:Avg. loss in the last 100 batches: 171.9725341796875
INFO:root:New lr: 0.011496558333080845
INFO:root:Avg. loss in the last 100 batches: 184.29684448242188
INFO:root:New lr: 0.011632208167924124
INFO:root:Avg. loss in the last 100 batches: 203.239501953125
INFO:root:New lr: 0.01176896840441806
INFO:root:Avg. loss in the last 100 batches: 164.60130310058594
INFO:root:New lr: 0.011906835280682579
INFO:root:Avg. loss in the last 100 batches: 175.6292724609375
INFO:root:New lr: 0.012045805004397087
INFO:root:Avg. loss in the last 100 batches: 188.4740447998047
INFO:root:New lr: 0.012185873752904891
INFO:root:Avg. loss in the last 100 batches: 165.03480529785156
INFO:root:New lr: 0.012327037673318275
INFO:root:Avg. loss in the last 100 batches: 168.0869140625
INFO:root:New lr: 0.01246929288262448
INFO:root:Avg. loss in the last 100 batches: 161.18685913085938
INFO:root:New lr: 0.012612635467792538
INFO:root:Avg. loss in the last 100 batches: 191.7611541748047
INFO:root:New lr: 0.012757061485880919
INFO:root:Avg. loss in the last 100 batches: 186.36915588378906
INFO:root:New lr: 0.012902566964145976
INFO:root:Avg. loss in the last 100 batches: 176.78636169433594
INFO:root:New lr: 0.0130491479001512
INFO:root:Avg. loss in the last 100 batches: 168.32925415039062
INFO:root:New lr: 0.013196800261877362
INFO:root:Avg. loss in the last 100 batches: 169.46058654785156
INFO:root:New lr: 0.013345519987833385
INFO:root:Avg. loss in the last 100 batches: 183.2823028564453
INFO:root:New lr: 0.01349530298716807
INFO:root:Avg. loss in the last 100 batches: 168.69325256347656
INFO:root:New lr: 0.01364614513978267
INFO:root:Avg. loss in the last 100 batches: 177.96661376953125
INFO:root:New lr: 0.013798042296444143
INFO:root:Avg. loss in the last 100 batches: 179.90402221679688
INFO:root:New lr: 0.013950990278899317
INFO:root:Avg. loss in the last 100 batches: 159.43556213378906
INFO:root:New lr: 0.01410498487998986
INFO:root:Avg. loss in the last 100 batches: 180.11700439453125
INFO:root:New lr: 0.014260021863767972
INFO:root:Avg. loss in the last 100 batches: 179.33949279785156
INFO:root:New lr: 0.014416096965612898
INFO:root:Avg. loss in the last 100 batches: 175.53013610839844
INFO:root:New lr: 0.014573205892348257
INFO:root:Avg. loss in the last 100 batches: 167.59629821777344
INFO:root:New lr: 0.014731344322360104
INFO:root:Avg. loss in the last 100 batches: 189.56117248535156
INFO:root:New lr: 0.01489050790571586
INFO:root:Avg. loss in the last 100 batches: 185.7884063720703
INFO:root:New lr: 0.01505069226428389
INFO:root:Avg. loss of epoch 2: 176.5867156982422
INFO:root:Avg. testing loss: 0.24850952625274658
INFO:root:Starting epoch 3
INFO:root:Avg. loss in the last 100 batches: 171.84097290039062
INFO:root:New lr: 0.015211892991853992
INFO:root:Avg. loss in the last 100 batches: 165.1741180419922
INFO:root:New lr: 0.015374105654258577
INFO:root:Avg. loss in the last 100 batches: 166.00149536132812
INFO:root:New lr: 0.015537325789494669
INFO:root:Avg. loss in the last 100 batches: 151.36798095703125
INFO:root:New lr: 0.015701548907846585
INFO:root:Avg. loss in the last 100 batches: 168.78463745117188
INFO:root:New lr: 0.01586677049200949
INFO:root:Avg. loss in the last 100 batches: 182.45126342773438
INFO:root:New lr: 0.016032985997213603
INFO:root:Avg. loss in the last 100 batches: 179.671875
INFO:root:New lr: 0.016200190851349272
INFO:root:Avg. loss in the last 100 batches: 187.02288818359375
INFO:root:New lr: 0.016368380455092674
INFO:root:Avg. loss in the last 100 batches: 180.4704132080078
INFO:root:New lr: 0.016537550182032387
INFO:root:Avg. loss in the last 100 batches: 162.3587646484375
INFO:root:New lr: 0.016707695378796614
INFO:root:Avg. loss in the last 100 batches: 166.63507080078125
INFO:root:New lr: 0.01687881136518117
INFO:root:Avg. loss in the last 100 batches: 183.02200317382812
INFO:root:New lr: 0.017050893434278305
INFO:root:Avg. loss in the last 100 batches: 176.3579864501953
INFO:root:New lr: 0.01722393685260605
INFO:root:Avg. loss in the last 100 batches: 193.49937438964844
INFO:root:New lr: 0.017397936860238536
INFO:root:Avg. loss in the last 100 batches: 177.5848846435547
INFO:root:New lr: 0.017572888670936843
INFO:root:Avg. loss in the last 100 batches: 169.282470703125
INFO:root:New lr: 0.01774878747228073
INFO:root:Avg. loss in the last 100 batches: 170.34217834472656
INFO:root:New lr: 0.017925628425800935
INFO:root:Avg. loss in the last 100 batches: 164.56369018554688
INFO:root:New lr: 0.018103406667112326
INFO:root:Avg. loss in the last 100 batches: 143.51918029785156
INFO:root:New lr: 0.01828211730604766
INFO:root:Avg. loss in the last 100 batches: 166.5158233642578
INFO:root:New lr: 0.018461755426792154
INFO:root:Avg. loss in the last 100 batches: 163.0577850341797
INFO:root:New lr: 0.018642316088018668
INFO:root:Avg. loss in the last 100 batches: 189.82925415039062
INFO:root:New lr: 0.018823794323023585
INFO:root:Avg. loss in the last 100 batches: 183.67684936523438
INFO:root:New lr: 0.01900618513986356
INFO:root:Avg. loss in the last 100 batches: 175.767822265625
INFO:root:New lr: 0.019189483521492662
INFO:root:Avg. loss in the last 100 batches: 164.45367431640625
INFO:root:New lr: 0.01937368442590051
INFO:root:Avg. loss in the last 100 batches: 166.67202758789062
INFO:root:New lr: 0.019558782786250964
INFO:root:Avg. loss in the last 100 batches: 168.70159912109375
INFO:root:New lr: 0.01974477351102137
INFO:root:Avg. loss in the last 100 batches: 173.23577880859375
INFO:root:New lr: 0.01993165148414275
INFO:root:Avg. loss in the last 100 batches: 186.21444702148438
INFO:root:New lr: 0.020119411565140494
INFO:root:Avg. loss in the last 100 batches: 171.19097900390625
INFO:root:New lr: 0.020308048589275693
INFO:root:Avg. loss in the last 100 batches: 160.725341796875
INFO:root:New lr: 0.020497557367687325
INFO:root:Avg. loss in the last 100 batches: 174.6066436767578
INFO:root:New lr: 0.020687932687534855
INFO:root:Avg. loss in the last 100 batches: 152.63380432128906
INFO:root:New lr: 0.020879169312141746
INFO:root:Avg. loss in the last 100 batches: 178.3250274658203
INFO:root:New lr: 0.0210712619811394
INFO:root:Avg. loss in the last 100 batches: 205.00120544433594
INFO:root:New lr: 0.021264205410611928
INFO:root:Avg. loss in the last 100 batches: 203.83648681640625
INFO:root:New lr: 0.02145799429324148
INFO:root:Avg. loss in the last 100 batches: 200.91748046875
INFO:root:New lr: 0.021652623298454216
INFO:root:Avg. loss in the last 100 batches: 193.20846557617188
INFO:root:New lr: 0.02184808707256694
INFO:root:Avg. loss in the last 100 batches: 179.25552368164062
INFO:root:New lr: 0.022044380238934375
INFO:root:Avg. loss in the last 100 batches: 167.59259033203125
INFO:root:New lr: 0.02224149739809704
INFO:root:Avg. loss in the last 100 batches: 182.6416778564453
INFO:root:New lr: 0.0224394331279298
INFO:root:Avg. loss in the last 100 batches: 175.3812713623047
INFO:root:New lr: 0.022638181983791
INFO:root:Avg. loss in the last 100 batches: 183.62640380859375
INFO:root:New lr: 0.02283773849867221
INFO:root:Avg. loss in the last 100 batches: 196.4629669189453
INFO:root:New lr: 0.023038097183348663
INFO:root:Avg. loss in the last 100 batches: 160.19984436035156
INFO:root:New lr: 0.023239252526530196
INFO:root:Avg. loss in the last 100 batches: 177.34747314453125
INFO:root:New lr: 0.023441198995012832
INFO:root:Avg. loss in the last 100 batches: 190.70968627929688
INFO:root:New lr: 0.023643931033831084
INFO:root:Avg. loss in the last 100 batches: 163.2775421142578
INFO:root:New lr: 0.02384744306641061
INFO:root:Avg. loss in the last 100 batches: 165.27542114257812
INFO:root:New lr: 0.024051729494721757
INFO:root:Avg. loss in the last 100 batches: 159.55477905273438
INFO:root:New lr: 0.02425678469943343
INFO:root:Avg. loss in the last 100 batches: 190.89462280273438
INFO:root:New lr: 0.02446260304006774
INFO:root:Avg. loss in the last 100 batches: 185.33204650878906
INFO:root:New lr: 0.024669178855155113
INFO:root:Avg. loss in the last 100 batches: 175.68603515625
INFO:root:New lr: 0.024876506462390008
INFO:root:Avg. loss in the last 100 batches: 169.01138305664062
INFO:root:New lr: 0.025084580158787312
INFO:root:Avg. loss in the last 100 batches: 171.15377807617188
INFO:root:New lr: 0.025293394220839108
INFO:root:Avg. loss in the last 100 batches: 183.07554626464844
INFO:root:New lr: 0.02550294290467217
INFO:root:Avg. loss in the last 100 batches: 172.22637939453125
INFO:root:New lr: 0.025713220446205873
INFO:root:Avg. loss in the last 100 batches: 175.58230590820312
INFO:root:New lr: 0.02592422106131094
INFO:root:Avg. loss in the last 100 batches: 179.91754150390625
INFO:root:New lr: 0.026135938945968315
INFO:root:Avg. loss in the last 100 batches: 160.41677856445312
INFO:root:New lr: 0.026348368276428988
INFO:root:Avg. loss in the last 100 batches: 181.22784423828125
INFO:root:New lr: 0.026561503209374115
INFO:root:Avg. loss in the last 100 batches: 177.59744262695312
INFO:root:New lr: 0.026775337882075714
INFO:root:Avg. loss in the last 100 batches: 177.50511169433594
INFO:root:New lr: 0.02698986641255803
INFO:root:Avg. loss in the last 100 batches: 166.90948486328125
INFO:root:New lr: 0.02720508289975926
INFO:root:Avg. loss in the last 100 batches: 187.9916229248047
INFO:root:New lr: 0.02742098142369391
INFO:root:Avg. loss in the last 100 batches: 185.3824920654297
INFO:root:New lr: 0.02763755604561559
INFO:root:Avg. loss of epoch 3: 175.5013427734375
INFO:root:Avg. testing loss: 0.23987442255020142
INFO:root:Starting epoch 4
INFO:root:Avg. loss in the last 100 batches: 171.05267333984375
INFO:root:New lr: 0.027854800808180424
INFO:root:Avg. loss in the last 100 batches: 165.2675018310547
INFO:root:New lr: 0.028072709735610893
INFO:root:Avg. loss in the last 100 batches: 163.19192504882812
INFO:root:New lr: 0.028291276833860207
INFO:root:Avg. loss in the last 100 batches: 151.9913787841797
INFO:root:New lr: 0.028510496090777215
INFO:root:Avg. loss in the last 100 batches: 167.26626586914062
INFO:root:New lr: 0.028730361476271726
INFO:root:Avg. loss in the last 100 batches: 183.37620544433594
INFO:root:New lr: 0.028950866942480474
INFO:root:Avg. loss in the last 100 batches: 178.26885986328125
INFO:root:New lr: 0.029172006423933347
INFO:root:Avg. loss in the last 100 batches: 185.04226684570312
INFO:root:New lr: 0.029393773837720308
INFO:root:Avg. loss in the last 100 batches: 176.81008911132812
INFO:root:New lr: 0.029616163083658775
INFO:root:Avg. loss in the last 100 batches: 163.413330078125
INFO:root:New lr: 0.029839168044461295
INFO:root:Avg. loss in the last 100 batches: 161.93801879882812
INFO:root:New lr: 0.03006278258590389
INFO:root:Avg. loss in the last 100 batches: 183.6165008544922
INFO:root:New lr: 0.030287000556994764
INFO:root:Avg. loss in the last 100 batches: 178.80563354492188
INFO:root:New lr: 0.03051181579014353
INFO:root:Avg. loss in the last 100 batches: 189.61680603027344
INFO:root:New lr: 0.030737222101330855
INFO:root:Avg. loss in the last 100 batches: 174.01808166503906
INFO:root:New lr: 0.030963213290278513
INFO:root:Avg. loss in the last 100 batches: 166.04421997070312
INFO:root:New lr: 0.031189783140619987
INFO:root:Avg. loss in the last 100 batches: 168.15179443359375
INFO:root:New lr: 0.031416925420071434
INFO:root:Avg. loss in the last 100 batches: 161.87649536132812
INFO:root:New lr: 0.03164463388060322
INFO:root:Avg. loss in the last 100 batches: 144.29591369628906
INFO:root:New lr: 0.0318729022586116
INFO:root:Avg. loss in the last 100 batches: 168.9862060546875
INFO:root:New lr: 0.03210172427509117
INFO:root:Avg. loss in the last 100 batches: 163.57435607910156
INFO:root:New lr: 0.03233109363580751
INFO:root:Avg. loss in the last 100 batches: 188.84999084472656
INFO:root:New lr: 0.03256100403147033
INFO:root:Avg. loss in the last 100 batches: 184.88380432128906
INFO:root:New lr: 0.03279144913790703
INFO:root:Avg. loss in the last 100 batches: 172.09091186523438
INFO:root:New lr: 0.03302242261623668
INFO:root:Avg. loss in the last 100 batches: 162.32522583007812
INFO:root:New lr: 0.03325391811304432
INFO:root:Avg. loss in the last 100 batches: 168.54798889160156
INFO:root:New lr: 0.03348592926055581
INFO:root:Avg. loss in the last 100 batches: 167.3665771484375
INFO:root:New lr: 0.03371844967681291
INFO:root:Avg. loss in the last 100 batches: 170.8411102294922
INFO:root:New lr: 0.033951472965848856
INFO:root:Avg. loss in the last 100 batches: 182.99420166015625
INFO:root:New lr: 0.034184992717864376
INFO:root:Avg. loss in the last 100 batches: 168.4053497314453
INFO:root:New lr: 0.03441900250940384
INFO:root:Avg. loss in the last 100 batches: 164.05052185058594
INFO:root:New lr: 0.03465349590353212
INFO:root:Avg. loss in the last 100 batches: 173.0872802734375
INFO:root:New lr: 0.03488846645001149
INFO:root:Avg. loss in the last 100 batches: 154.44039916992188
INFO:root:New lr: 0.03512390768547921
INFO:root:Avg. loss in the last 100 batches: 181.11065673828125
INFO:root:New lr: 0.03535981313362521
INFO:root:Avg. loss in the last 100 batches: 202.92706298828125
INFO:root:New lr: 0.03559617630537029
INFO:root:Avg. loss in the last 100 batches: 202.1088104248047
INFO:root:New lr: 0.03583299069904454
INFO:root:Avg. loss in the last 100 batches: 198.44024658203125
INFO:root:New lr: 0.03607024980056629
INFO:root:Avg. loss in the last 100 batches: 192.73988342285156
INFO:root:New lr: 0.03630794708362123
INFO:root:Avg. loss in the last 100 batches: 179.89755249023438
INFO:root:New lr: 0.036546076009841916
INFO:root:Avg. loss in the last 100 batches: 168.33677673339844
INFO:root:New lr: 0.03678463002898766
INFO:root:Avg. loss in the last 100 batches: 182.12786865234375
INFO:root:New lr: 0.03702360257912468
INFO:root:Avg. loss in the last 100 batches: 177.02114868164062
INFO:root:New lr: 0.037262987086806615
INFO:root:Avg. loss in the last 100 batches: 184.15716552734375
INFO:root:New lr: 0.037502776967255354
INFO:root:Avg. loss in the last 100 batches: 196.0901336669922
INFO:root:New lr: 0.03774296562454214
INFO:root:Avg. loss in the last 100 batches: 157.367919921875
INFO:root:New lr: 0.037983546451769
INFO:root:Avg. loss in the last 100 batches: 179.6399383544922
INFO:root:New lr: 0.03822451283125052
INFO:root:Avg. loss in the last 100 batches: 192.53880310058594
INFO:root:New lr: 0.03846585813469583
INFO:root:Avg. loss in the last 100 batches: 162.87896728515625
INFO:root:New lr: 0.03870757572339099
INFO:root:Avg. loss in the last 100 batches: 165.2052459716797
INFO:root:New lr: 0.038949658948381524
INFO:root:Avg. loss in the last 100 batches: 161.96017456054688
INFO:root:New lr: 0.039192101150655356
INFO:root:Avg. loss in the last 100 batches: 191.6095733642578
INFO:root:New lr: 0.039434895661326026
INFO:root:Avg. loss in the last 100 batches: 182.3628692626953
INFO:root:New lr: 0.03967803580181606
INFO:root:Avg. loss in the last 100 batches: 175.77064514160156
INFO:root:New lr: 0.039921514884040665
INFO:root:Avg. loss in the last 100 batches: 168.49444580078125
INFO:root:New lr: 0.04016532621059178
INFO:root:Avg. loss in the last 100 batches: 170.793212890625
INFO:root:New lr: 0.04040946307492226
INFO:root:Avg. loss in the last 100 batches: 184.08743286132812
INFO:root:New lr: 0.04065391876153036
INFO:root:Avg. loss in the last 100 batches: 175.2401885986328
INFO:root:New lr: 0.0408986865461444
INFO:root:Avg. loss in the last 100 batches: 172.71890258789062
INFO:root:New lr: 0.04114375969590784
INFO:root:Avg. loss in the last 100 batches: 182.09988403320312
INFO:root:New lr: 0.041389131469564404
INFO:root:Avg. loss in the last 100 batches: 161.2065887451172
INFO:root:New lr: 0.04163479511764353
INFO:root:Avg. loss in the last 100 batches: 183.09329223632812
INFO:root:New lr: 0.04188074388264603
INFO:root:Avg. loss in the last 100 batches: 178.94764709472656
INFO:root:New lr: 0.04212697099922998
INFO:root:Avg. loss in the last 100 batches: 180.8013458251953
INFO:root:New lr: 0.04237346969439682
INFO:root:Avg. loss in the last 100 batches: 168.56439208984375
INFO:root:New lr: 0.04262023318767759
INFO:root:Avg. loss in the last 100 batches: 188.13031005859375
INFO:root:New lr: 0.04286725469131958
INFO:root:Avg. loss in the last 100 batches: 185.77593994140625
INFO:root:New lr: 0.04311452741047287
INFO:root:Avg. loss of epoch 4: 175.175537109375
INFO:root:Avg. testing loss: 0.2293086051940918
INFO:root:Starting epoch 5
INFO:root:Avg. loss in the last 100 batches: 170.50401306152344
INFO:root:New lr: 0.04336204454337738
INFO:root:Avg. loss in the last 100 batches: 165.217041015625
INFO:root:New lr: 0.043609799281549906
INFO:root:Avg. loss in the last 100 batches: 163.3386993408203
INFO:root:New lr: 0.0438577848099714
INFO:root:Avg. loss in the last 100 batches: 151.91053771972656
INFO:root:New lr: 0.04410599430727444
INFO:root:Avg. loss in the last 100 batches: 167.8829803466797
INFO:root:New lr: 0.04435442094593085
INFO:root:Avg. loss in the last 100 batches: 185.8851318359375
INFO:root:New lr: 0.04460305789243957
INFO:root:Avg. loss in the last 100 batches: 179.30462646484375
INFO:root:New lr: 0.0448518983075145
INFO:root:Avg. loss in the last 100 batches: 185.34664916992188
INFO:root:New lr: 0.04510093534627279
INFO:root:Avg. loss in the last 100 batches: 175.05799865722656
INFO:root:New lr: 0.045350162158422976
INFO:root:Avg. loss in the last 100 batches: 165.28099060058594
INFO:root:New lr: 0.0455995718884535
INFO:root:Avg. loss in the last 100 batches: 161.74539184570312
INFO:root:New lr: 0.045849157675821255
INFO:root:Avg. loss in the last 100 batches: 185.08425903320312
INFO:root:New lr: 0.04609891265514031
INFO:root:Avg. loss in the last 100 batches: 180.68804931640625
INFO:root:New lr: 0.046348829956370755
INFO:root:Avg. loss in the last 100 batches: 189.5033721923828
INFO:root:New lr: 0.04659890270500765
INFO:root:Avg. loss in the last 100 batches: 173.3271484375
INFO:root:New lr: 0.04684912402227017
INFO:root:Avg. loss in the last 100 batches: 165.18765258789062
INFO:root:New lr: 0.047099487025290765
INFO:root:Avg. loss in the last 100 batches: 165.95704650878906
INFO:root:New lr: 0.04734998482730455
INFO:root:Avg. loss in the last 100 batches: 162.0502166748047
INFO:root:New lr: 0.04760061053783869
INFO:root:Avg. loss in the last 100 batches: 145.1472930908203
INFO:root:New lr: 0.047851357262901975
INFO:root:Avg. loss in the last 100 batches: 171.43389892578125
INFO:root:New lr: 0.04810221810517439
INFO:root:Avg. loss in the last 100 batches: 165.02328491210938
INFO:root:New lr: 0.04835318616419695
INFO:root:Avg. loss in the last 100 batches: 188.76345825195312
INFO:root:New lr: 0.048604254536561364
INFO:root:Avg. loss in the last 100 batches: 186.12081909179688
INFO:root:New lr: 0.048855416316100096
INFO:root:Avg. loss in the last 100 batches: 171.43911743164062
INFO:root:New lr: 0.04910666459407619
INFO:root:Avg. loss in the last 100 batches: 161.47805786132812
INFO:root:New lr: 0.04935799245937338
INFO:root:Avg. loss in the last 100 batches: 169.4815216064453
INFO:root:New lr: 0.049609392998686185
INFO:root:Avg. loss in the last 100 batches: 167.21051025390625
INFO:root:New lr: 0.049860859296710074
INFO:root:Avg. loss in the last 100 batches: 168.48342895507812
INFO:root:New lr: 0.050112384436331696
INFO:root:Avg. loss in the last 100 batches: 183.19140625
INFO:root:New lr: 0.05036396149881911
INFO:root:Avg. loss in the last 100 batches: 169.54928588867188
INFO:root:New lr: 0.05061558356401215
INFO:root:Avg. loss in the last 100 batches: 167.2216796875
INFO:root:New lr: 0.050867243710512725
INFO:root:Avg. loss in the last 100 batches: 174.14732360839844
INFO:root:New lr: 0.05111893501587528
INFO:root:Avg. loss in the last 100 batches: 156.3007354736328
INFO:root:New lr: 0.05137065055679712
INFO:root:Avg. loss in the last 100 batches: 184.70188903808594
INFO:root:New lr: 0.05162238340930894
INFO:root:Avg. loss in the last 100 batches: 202.06202697753906
INFO:root:New lr: 0.051874126648965235
INFO:root:Avg. loss in the last 100 batches: 200.32720947265625
INFO:root:New lr: 0.05212587335103477
INFO:root:Avg. loss in the last 100 batches: 199.8911895751953
INFO:root:New lr: 0.05237761659069105
INFO:root:Avg. loss in the last 100 batches: 192.5251007080078
INFO:root:New lr: 0.05262934944320288
INFO:root:Avg. loss in the last 100 batches: 181.25013732910156
INFO:root:New lr: 0.052881064984124725
INFO:root:Avg. loss in the last 100 batches: 169.0457763671875
INFO:root:New lr: 0.05313275628948727
INFO:root:Avg. loss in the last 100 batches: 182.1625518798828
INFO:root:New lr: 0.05338441643598785
INFO:root:Avg. loss in the last 100 batches: 179.11119079589844
INFO:root:New lr: 0.05363603850118088
INFO:root:Avg. loss in the last 100 batches: 185.2914581298828
INFO:root:New lr: 0.05388761556366829
INFO:root:Avg. loss in the last 100 batches: 199.7526092529297
INFO:root:New lr: 0.05413914070328992
INFO:root:Avg. loss in the last 100 batches: 156.44662475585938
INFO:root:New lr: 0.05439060700131382
INFO:root:Avg. loss in the last 100 batches: 181.43777465820312
INFO:root:New lr: 0.054642007540626626
INFO:root:Avg. loss in the last 100 batches: 193.36936950683594
INFO:root:New lr: 0.054893335405923824
INFO:root:Avg. loss in the last 100 batches: 163.67160034179688
INFO:root:New lr: 0.055144583683899906
INFO:root:Avg. loss in the last 100 batches: 165.224365234375
INFO:root:New lr: 0.05539574546343863
INFO:root:Avg. loss in the last 100 batches: 164.92098999023438
INFO:root:New lr: 0.055646813835803055
INFO:root:Avg. loss in the last 100 batches: 192.66319274902344
INFO:root:New lr: 0.0558977818948256
INFO:root:Avg. loss in the last 100 batches: 180.28321838378906
INFO:root:New lr: 0.056148642737098034
INFO:root:Avg. loss in the last 100 batches: 176.21298217773438
INFO:root:New lr: 0.0563993894621613
INFO:root:Avg. loss in the last 100 batches: 170.2445068359375
INFO:root:New lr: 0.056650015172695446
INFO:root:Avg. loss in the last 100 batches: 170.22055053710938
INFO:root:New lr: 0.05690051297470924
INFO:root:Avg. loss in the last 100 batches: 185.43980407714844
INFO:root:New lr: 0.05715087597772984
INFO:root:Avg. loss in the last 100 batches: 177.15896606445312
INFO:root:New lr: 0.05740109729499234
INFO:root:Avg. loss in the last 100 batches: 172.111572265625
INFO:root:New lr: 0.05765117004362924
INFO:root:Avg. loss in the last 100 batches: 183.5881805419922
INFO:root:New lr: 0.05790108734485968
INFO:root:Avg. loss in the last 100 batches: 163.26223754882812
INFO:root:New lr: 0.058150842324178734
INFO:root:Avg. loss in the last 100 batches: 185.69602966308594
INFO:root:New lr: 0.058400428111546505
INFO:root:Avg. loss in the last 100 batches: 182.4148712158203
INFO:root:New lr: 0.05864983784157703
INFO:root:Avg. loss in the last 100 batches: 184.37933349609375
INFO:root:New lr: 0.05889906465372721
INFO:root:Avg. loss in the last 100 batches: 171.0888671875
INFO:root:New lr: 0.059148101692485494
INFO:root:Avg. loss in the last 100 batches: 189.2835235595703
INFO:root:New lr: 0.05939694210756044
INFO:root:Avg. loss in the last 100 batches: 186.38902282714844
INFO:root:New lr: 0.05964557905406915
INFO:root:Avg. loss of epoch 5: 175.95361328125
INFO:root:Avg. testing loss: 0.2198459506034851
INFO:root:Starting epoch 6
INFO:root:Avg. loss in the last 100 batches: 171.73313903808594
INFO:root:New lr: 0.059894005692725565
INFO:root:Avg. loss in the last 100 batches: 164.8422088623047
INFO:root:New lr: 0.0601422151900286
INFO:root:Avg. loss in the last 100 batches: 166.627685546875
INFO:root:New lr: 0.060390200718450096
INFO:root:Avg. loss in the last 100 batches: 152.4957275390625
INFO:root:New lr: 0.060637955456622615
INFO:root:Avg. loss in the last 100 batches: 169.49757385253906
INFO:root:New lr: 0.06088547258952714
INFO:root:Avg. loss in the last 100 batches: 188.38626098632812
INFO:root:New lr: 0.061132745308680424
INFO:root:Avg. loss in the last 100 batches: 180.7653350830078
INFO:root:New lr: 0.06137976681232239
INFO:root:Avg. loss in the last 100 batches: 186.04360961914062
INFO:root:New lr: 0.061626530305603174
INFO:root:Avg. loss in the last 100 batches: 174.59970092773438
INFO:root:New lr: 0.061873029000770005
INFO:root:Avg. loss in the last 100 batches: 167.3431396484375
INFO:root:New lr: 0.062119256117353965
INFO:root:Avg. loss in the last 100 batches: 164.349365234375
INFO:root:New lr: 0.062365204882356466
INFO:root:Avg. loss in the last 100 batches: 186.08021545410156
INFO:root:New lr: 0.06261086853043561
INFO:root:Avg. loss in the last 100 batches: 184.00355529785156
INFO:root:New lr: 0.06285624030409218
INFO:root:Avg. loss in the last 100 batches: 190.86630249023438
INFO:root:New lr: 0.06310131345385561
INFO:root:Avg. loss in the last 100 batches: 173.94091796875
INFO:root:New lr: 0.06334608123846966
INFO:root:Avg. loss in the last 100 batches: 164.3926544189453
INFO:root:New lr: 0.06359053692507774
INFO:root:Avg. loss in the last 100 batches: 164.89659118652344
INFO:root:New lr: 0.06383467378940821
INFO:root:Avg. loss in the last 100 batches: 163.302978515625
INFO:root:New lr: 0.06407848511595934
INFO:root:Avg. loss in the last 100 batches: 145.74586486816406
INFO:root:New lr: 0.06432196419818395
INFO:root:Avg. loss in the last 100 batches: 172.89808654785156
INFO:root:New lr: 0.06456510433867396
INFO:root:Avg. loss in the last 100 batches: 166.61837768554688
INFO:root:New lr: 0.06480789884934464
INFO:root:Avg. loss in the last 100 batches: 190.38841247558594
INFO:root:New lr: 0.06505034105161848
INFO:root:Avg. loss in the last 100 batches: 187.04083251953125
INFO:root:New lr: 0.065292424276609
INFO:root:Avg. loss in the last 100 batches: 172.5519256591797
INFO:root:New lr: 0.06553414186530417
INFO:root:Avg. loss in the last 100 batches: 160.6649627685547
INFO:root:New lr: 0.06577548716874948
INFO:root:Avg. loss in the last 100 batches: 170.84088134765625
INFO:root:New lr: 0.06601645354823099
INFO:root:Avg. loss in the last 100 batches: 168.1553497314453
INFO:root:New lr: 0.06625703437545785
INFO:root:Avg. loss in the last 100 batches: 168.28369140625
INFO:root:New lr: 0.06649722303274466
INFO:root:Avg. loss in the last 100 batches: 185.37269592285156
INFO:root:New lr: 0.0667370129131934
INFO:root:Avg. loss in the last 100 batches: 171.518310546875
INFO:root:New lr: 0.06697639742087533
INFO:root:Avg. loss in the last 100 batches: 169.4529266357422
INFO:root:New lr: 0.06721536997101235
INFO:root:Avg. loss in the last 100 batches: 175.72935485839844
INFO:root:New lr: 0.0674539239901581
INFO:root:Avg. loss in the last 100 batches: 158.05978393554688
INFO:root:New lr: 0.06769205291637878
INFO:root:Avg. loss in the last 100 batches: 188.24050903320312
INFO:root:New lr: 0.0679297501994337
INFO:root:Avg. loss in the last 100 batches: 202.8117218017578
INFO:root:New lr: 0.06816700930095546
INFO:root:Avg. loss in the last 100 batches: 199.6982421875
INFO:root:New lr: 0.06840382369462972
INFO:root:Avg. loss in the last 100 batches: 202.2758331298828
INFO:root:New lr: 0.06864018686637478
INFO:root:Avg. loss in the last 100 batches: 192.83065795898438
INFO:root:New lr: 0.0688760923145208
INFO:root:Avg. loss in the last 100 batches: 181.89857482910156
INFO:root:New lr: 0.06911153354998852
INFO:root:Avg. loss in the last 100 batches: 170.28042602539062
INFO:root:New lr: 0.06934650409646788
INFO:root:Avg. loss in the last 100 batches: 183.53900146484375
INFO:root:New lr: 0.06958099749059614
INFO:root:Avg. loss in the last 100 batches: 181.42483520507812
INFO:root:New lr: 0.0698150072821356
INFO:root:Avg. loss in the last 100 batches: 187.01683044433594
INFO:root:New lr: 0.07004852703415113
INFO:root:Avg. loss in the last 100 batches: 203.2451934814453
INFO:root:New lr: 0.07028155032318709
INFO:root:Avg. loss in the last 100 batches: 156.09988403320312
INFO:root:New lr: 0.07051407073944421
INFO:root:Avg. loss in the last 100 batches: 183.15174865722656
INFO:root:New lr: 0.07074608188695569
INFO:root:Avg. loss in the last 100 batches: 192.91087341308594
INFO:root:New lr: 0.07097757738376334
INFO:root:Avg. loss in the last 100 batches: 164.68893432617188
INFO:root:New lr: 0.07120855086209298
INFO:root:Avg. loss in the last 100 batches: 165.08621215820312
INFO:root:New lr: 0.07143899596852968
INFO:root:Avg. loss in the last 100 batches: 166.85653686523438
INFO:root:New lr: 0.0716689063641925
INFO:root:Avg. loss in the last 100 batches: 193.52503967285156
INFO:root:New lr: 0.07189827572490883
INFO:root:Avg. loss in the last 100 batches: 179.83761596679688
INFO:root:New lr: 0.0721270977413884
INFO:root:Avg. loss in the last 100 batches: 176.6299591064453
INFO:root:New lr: 0.07235536611939679
INFO:root:Avg. loss in the last 100 batches: 172.46351623535156
INFO:root:New lr: 0.07258307457992856
INFO:root:Avg. loss in the last 100 batches: 170.76925659179688
INFO:root:New lr: 0.07281021685938004
INFO:root:Avg. loss in the last 100 batches: 186.6688232421875
INFO:root:New lr: 0.0730367867097215
INFO:root:Avg. loss in the last 100 batches: 178.32345581054688
INFO:root:New lr: 0.07326277789866915
INFO:root:Avg. loss in the last 100 batches: 172.4955596923828
INFO:root:New lr: 0.07348818420985646
INFO:root:Avg. loss in the last 100 batches: 184.4095916748047
INFO:root:New lr: 0.07371299944300524
INFO:root:Avg. loss in the last 100 batches: 165.77386474609375
INFO:root:New lr: 0.07393721741409612
INFO:root:Avg. loss in the last 100 batches: 188.29171752929688
INFO:root:New lr: 0.07416083195553871
INFO:root:Avg. loss in the last 100 batches: 186.0697021484375
INFO:root:New lr: 0.07438383691634123
INFO:root:Avg. loss in the last 100 batches: 188.133056640625
INFO:root:New lr: 0.07460622616227969
INFO:root:Avg. loss in the last 100 batches: 173.02911376953125
INFO:root:New lr: 0.07482799357606668
INFO:root:Avg. loss in the last 100 batches: 190.4075164794922
INFO:root:New lr: 0.07504913305751952
INFO:root:Avg. loss in the last 100 batches: 186.82305908203125
INFO:root:New lr: 0.07526963852372826
INFO:root:Avg. loss of epoch 6: 177.2288360595703
INFO:root:Avg. testing loss: 0.21205024421215057
INFO:root:Starting epoch 7
INFO:root:Avg. loss in the last 100 batches: 173.3417510986328
INFO:root:New lr: 0.07548950390922278
INFO:root:Avg. loss in the last 100 batches: 165.25286865234375
INFO:root:New lr: 0.07570872316613979
INFO:root:Avg. loss in the last 100 batches: 170.3830108642578
INFO:root:New lr: 0.07592729026438912
INFO:root:Avg. loss in the last 100 batches: 153.6033172607422
INFO:root:New lr: 0.07614519919181957
INFO:root:Avg. loss in the last 100 batches: 170.8114776611328
INFO:root:New lr: 0.0763624439543844
INFO:root:Avg. loss in the last 100 batches: 189.8368682861328
INFO:root:New lr: 0.07657901857630608
INFO:root:Avg. loss in the last 100 batches: 182.02984619140625
INFO:root:New lr: 0.07679491710024072
INFO:root:Avg. loss in the last 100 batches: 186.88385009765625
INFO:root:New lr: 0.07701013358744196
INFO:root:Avg. loss in the last 100 batches: 174.92877197265625
INFO:root:New lr: 0.07722466211792428
INFO:root:Avg. loss in the last 100 batches: 168.99378967285156
INFO:root:New lr: 0.0774384967906259
INFO:root:Avg. loss in the last 100 batches: 167.6554412841797
INFO:root:New lr: 0.077651631723571
INFO:root:Avg. loss in the last 100 batches: 186.63604736328125
INFO:root:New lr: 0.0778640610540317
INFO:root:Avg. loss in the last 100 batches: 187.61294555664062
INFO:root:New lr: 0.07807577893868907
INFO:root:Avg. loss in the last 100 batches: 192.76470947265625
INFO:root:New lr: 0.07828677955379414
INFO:root:Avg. loss in the last 100 batches: 174.13514709472656
INFO:root:New lr: 0.07849705709532785
INFO:root:Avg. loss in the last 100 batches: 164.01849365234375
INFO:root:New lr: 0.07870660577916089
INFO:root:Avg. loss in the last 100 batches: 165.21981811523438
INFO:root:New lr: 0.07891541984121268
INFO:root:Avg. loss in the last 100 batches: 164.90164184570312
INFO:root:New lr: 0.07912349353760999
INFO:root:Avg. loss in the last 100 batches: 146.54522705078125
INFO:root:New lr: 0.07933082114484491
INFO:root:Avg. loss in the last 100 batches: 173.90792846679688
INFO:root:New lr: 0.07953739695993227
INFO:root:Avg. loss in the last 100 batches: 167.950927734375
INFO:root:New lr: 0.07974321530056658
INFO:root:Avg. loss in the last 100 batches: 192.8388671875
INFO:root:New lr: 0.07994827050527825
INFO:root:Avg. loss in the last 100 batches: 187.4729461669922
INFO:root:New lr: 0.0801525569335894
INFO:root:Avg. loss in the last 100 batches: 174.23377990722656
INFO:root:New lr: 0.08035606896616893
INFO:root:Avg. loss in the last 100 batches: 160.2731475830078
INFO:root:New lr: 0.08055880100498716
INFO:root:Avg. loss in the last 100 batches: 172.3017120361328
INFO:root:New lr: 0.08076074747346981
INFO:root:Avg. loss in the last 100 batches: 169.66964721679688
INFO:root:New lr: 0.08096190281665133
INFO:root:Avg. loss in the last 100 batches: 169.2271270751953
INFO:root:New lr: 0.08116226150132778
INFO:root:Avg. loss in the last 100 batches: 187.37844848632812
INFO:root:New lr: 0.08136181801620902
INFO:root:Avg. loss in the last 100 batches: 173.38113403320312
INFO:root:New lr: 0.08156056687207022
INFO:root:Avg. loss in the last 100 batches: 171.21229553222656
INFO:root:New lr: 0.08175850260190298
INFO:root:Avg. loss in the last 100 batches: 177.0092315673828
INFO:root:New lr: 0.08195561976106565
INFO:root:Avg. loss in the last 100 batches: 159.5839080810547
INFO:root:New lr: 0.08215191292743305
INFO:root:Avg. loss in the last 100 batches: 191.30923461914062
INFO:root:New lr: 0.08234737670154578
INFO:root:Avg. loss in the last 100 batches: 204.72515869140625
INFO:root:New lr: 0.08254200570675851
INFO:root:Avg. loss in the last 100 batches: 200.35986328125
INFO:root:New lr: 0.08273579458938807
INFO:root:Avg. loss in the last 100 batches: 204.8717498779297
INFO:root:New lr: 0.0829287380188606
INFO:root:Avg. loss in the last 100 batches: 193.04934692382812
INFO:root:New lr: 0.08312083068785825
INFO:root:Avg. loss in the last 100 batches: 182.1703643798828
INFO:root:New lr: 0.08331206731246514
INFO:root:Avg. loss in the last 100 batches: 171.70384216308594
INFO:root:New lr: 0.08350244263231267
INFO:root:Avg. loss in the last 100 batches: 185.0540008544922
INFO:root:New lr: 0.0836919514107243
INFO:root:Avg. loss in the last 100 batches: 183.5478057861328
INFO:root:New lr: 0.0838805884348595
INFO:root:Avg. loss in the last 100 batches: 188.8719482421875
INFO:root:New lr: 0.08406834851585723
INFO:root:Avg. loss in the last 100 batches: 206.17567443847656
INFO:root:New lr: 0.08425522648897862
INFO:root:Avg. loss in the last 100 batches: 155.7397003173828
INFO:root:New lr: 0.08444121721374905
INFO:root:Avg. loss in the last 100 batches: 184.09744262695312
INFO:root:New lr: 0.0846263155740995
INFO:root:Avg. loss in the last 100 batches: 192.5085906982422
INFO:root:New lr: 0.08481051647850736
INFO:root:Avg. loss in the last 100 batches: 165.60671997070312
INFO:root:New lr: 0.08499381486013646
INFO:root:Avg. loss in the last 100 batches: 164.89971923828125
INFO:root:New lr: 0.08517620567697642
INFO:root:Avg. loss in the last 100 batches: 168.28768920898438
INFO:root:New lr: 0.08535768391198134
INFO:root:Avg. loss in the last 100 batches: 194.1512451171875
INFO:root:New lr: 0.08553824457320786
INFO:root:Avg. loss in the last 100 batches: 180.81375122070312
INFO:root:New lr: 0.08571788269395235
INFO:root:Avg. loss in the last 100 batches: 177.121337890625
INFO:root:New lr: 0.08589659333288768
INFO:root:Avg. loss in the last 100 batches: 174.17835998535156
INFO:root:New lr: 0.08607437157419907
INFO:root:Avg. loss in the last 100 batches: 171.9647216796875
INFO:root:New lr: 0.08625121252771928
INFO:root:Avg. loss in the last 100 batches: 187.71707153320312
INFO:root:New lr: 0.08642711132906315
INFO:root:Avg. loss in the last 100 batches: 179.4860076904297
INFO:root:New lr: 0.08660206313976146
INFO:root:Avg. loss in the last 100 batches: 172.88597106933594
INFO:root:New lr: 0.08677606314739394
INFO:root:Avg. loss in the last 100 batches: 185.03411865234375
INFO:root:New lr: 0.08694910656572169
INFO:root:Avg. loss in the last 100 batches: 167.7234344482422
INFO:root:New lr: 0.08712118863481882
INFO:root:Avg. loss in the last 100 batches: 190.2909393310547
INFO:root:New lr: 0.0872923046212034
INFO:root:Avg. loss in the last 100 batches: 188.8357391357422
INFO:root:New lr: 0.08746244981796764
INFO:root:Avg. loss in the last 100 batches: 191.23870849609375
INFO:root:New lr: 0.08763161954490734
INFO:root:Avg. loss in the last 100 batches: 174.1590576171875
INFO:root:New lr: 0.08779980914865074
INFO:root:Avg. loss in the last 100 batches: 191.16233825683594
INFO:root:New lr: 0.0879670140027864
INFO:root:Avg. loss in the last 100 batches: 186.970947265625
INFO:root:New lr: 0.08813322950799052
INFO:root:Avg. loss of epoch 7: 178.5412139892578
INFO:root:Avg. testing loss: 0.2059149146080017
INFO:root:Starting epoch 8
INFO:root:Avg. loss in the last 100 batches: 174.8813018798828
INFO:root:New lr: 0.08829845109215342
INFO:root:Avg. loss in the last 100 batches: 166.0863800048828
INFO:root:New lr: 0.08846267421050534
INFO:root:Avg. loss in the last 100 batches: 173.64791870117188
INFO:root:New lr: 0.08862589434574143
INFO:root:Avg. loss in the last 100 batches: 154.656494140625
INFO:root:New lr: 0.08878810700814603
INFO:root:Avg. loss in the last 100 batches: 171.60708618164062
INFO:root:New lr: 0.08894930773571613
INFO:root:Avg. loss in the last 100 batches: 190.76104736328125
INFO:root:New lr: 0.08910949209428415
INFO:root:Avg. loss in the last 100 batches: 182.98008728027344
INFO:root:New lr: 0.08926865567763989
INFO:root:Avg. loss in the last 100 batches: 187.6593475341797
INFO:root:New lr: 0.08942679410765174
INFO:root:Avg. loss in the last 100 batches: 175.7996063232422
INFO:root:New lr: 0.0895839030343871
INFO:root:Avg. loss in the last 100 batches: 170.07725524902344
INFO:root:New lr: 0.08973997813623202
INFO:root:Avg. loss in the last 100 batches: 170.36007690429688
INFO:root:New lr: 0.08989501512001014
INFO:root:Avg. loss in the last 100 batches: 186.99107360839844
INFO:root:New lr: 0.09004900972110068
INFO:root:Avg. loss in the last 100 batches: 190.597900390625
INFO:root:New lr: 0.09020195770355587
INFO:root:Avg. loss in the last 100 batches: 194.61770629882812
INFO:root:New lr: 0.09035385486021733
INFO:root:Avg. loss in the last 100 batches: 174.2926788330078
INFO:root:New lr: 0.09050469701283193
INFO:root:Avg. loss in the last 100 batches: 164.3476104736328
INFO:root:New lr: 0.09065448001216662
INFO:root:Avg. loss in the last 100 batches: 165.9643096923828
INFO:root:New lr: 0.09080319973812265
INFO:root:Avg. loss in the last 100 batches: 166.54010009765625
INFO:root:New lr: 0.09095085209984881
INFO:root:Avg. loss in the last 100 batches: 147.21823120117188
INFO:root:New lr: 0.09109743303585403
INFO:root:Avg. loss in the last 100 batches: 174.54644775390625
INFO:root:New lr: 0.09124293851411909
INFO:root:Avg. loss in the last 100 batches: 168.96099853515625
INFO:root:New lr: 0.09138736453220747
INFO:root:Avg. loss in the last 100 batches: 195.28225708007812
INFO:root:New lr: 0.09153070711737553
INFO:root:Avg. loss in the last 100 batches: 187.69595336914062
INFO:root:New lr: 0.09167296232668173
INFO:root:Avg. loss in the last 100 batches: 175.80404663085938
INFO:root:New lr: 0.0918141262470951
INFO:root:Avg. loss in the last 100 batches: 160.43907165527344
INFO:root:New lr: 0.09195419499560291
INFO:root:Avg. loss in the last 100 batches: 173.48492431640625
INFO:root:New lr: 0.09209316471931743
INFO:root:Avg. loss in the last 100 batches: 170.87513732910156
INFO:root:New lr: 0.09223103159558194
INFO:root:Avg. loss in the last 100 batches: 170.33847045898438
INFO:root:New lr: 0.09236779183207587
INFO:root:Avg. loss in the last 100 batches: 188.6116180419922
INFO:root:New lr: 0.09250344166691916
INFO:root:Avg. loss in the last 100 batches: 175.0946807861328
INFO:root:New lr: 0.09263797736877565
INFO:root:Avg. loss in the last 100 batches: 172.36399841308594
INFO:root:New lr: 0.09277139523695578
INFO:root:Avg. loss in the last 100 batches: 178.16372680664062
INFO:root:New lr: 0.09290369160151839
INFO:root:Avg. loss in the last 100 batches: 160.59548950195312
INFO:root:New lr: 0.09303486282337166
INFO:root:Avg. loss in the last 100 batches: 193.718017578125
INFO:root:New lr: 0.09316490529437318
INFO:root:Avg. loss in the last 100 batches: 206.58648681640625
INFO:root:New lr: 0.09329381543742923
INFO:root:Avg. loss in the last 100 batches: 201.2825927734375
INFO:root:New lr: 0.0934215897065932
INFO:root:Avg. loss in the last 100 batches: 206.83384704589844
INFO:root:New lr: 0.09354822458716304
INFO:root:Avg. loss in the last 100 batches: 193.4778289794922
INFO:root:New lr: 0.09367371659577804
INFO:root:Avg. loss in the last 100 batches: 182.29750061035156
INFO:root:New lr: 0.09379806228051461
INFO:root:Avg. loss in the last 100 batches: 172.62326049804688
INFO:root:New lr: 0.0939212582209812
INFO:root:Avg. loss in the last 100 batches: 186.21104431152344
INFO:root:New lr: 0.09404330102841242
INFO:root:Avg. loss in the last 100 batches: 185.10379028320312
INFO:root:New lr: 0.09416418734576226
INFO:root:Avg. loss in the last 100 batches: 190.26173400878906
INFO:root:New lr: 0.0942839138477964
INFO:root:Avg. loss in the last 100 batches: 208.3651123046875
INFO:root:New lr: 0.09440247724118374
INFO:root:Avg. loss in the last 100 batches: 155.60061645507812
INFO:root:New lr: 0.09451987426458688
INFO:root:Avg. loss in the last 100 batches: 184.52944946289062
INFO:root:New lr: 0.09463610168875196
INFO:root:Avg. loss in the last 100 batches: 192.44070434570312
INFO:root:New lr: 0.0947511563165974
INFO:root:Avg. loss in the last 100 batches: 166.31683349609375
INFO:root:New lr: 0.09486503498330186
INFO:root:Avg. loss in the last 100 batches: 164.78573608398438
INFO:root:New lr: 0.09497773455639132
INFO:root:Avg. loss in the last 100 batches: 169.41429138183594
INFO:root:New lr: 0.09508925193582521
INFO:root:Avg. loss in the last 100 batches: 194.57704162597656
INFO:root:New lr: 0.09519958405408172
INFO:root:Avg. loss in the last 100 batches: 182.2032928466797
INFO:root:New lr: 0.09530872787624214
INFO:root:Avg. loss in the last 100 batches: 177.59886169433594
INFO:root:New lr: 0.0954166804000744
INFO:root:Avg. loss in the last 100 batches: 175.25796508789062
INFO:root:New lr: 0.09552343865611557
INFO:root:Avg. loss in the last 100 batches: 173.16790771484375
INFO:root:New lr: 0.0956289997077536
INFO:root:Avg. loss in the last 100 batches: 188.5819854736328
INFO:root:New lr: 0.0957333606513081
INFO:root:Avg. loss in the last 100 batches: 180.4830780029297
INFO:root:New lr: 0.09583651861611017
INFO:root:Avg. loss in the last 100 batches: 173.29248046875
INFO:root:New lr: 0.09593847076458144
INFO:root:Avg. loss in the last 100 batches: 185.4361114501953
INFO:root:New lr: 0.09603921429231199
INFO:root:Avg. loss in the last 100 batches: 168.9618682861328
INFO:root:New lr: 0.09613874642813765
INFO:root:Avg. loss in the last 100 batches: 191.50860595703125
INFO:root:New lr: 0.09623706443421612
INFO:root:Avg. loss in the last 100 batches: 190.53970336914062
INFO:root:New lr: 0.0963341656061023
INFO:root:Avg. loss in the last 100 batches: 193.26187133789062
INFO:root:New lr: 0.09643004727282274
INFO:root:Avg. loss in the last 100 batches: 174.81198120117188
INFO:root:New lr: 0.096524706796949
INFO:root:Avg. loss in the last 100 batches: 191.6925506591797
INFO:root:New lr: 0.09661814157467029
INFO:root:Avg. loss in the last 100 batches: 187.02932739257812
INFO:root:New lr: 0.09671034903586509
INFO:root:Avg. loss of epoch 8: 179.62762451171875
INFO:root:Avg. testing loss: 0.20177988708019257
INFO:root:Starting epoch 9
INFO:root:Avg. loss in the last 100 batches: 176.07408142089844
INFO:root:New lr: 0.09680132664417178
INFO:root:Avg. loss in the last 100 batches: 166.74964904785156
INFO:root:New lr: 0.09689107189705848
INFO:root:Avg. loss in the last 100 batches: 175.9095458984375
INFO:root:New lr: 0.09697958232589185
INFO:root:Avg. loss in the last 100 batches: 155.4059600830078
INFO:root:New lr: 0.09706685549600498
INFO:root:Avg. loss in the last 100 batches: 172.0536346435547
INFO:root:New lr: 0.09715288900676443
INFO:root:Avg. loss in the last 100 batches: 191.41897583007812
INFO:root:New lr: 0.09723768049163616
INFO:root:Avg. loss in the last 100 batches: 183.70713806152344
INFO:root:New lr: 0.09732122761825071
INFO:root:Avg. loss in the last 100 batches: 188.25860595703125
INFO:root:New lr: 0.09740352808846735
INFO:root:Avg. loss in the last 100 batches: 176.59744262695312
INFO:root:New lr: 0.09748457963843726
INFO:root:Avg. loss in the last 100 batches: 170.74620056152344
INFO:root:New lr: 0.0975643800386658
INFO:root:Avg. loss in the last 100 batches: 172.05921936035156
INFO:root:New lr: 0.09764292709407388
INFO:root:Avg. loss in the last 100 batches: 187.23736572265625
INFO:root:New lr: 0.0977202186440583
INFO:root:Avg. loss in the last 100 batches: 192.51641845703125
INFO:root:New lr: 0.09779625256255123
INFO:root:Avg. loss in the last 100 batches: 195.91513061523438
INFO:root:New lr: 0.09787102675807859
INFO:root:Avg. loss in the last 100 batches: 174.55230712890625
INFO:root:New lr: 0.09794453917381771
INFO:root:Avg. loss in the last 100 batches: 164.7191619873047
INFO:root:New lr: 0.09801678778765383
INFO:root:Avg. loss in the last 100 batches: 166.52891540527344
INFO:root:New lr: 0.09808777061223574
INFO:root:Avg. loss in the last 100 batches: 167.72511291503906
INFO:root:New lr: 0.09815748569503042
INFO:root:Avg. loss in the last 100 batches: 147.7055206298828
INFO:root:New lr: 0.09822593111837684
INFO:root:Avg. loss in the last 100 batches: 174.94268798828125
INFO:root:New lr: 0.09829310499953856
INFO:root:Avg. loss in the last 100 batches: 169.59695434570312
INFO:root:New lr: 0.09835900549075566
INFO:root:Avg. loss in the last 100 batches: 196.85891723632812
INFO:root:New lr: 0.09842363077929549
INFO:root:Avg. loss in the last 100 batches: 187.8465118408203
INFO:root:New lr: 0.09848697908750254
INFO:root:Avg. loss in the last 100 batches: 176.859130859375
INFO:root:New lr: 0.09854904867284738
INFO:root:Avg. loss in the last 100 batches: 160.76913452148438
INFO:root:New lr: 0.09860983782797453
INFO:root:Avg. loss in the last 100 batches: 174.21517944335938
INFO:root:New lr: 0.09866934488074948
INFO:root:Avg. loss in the last 100 batches: 171.59384155273438
INFO:root:New lr: 0.09872756819430466
INFO:root:Avg. loss in the last 100 batches: 171.05345153808594
INFO:root:New lr: 0.09878450616708444
INFO:root:Avg. loss in the last 100 batches: 189.3117218017578
INFO:root:New lr: 0.09884015723288923
INFO:root:Avg. loss in the last 100 batches: 176.28170776367188
INFO:root:New lr: 0.09889451986091857
INFO:root:Avg. loss in the last 100 batches: 172.955810546875
INFO:root:New lr: 0.09894759255581317
INFO:root:Avg. loss in the last 100 batches: 178.91989135742188
INFO:root:New lr: 0.09899937385769611
INFO:root:Avg. loss in the last 100 batches: 161.1339111328125
INFO:root:New lr: 0.09904986234221294
INFO:root:Avg. loss in the last 100 batches: 195.1122589111328
INFO:root:New lr: 0.09909905662057093
INFO:root:Avg. loss in the last 100 batches: 207.63723754882812
INFO:root:New lr: 0.09914695533957721
INFO:root:Avg. loss in the last 100 batches: 201.92782592773438
INFO:root:New lr: 0.09919355718167601
INFO:root:Avg. loss in the last 100 batches: 207.89801025390625
INFO:root:New lr: 0.09923886086498493
INFO:root:Avg. loss in the last 100 batches: 193.88796997070312
INFO:root:New lr: 0.09928286514333017
INFO:root:Avg. loss in the last 100 batches: 182.40264892578125
INFO:root:New lr: 0.0993255688062808
INFO:root:Avg. loss in the last 100 batches: 173.05429077148438
INFO:root:New lr: 0.09936697067918207
INFO:root:Avg. loss in the last 100 batches: 186.8494110107422
INFO:root:New lr: 0.09940706962318778
INFO:root:Avg. loss in the last 100 batches: 185.88980102539062
INFO:root:New lr: 0.09944586453529147
INFO:root:Avg. loss in the last 100 batches: 190.9947052001953
INFO:root:New lr: 0.09948335434835691
INFO:root:Avg. loss in the last 100 batches: 209.520751953125
INFO:root:New lr: 0.09951953803114734
INFO:root:Avg. loss in the last 100 batches: 155.65939331054688
INFO:root:New lr: 0.09955441458835389
INFO:root:Avg. loss in the last 100 batches: 184.75146484375
INFO:root:New lr: 0.09958798306062294
INFO:root:Avg. loss in the last 100 batches: 192.5070037841797
INFO:root:New lr: 0.09962024252458257
INFO:root:Avg. loss in the last 100 batches: 166.70761108398438
INFO:root:New lr: 0.09965119209286782
INFO:root:Avg. loss in the last 100 batches: 164.7621612548828
INFO:root:New lr: 0.09968083091414529
INFO:root:Avg. loss in the last 100 batches: 170.021240234375
INFO:root:New lr: 0.09970915817313634
INFO:root:Avg. loss in the last 100 batches: 194.79991149902344
INFO:root:New lr: 0.09973617309063973
INFO:root:Avg. loss in the last 100 batches: 182.9998016357422
INFO:root:New lr: 0.09976187492355289
INFO:root:Avg. loss in the last 100 batches: 177.90020751953125
INFO:root:New lr: 0.09978626296489246
INFO:root:Avg. loss in the last 100 batches: 175.73312377929688
INFO:root:New lr: 0.09980933654381369
INFO:root:Avg. loss in the last 100 batches: 173.82305908203125
INFO:root:New lr: 0.09983109502562888
INFO:root:Avg. loss in the last 100 batches: 189.02952575683594
INFO:root:New lr: 0.09985153781182489
INFO:root:Avg. loss in the last 100 batches: 180.98646545410156
INFO:root:New lr: 0.09987066434007957
INFO:root:Avg. loss in the last 100 batches: 173.56349182128906
INFO:root:New lr: 0.09988847408427724
INFO:root:Avg. loss in the last 100 batches: 185.6334991455078
INFO:root:New lr: 0.09990496655452315
INFO:root:Avg. loss in the last 100 batches: 169.46693420410156
INFO:root:New lr: 0.09992014129715696
INFO:root:Avg. loss in the last 100 batches: 191.99526977539062
INFO:root:New lr: 0.09993399789476519
INFO:root:Avg. loss in the last 100 batches: 191.2257843017578
INFO:root:New lr: 0.0999465359661928
INFO:root:Avg. loss in the last 100 batches: 194.0712432861328
INFO:root:New lr: 0.09995775516655354
INFO:root:Avg. loss in the last 100 batches: 175.0953826904297
INFO:root:New lr: 0.09996765518723956
INFO:root:Avg. loss in the last 100 batches: 191.9339141845703
INFO:root:New lr: 0.09997623575592979
INFO:root:Avg. loss in the last 100 batches: 187.09971618652344
INFO:root:New lr: 0.09998349663659752
INFO:root:Avg. loss of epoch 9: 180.2919464111328
INFO:root:Avg. testing loss: 0.20007939636707306
INFO:root:Starting epoch 10
INFO:root:Avg. loss in the last 100 batches: 176.57144165039062
INFO:root:New lr: 0.09998943762951683
INFO:root:Avg. loss in the last 100 batches: 167.03224182128906
INFO:root:New lr: 0.09999405857126813
INFO:root:Avg. loss in the last 100 batches: 176.77056884765625
INFO:root:New lr: 0.09999735933474262
INFO:root:Avg. loss in the last 100 batches: 155.6984405517578
INFO:root:New lr: 0.09999933982914581
INFO:root:Avg. loss in the last 100 batches: 172.2208709716797
INFO:root:New lr: 0.1
INFO:root:Avg. loss in the last 100 batches: 191.70948791503906
INFO:root:New lr: 0.09999987411274514
INFO:root:Avg. loss in the last 100 batches: 184.0076904296875
INFO:root:New lr: 0.09999949645161448
INFO:root:Avg. loss in the last 100 batches: 188.48696899414062
INFO:root:New lr: 0.09999886701850969
INFO:root:Avg. loss in the last 100 batches: 176.89476013183594
INFO:root:New lr: 0.09999798581660033
INFO:root:Avg. loss in the last 100 batches: 170.97866821289062
INFO:root:New lr: 0.09999685285032368
INFO:root:Avg. loss in the last 100 batches: 172.59222412109375
INFO:root:New lr: 0.09999546812538482
INFO:root:Avg. loss in the last 100 batches: 187.33827209472656
INFO:root:New lr: 0.09999383164875654
INFO:root:Avg. loss in the last 100 batches: 193.0692138671875
INFO:root:New lr: 0.09999194342867933
INFO:root:Avg. loss in the last 100 batches: 196.34239196777344
INFO:root:New lr: 0.09998980347466134
INFO:root:Avg. loss in the last 100 batches: 174.6576690673828
INFO:root:New lr: 0.09998741179747835
INFO:root:Avg. loss in the last 100 batches: 164.84788513183594
INFO:root:New lr: 0.09998476840917364
INFO:root:Avg. loss in the last 100 batches: 166.69203186035156
INFO:root:New lr: 0.09998187332305807
INFO:root:Avg. loss in the last 100 batches: 168.08705139160156
INFO:root:New lr: 0.09997872655370982
INFO:root:Avg. loss in the last 100 batches: 147.86160278320312
INFO:root:New lr: 0.09997532811697452
INFO:root:Avg. loss in the last 100 batches: 175.0485076904297
INFO:root:New lr: 0.09997167802996501
INFO:root:Avg. loss in the last 100 batches: 169.75282287597656
INFO:root:New lr: 0.09996777631106135
INFO:root:Avg. loss in the last 100 batches: 197.23611450195312
INFO:root:New lr: 0.09996362297991068
INFO:root:Avg. loss in the last 100 batches: 187.8992919921875
INFO:root:New lr: 0.09995921805742716
INFO:root:Avg. loss in the last 100 batches: 177.09814453125
INFO:root:New lr: 0.0999545615657918
INFO:root:Avg. loss in the last 100 batches: 160.86697387695312
INFO:root:New lr: 0.09994965352845243
INFO:root:Avg. loss in the last 100 batches: 174.3746795654297
INFO:root:New lr: 0.09994449397012352
INFO:root:Avg. loss in the last 100 batches: 171.7347869873047
INFO:root:New lr: 0.09993908291678606
INFO:root:Avg. loss in the last 100 batches: 171.1844482421875
INFO:root:New lr: 0.09993342039568748
INFO:root:Avg. loss in the last 100 batches: 189.43771362304688
INFO:root:New lr: 0.09992750643534147
INFO:root:Avg. loss in the last 100 batches: 176.50840759277344
INFO:root:New lr: 0.09992134106552783
INFO:root:Avg. loss in the last 100 batches: 173.05435180664062
INFO:root:New lr: 0.09991492431729235
INFO:root:Avg. loss in the last 100 batches: 179.04989624023438
INFO:root:New lr: 0.0999082562229466
INFO:root:Avg. loss in the last 100 batches: 161.20721435546875
INFO:root:New lr: 0.0999013368160679
INFO:root:Avg. loss in the last 100 batches: 195.31570434570312
INFO:root:New lr: 0.09989416613149894
INFO:root:Avg. loss in the last 100 batches: 207.78175354003906
INFO:root:New lr: 0.0998867442053478
INFO:root:Avg. loss in the last 100 batches: 202.01931762695312
INFO:root:New lr: 0.09987907107498767
INFO:root:Avg. loss in the last 100 batches: 208.02554321289062
INFO:root:New lr: 0.09987114677905666
INFO:root:Avg. loss in the last 100 batches: 193.95562744140625
INFO:root:New lr: 0.09986297135745764
INFO:root:Avg. loss in the last 100 batches: 182.42356872558594
INFO:root:New lr: 0.09985454485135806
INFO:root:Avg. loss in the last 100 batches: 173.0897674560547
INFO:root:New lr: 0.09984586730318966
INFO:root:Avg. loss in the last 100 batches: 186.90753173828125
INFO:root:New lr: 0.09983693875664831
INFO:root:Avg. loss in the last 100 batches: 185.95858764648438
INFO:root:New lr: 0.09982775925669383
INFO:root:Avg. loss in the last 100 batches: 191.03469848632812
INFO:root:New lr: 0.09981832884954966
INFO:root:Avg. loss in the last 100 batches: 209.58750915527344
INFO:root:New lr: 0.09980864758270273
INFO:root:Avg. loss in the last 100 batches: 155.67835998535156
INFO:root:New lr: 0.09979871550490317
INFO:root:Avg. loss in the last 100 batches: 184.7522735595703
INFO:root:New lr: 0.09978853266616401
INFO:root:Avg. loss in the last 100 batches: 192.51231384277344
INFO:root:New lr: 0.09977809911776109
INFO:root:Avg. loss in the last 100 batches: 166.7160186767578
INFO:root:New lr: 0.09976741491223264
INFO:root:Avg. loss in the last 100 batches: 164.75880432128906
INFO:root:New lr: 0.09975648010337905
INFO:root:Avg. loss in the last 100 batches: 170.02940368652344
INFO:root:New lr: 0.0997452947462627
INFO:root:Avg. loss in the last 100 batches: 194.8083953857422
INFO:root:New lr: 0.0997338588972076
INFO:root:Avg. loss in the last 100 batches: 182.99974060058594
INFO:root:New lr: 0.09972217261379902
INFO:root:Avg. loss in the last 100 batches: 177.90432739257812
INFO:root:New lr: 0.09971023595488339
INFO:root:Avg. loss in the last 100 batches: 175.7217559814453
INFO:root:New lr: 0.0996980489805679
INFO:root:Avg. loss in the last 100 batches: 173.80105590820312
INFO:root:New lr: 0.09968561175222017
INFO:root:Avg. loss in the last 100 batches: 189.0116424560547
INFO:root:New lr: 0.09967292433246797
INFO:root:Avg. loss in the last 100 batches: 180.9647216796875
INFO:root:New lr: 0.09965998678519895
INFO:root:Avg. loss in the last 100 batches: 173.56695556640625
INFO:root:New lr: 0.09964679917556027
INFO:root:Avg. loss in the last 100 batches: 185.62315368652344
INFO:root:New lr: 0.09963336156995826
INFO:root:Avg. loss in the last 100 batches: 169.41806030273438
INFO:root:New lr: 0.09961967403605816
INFO:root:Avg. loss in the last 100 batches: 191.95074462890625
INFO:root:New lr: 0.09960573664278365
INFO:root:Avg. loss in the last 100 batches: 191.16189575195312
INFO:root:New lr: 0.09959154946031659
INFO:root:Avg. loss in the last 100 batches: 193.9847869873047
INFO:root:New lr: 0.09957711256009676
INFO:root:Avg. loss in the last 100 batches: 175.06060791015625
INFO:root:New lr: 0.09956242601482128
INFO:root:Avg. loss in the last 100 batches: 191.90452575683594
INFO:root:New lr: 0.09954748989844439
INFO:root:Avg. loss in the last 100 batches: 187.0835723876953
INFO:root:New lr: 0.09953230428617707
INFO:root:Avg. loss of epoch 10: 180.42201232910156
INFO:root:Avg. testing loss: 0.20024502277374268
